2019-11-25 15:03:23,265 [main] INFO  [c.u.j.c.EnableEncryptablePropertiesBeanFactoryPostProcessor] EnableEncryptablePropertiesBeanFactoryPostProcessor.java:50 - Post-processing PropertySource instances
2019-11-25 15:03:23,398 [main] INFO  [c.u.j.EncryptablePropertySourceConverter] EncryptablePropertySourceConverter.java:38 - Converting PropertySource configurationProperties [org.springframework.boot.context.properties.source.ConfigurationPropertySourcesPropertySource] to AOP Proxy
2019-11-25 15:03:23,402 [main] INFO  [c.u.j.EncryptablePropertySourceConverter] EncryptablePropertySourceConverter.java:38 - Converting PropertySource bootstrap [org.springframework.core.env.MapPropertySource] to EncryptableMapPropertySourceWrapper
2019-11-25 15:03:23,403 [main] INFO  [c.u.j.EncryptablePropertySourceConverter] EncryptablePropertySourceConverter.java:38 - Converting PropertySource systemProperties [org.springframework.core.env.PropertiesPropertySource] to EncryptableMapPropertySourceWrapper
2019-11-25 15:03:23,403 [main] INFO  [c.u.j.EncryptablePropertySourceConverter] EncryptablePropertySourceConverter.java:38 - Converting PropertySource systemEnvironment [org.springframework.boot.env.SystemEnvironmentPropertySourceEnvironmentPostProcessor$OriginAwareSystemEnvironmentPropertySource] to EncryptableMapPropertySourceWrapper
2019-11-25 15:03:23,404 [main] INFO  [c.u.j.EncryptablePropertySourceConverter] EncryptablePropertySourceConverter.java:38 - Converting PropertySource random [org.springframework.boot.env.RandomValuePropertySource] to EncryptablePropertySourceWrapper
2019-11-25 15:03:23,404 [main] INFO  [c.u.j.EncryptablePropertySourceConverter] EncryptablePropertySourceConverter.java:38 - Converting PropertySource springCloudClientHostInfo [org.springframework.core.env.MapPropertySource] to EncryptableMapPropertySourceWrapper
2019-11-25 15:03:23,404 [main] INFO  [c.u.j.EncryptablePropertySourceConverter] EncryptablePropertySourceConverter.java:38 - Converting PropertySource applicationConfig: [classpath:/bootstrap.yml] [org.springframework.boot.env.OriginTrackedMapPropertySource] to EncryptableMapPropertySourceWrapper
2019-11-25 15:03:23,405 [main] INFO  [c.u.j.EncryptablePropertySourceConverter] EncryptablePropertySourceConverter.java:38 - Converting PropertySource defaultProperties [org.springframework.core.env.MapPropertySource] to EncryptableMapPropertySourceWrapper
2019-11-25 15:03:23,456 [main] INFO  [o.s.c.s.PostProcessorRegistrationDelegate$BeanPostProcessorChecker] PostProcessorRegistrationDelegate.java:330 - Bean 'org.springframework.cloud.autoconfigure.ConfigurationPropertiesRebinderAutoConfiguration' of type [org.springframework.cloud.autoconfigure.ConfigurationPropertiesRebinderAutoConfiguration$$EnhancerBySpringCGLIB$$7b943c4b] is not eligible for getting processed by all BeanPostProcessors (for example: not eligible for auto-proxying)
2019-11-25 15:03:23,506 [main] INFO  [c.u.j.filter.DefaultLazyPropertyFilter] DefaultLazyPropertyFilter.java:31 - Property Filter custom Bean not found with name 'encryptablePropertyFilter'. Initializing Default Property Filter
2019-11-25 15:03:23,520 [main] INFO  [c.u.j.resolver.DefaultLazyPropertyResolver] DefaultLazyPropertyResolver.java:31 - Property Resolver custom Bean not found with name 'encryptablePropertyResolver'. Initializing Default Property Resolver
2019-11-25 15:03:23,525 [main] INFO  [c.u.j.detector.DefaultLazyPropertyDetector] DefaultLazyPropertyDetector.java:30 - Property Detector custom Bean not found with name 'encryptablePropertyDetector'. Initializing Default Property Detector
2019-11-25 15:03:24,317 [main] INFO  [o.s.cloud.netflix.eureka.InstanceInfoFactory] InstanceInfoFactory.java:72 - Setting initial instance status as: STARTING
2019-11-25 15:03:24,495 [main] INFO  [com.netflix.discovery.DiscoveryClient] DiscoveryClient.java:365 - Initializing Eureka in region us-east-1
2019-11-25 15:03:25,579 [main] INFO  [c.n.discovery.provider.DiscoveryJerseyProvider] DiscoveryJerseyProvider.java:70 - Using JSON encoding codec LegacyJacksonJson
2019-11-25 15:03:25,579 [main] INFO  [c.n.discovery.provider.DiscoveryJerseyProvider] DiscoveryJerseyProvider.java:71 - Using JSON decoding codec LegacyJacksonJson
2019-11-25 15:03:25,797 [main] INFO  [c.n.discovery.provider.DiscoveryJerseyProvider] DiscoveryJerseyProvider.java:80 - Using XML encoding codec XStreamXml
2019-11-25 15:03:25,800 [main] INFO  [c.n.discovery.provider.DiscoveryJerseyProvider] DiscoveryJerseyProvider.java:81 - Using XML decoding codec XStreamXml
2019-11-25 15:03:26,224 [main] INFO  [c.n.d.shared.resolver.aws.ConfigClusterResolver] ConfigClusterResolver.java:43 - Resolving eureka endpoints via configuration
2019-11-25 15:03:26,424 [main] INFO  [com.netflix.discovery.DiscoveryClient] DiscoveryClient.java:976 - Disable delta property : false
2019-11-25 15:03:26,425 [main] INFO  [com.netflix.discovery.DiscoveryClient] DiscoveryClient.java:977 - Single vip registry refresh property : null
2019-11-25 15:03:26,425 [main] INFO  [com.netflix.discovery.DiscoveryClient] DiscoveryClient.java:978 - Force full registry fetch : false
2019-11-25 15:03:26,426 [main] INFO  [com.netflix.discovery.DiscoveryClient] DiscoveryClient.java:979 - Application is null : false
2019-11-25 15:03:26,426 [main] INFO  [com.netflix.discovery.DiscoveryClient] DiscoveryClient.java:980 - Registered Applications size is zero : true
2019-11-25 15:03:26,427 [main] INFO  [com.netflix.discovery.DiscoveryClient] DiscoveryClient.java:982 - Application version is -1: true
2019-11-25 15:03:26,427 [main] INFO  [com.netflix.discovery.DiscoveryClient] DiscoveryClient.java:1065 - Getting all instance registry info from the eureka server
2019-11-25 15:03:26,937 [main] INFO  [com.netflix.discovery.DiscoveryClient] DiscoveryClient.java:1074 - The response status is 200
2019-11-25 15:03:26,948 [main] INFO  [com.netflix.discovery.DiscoveryClient] DiscoveryClient.java:1335 - Not registering with Eureka server per configuration
2019-11-25 15:03:26,956 [main] INFO  [com.netflix.discovery.DiscoveryClient] DiscoveryClient.java:465 - Discovery Client initialized at timestamp 1574665406953 with initial instances count: 0
2019-11-25 15:03:27,036 [main] INFO  [o.s.c.n.e.serviceregistry.EurekaServiceRegistry] EurekaServiceRegistry.java:41 - Registering application ADMIN with eureka with status UP
2019-11-25 15:03:27,049 [main] WARN  [o.s.c.c.c.DiscoveryClientConfigServiceBootstrapConfiguration] DiscoveryClientConfigServiceBootstrapConfiguration.java:137 - Could not locate configserver via discovery
java.lang.IllegalStateException: No instances found of configserver (config)
	at org.springframework.cloud.config.client.ConfigServerInstanceProvider.getConfigServerInstances(ConfigServerInstanceProvider.java:48)
	at org.springframework.cloud.config.client.DiscoveryClientConfigServiceBootstrapConfiguration.refresh(DiscoveryClientConfigServiceBootstrapConfiguration.java:101)
	at org.springframework.cloud.config.client.DiscoveryClientConfigServiceBootstrapConfiguration.startup(DiscoveryClientConfigServiceBootstrapConfiguration.java:87)
	at org.springframework.cloud.config.client.DiscoveryClientConfigServiceBootstrapConfiguration.onApplicationEvent(DiscoveryClientConfigServiceBootstrapConfiguration.java:79)
	at org.springframework.context.event.SimpleApplicationEventMulticaster.doInvokeListener(SimpleApplicationEventMulticaster.java:172)
	at org.springframework.context.event.SimpleApplicationEventMulticaster.invokeListener(SimpleApplicationEventMulticaster.java:165)
	at org.springframework.context.event.SimpleApplicationEventMulticaster.multicastEvent(SimpleApplicationEventMulticaster.java:139)
	at org.springframework.context.support.AbstractApplicationContext.publishEvent(AbstractApplicationContext.java:402)
	at org.springframework.context.support.AbstractApplicationContext.publishEvent(AbstractApplicationContext.java:359)
	at org.springframework.context.support.AbstractApplicationContext.finishRefresh(AbstractApplicationContext.java:896)
	at org.springframework.context.support.AbstractApplicationContext.refresh(AbstractApplicationContext.java:552)
	at org.springframework.boot.SpringApplication.refresh(SpringApplication.java:744)
	at org.springframework.boot.SpringApplication.refreshContext(SpringApplication.java:391)
	at org.springframework.boot.SpringApplication.run(SpringApplication.java:312)
	at org.springframework.boot.builder.SpringApplicationBuilder.run(SpringApplicationBuilder.java:140)
	at org.springframework.cloud.bootstrap.BootstrapApplicationListener.bootstrapServiceContext(BootstrapApplicationListener.java:203)
	at org.springframework.cloud.bootstrap.BootstrapApplicationListener.onApplicationEvent(BootstrapApplicationListener.java:114)
	at org.springframework.cloud.bootstrap.BootstrapApplicationListener.onApplicationEvent(BootstrapApplicationListener.java:71)
	at org.springframework.context.event.SimpleApplicationEventMulticaster.doInvokeListener(SimpleApplicationEventMulticaster.java:172)
	at org.springframework.context.event.SimpleApplicationEventMulticaster.invokeListener(SimpleApplicationEventMulticaster.java:165)
	at org.springframework.context.event.SimpleApplicationEventMulticaster.multicastEvent(SimpleApplicationEventMulticaster.java:139)
	at org.springframework.context.event.SimpleApplicationEventMulticaster.multicastEvent(SimpleApplicationEventMulticaster.java:127)
	at org.springframework.boot.context.event.EventPublishingRunListener.environmentPrepared(EventPublishingRunListener.java:76)
	at org.springframework.boot.SpringApplicationRunListeners.environmentPrepared(SpringApplicationRunListeners.java:53)
	at org.springframework.boot.SpringApplication.prepareEnvironment(SpringApplication.java:342)
	at org.springframework.boot.SpringApplication.run(SpringApplication.java:305)
	at org.springframework.boot.SpringApplication.run(SpringApplication.java:1215)
	at org.springframework.boot.SpringApplication.run(SpringApplication.java:1204)
	at com.zhupeng.AdminApplication.main(AdminApplication.java:17)
2019-11-25 15:03:49,384 [main] INFO  [o.s.c.c.client.ConfigServicePropertySourceLocator] ConfigServicePropertySourceLocator.java:207 - Fetching config from server at : http://10.12.14.163:9762/
2019-11-25 15:03:50,531 [main] INFO  [o.s.c.c.client.ConfigServicePropertySourceLocator] ConfigServicePropertySourceLocator.java:151 - Located environment: name=admin, profiles=[dev], label=null, version=null, state=null
2019-11-25 15:03:50,531 [main] INFO  [o.s.c.b.c.PropertySourceBootstrapConfiguration] PropertySourceBootstrapConfiguration.java:101 - Located property source: CompositePropertySource {name='configService', propertySources=[MapPropertySource {name='classpath:/config/admin-dev.yml'}, MapPropertySource {name='classpath:/config/application-dev.yml'}]}
2019-11-25 15:03:50,713 [main] INFO  [c.u.j.c.EnableEncryptablePropertiesConfiguration] EnableEncryptablePropertiesConfiguration.java:69 - Bootstraping jasypt-string-boot auto configuration in context: admin-1-1
2019-11-25 15:03:50,892 [main] INFO  [o.s.cloud.netflix.eureka.InstanceInfoFactory] InstanceInfoFactory.java:72 - Setting initial instance status as: STARTING
2019-11-25 15:03:50,901 [main] INFO  [com.netflix.discovery.DiscoveryClient] DiscoveryClient.java:365 - Initializing Eureka in region us-east-1
2019-11-25 15:03:50,917 [main] INFO  [c.n.discovery.provider.DiscoveryJerseyProvider] DiscoveryJerseyProvider.java:70 - Using JSON encoding codec LegacyJacksonJson
2019-11-25 15:03:50,917 [main] INFO  [c.n.discovery.provider.DiscoveryJerseyProvider] DiscoveryJerseyProvider.java:71 - Using JSON decoding codec LegacyJacksonJson
2019-11-25 15:03:50,918 [main] INFO  [c.n.discovery.provider.DiscoveryJerseyProvider] DiscoveryJerseyProvider.java:80 - Using XML encoding codec XStreamXml
2019-11-25 15:03:50,918 [main] INFO  [c.n.discovery.provider.DiscoveryJerseyProvider] DiscoveryJerseyProvider.java:81 - Using XML decoding codec XStreamXml
2019-11-25 15:03:50,995 [main] INFO  [c.n.d.shared.resolver.aws.ConfigClusterResolver] ConfigClusterResolver.java:43 - Resolving eureka endpoints via configuration
2019-11-25 15:03:50,996 [main] INFO  [com.netflix.discovery.DiscoveryClient] DiscoveryClient.java:976 - Disable delta property : false
2019-11-25 15:03:50,997 [main] INFO  [com.netflix.discovery.DiscoveryClient] DiscoveryClient.java:977 - Single vip registry refresh property : null
2019-11-25 15:03:50,997 [main] INFO  [com.netflix.discovery.DiscoveryClient] DiscoveryClient.java:978 - Force full registry fetch : false
2019-11-25 15:03:50,997 [main] INFO  [com.netflix.discovery.DiscoveryClient] DiscoveryClient.java:979 - Application is null : false
2019-11-25 15:03:50,998 [main] INFO  [com.netflix.discovery.DiscoveryClient] DiscoveryClient.java:980 - Registered Applications size is zero : true
2019-11-25 15:03:50,999 [main] INFO  [com.netflix.discovery.DiscoveryClient] DiscoveryClient.java:982 - Application version is -1: true
2019-11-25 15:03:50,999 [main] INFO  [com.netflix.discovery.DiscoveryClient] DiscoveryClient.java:1065 - Getting all instance registry info from the eureka server
2019-11-25 15:03:51,119 [main] INFO  [com.netflix.discovery.DiscoveryClient] DiscoveryClient.java:1074 - The response status is 200
2019-11-25 15:03:51,121 [main] INFO  [com.netflix.discovery.DiscoveryClient] DiscoveryClient.java:1288 - Starting heartbeat executor: renew interval is: 5
2019-11-25 15:03:51,126 [main] INFO  [com.netflix.discovery.InstanceInfoReplicator] InstanceInfoReplicator.java:60 - InstanceInfoReplicator onDemand update allowed rate per min is 4
2019-11-25 15:03:51,128 [main] INFO  [com.netflix.discovery.DiscoveryClient] DiscoveryClient.java:465 - Discovery Client initialized at timestamp 1574665431128 with initial instances count: 1
2019-11-25 15:03:52,896 [main] INFO  [o.s.a.rabbit.connection.CachingConnectionFactory] AbstractConnectionFactory.java:482 - Attempting to connect to: [localhost:5672]
2019-11-25 15:03:54,936 [main] INFO  [o.s.c.stream.messaging.DirectWithAttributesChannel] AbstractSubscribableChannel.java:64 - Channel 'admin-1.springCloudBusOutput' has 1 subscriber(s).
2019-11-25 15:03:54,952 [main] INFO  [o.s.c.n.e.serviceregistry.EurekaServiceRegistry] EurekaServiceRegistry.java:41 - Registering application ADMIN with eureka with status UP
2019-11-25 15:03:54,954 [main] INFO  [com.netflix.discovery.DiscoveryClient] DiscoveryClient.java:1323 - Saw local status change event StatusChangeEvent [timestamp=1574665434954, current=UP, previous=STARTING]
2019-11-25 15:03:55,009 [main] INFO  [o.s.c.s.b.r.p.RabbitExchangeQueueProvisioner] RabbitExchangeQueueProvisioner.java:168 - declaring queue for inbound: springCloudBus.anonymous.Yn0IcVbaSyOFDSfYk98ldg, bound to: springCloudBus
2019-11-25 15:03:55,009 [main] INFO  [o.s.a.rabbit.connection.CachingConnectionFactory] AbstractConnectionFactory.java:482 - Attempting to connect to: [localhost:5672]
2019-11-25 15:03:55,016 [DiscoveryClient-InstanceInfoReplicator-0] INFO  [com.netflix.discovery.DiscoveryClient] DiscoveryClient.java:844 - DiscoveryClient_ADMIN/AUTOBVT-SMVSLG2:admin:9764: registering service...
2019-11-25 15:03:55,071 [DiscoveryClient-InstanceInfoReplicator-0] INFO  [com.netflix.discovery.DiscoveryClient] DiscoveryClient.java:853 - DiscoveryClient_ADMIN/AUTOBVT-SMVSLG2:admin:9764 - registration status: 204
2019-11-25 15:03:57,012 [main] INFO  [o.s.a.rabbit.connection.CachingConnectionFactory] AbstractConnectionFactory.java:482 - Attempting to connect to: [localhost:5672]
2019-11-25 15:03:59,117 [main] INFO  [o.s.a.rabbit.connection.CachingConnectionFactory] AbstractConnectionFactory.java:482 - Attempting to connect to: [localhost:5672]
2019-11-25 15:04:01,168 [main] INFO  [o.s.integration.monitor.IntegrationMBeanExporter] IntegrationMBeanExporter.java:767 - Registering MessageChannel springCloudBus.anonymous.Yn0IcVbaSyOFDSfYk98ldg.errors
2019-11-25 15:04:01,304 [main] INFO  [o.s.cloud.stream.binder.BinderErrorChannel] AbstractSubscribableChannel.java:64 - Channel 'admin-1.springCloudBus.anonymous.Yn0IcVbaSyOFDSfYk98ldg.errors' has 1 subscriber(s).
2019-11-25 15:04:01,306 [main] INFO  [o.s.cloud.stream.binder.BinderErrorChannel] AbstractSubscribableChannel.java:64 - Channel 'admin-1.springCloudBus.anonymous.Yn0IcVbaSyOFDSfYk98ldg.errors' has 2 subscriber(s).
2019-11-25 15:04:01,318 [main] INFO  [o.s.a.rabbit.connection.CachingConnectionFactory] AbstractConnectionFactory.java:482 - Attempting to connect to: [localhost:5672]
2019-11-25 15:04:02,372 [reactor-http-nio-3] INFO  [d.c.boot.admin.server.services.StatusUpdater] StatusUpdater.java:127 - Couldn't retrieve status for Instance(id=c5db8ce1e431, version=0, registration=Registration(name=ADMIN, managementUrl=http://10.12.14.163:9764/actuator, healthUrl=http://10.12.14.163:9764/actuator/health, serviceUrl=http://10.12.14.163:9764/, source=discovery), registered=true, statusInfo=StatusInfo(status=UNKNOWN, details={}), statusTimestamp=2019-11-25T07:04:01.349Z, info=Info(values={}), endpoints=Endpoints(endpoints={health=Endpoint(id=health, url=http://10.12.14.163:9764/actuator/health)}), buildVersion=null, tags=Tags(values={}))
io.netty.channel.AbstractChannel$AnnotatedConnectException: Connection refused: no further information: /10.12.14.163:9764
Caused by: java.net.ConnectException: Connection refused: no further information
	at sun.nio.ch.SocketChannelImpl.checkConnect(Native Method)
	at sun.nio.ch.SocketChannelImpl.finishConnect(SocketChannelImpl.java:717)
	at io.netty.channel.socket.nio.NioSocketChannel.doFinishConnect(NioSocketChannel.java:327)
	at io.netty.channel.nio.AbstractNioChannel$AbstractNioUnsafe.finishConnect(AbstractNioChannel.java:336)
	at io.netty.channel.nio.NioEventLoop.processSelectedKey(NioEventLoop.java:685)
	at io.netty.channel.nio.NioEventLoop.processSelectedKeysOptimized(NioEventLoop.java:632)
	at io.netty.channel.nio.NioEventLoop.processSelectedKeys(NioEventLoop.java:549)
	at io.netty.channel.nio.NioEventLoop.run(NioEventLoop.java:511)
	at io.netty.util.concurrent.SingleThreadEventExecutor$5.run(SingleThreadEventExecutor.java:918)
	at io.netty.util.internal.ThreadExecutorMap$2.run(ThreadExecutorMap.java:74)
	at io.netty.util.concurrent.FastThreadLocalRunnable.run(FastThreadLocalRunnable.java:30)
	at java.lang.Thread.run(Thread.java:745)
2019-11-25 15:04:03,372 [main] INFO  [o.s.a.r.listener.SimpleMessageListenerContainer] AbstractMessageListenerContainer.java:1713 - Broker not available; cannot force queue declarations during start: java.net.ConnectException: Connection refused: connect
2019-11-25 15:04:03,407 [springCloudBus.anonymous.Yn0IcVbaSyOFDSfYk98ldg-1] INFO  [o.s.a.rabbit.connection.CachingConnectionFactory] AbstractConnectionFactory.java:482 - Attempting to connect to: [localhost:5672]
2019-11-25 15:04:05,410 [main] INFO  [o.s.i.amqp.inbound.AmqpInboundChannelAdapter] AbstractEndpoint.java:159 - started inbound.springCloudBus.anonymous.Yn0IcVbaSyOFDSfYk98ldg
2019-11-25 15:04:05,524 [main] INFO  [org.xnio] Xnio.java:104 - XNIO version 3.3.8.Final
2019-11-25 15:04:05,538 [main] INFO  [org.xnio.nio] NioXnio.java:55 - XNIO NIO Implementation Version 3.3.8.Final
2019-11-25 15:04:05,598 [main] INFO  [o.s.b.w.embedded.undertow.UndertowServletWebServer] UndertowServletWebServer.java:144 - Undertow started on port(s) 9764 (http) with context path ''
2019-11-25 15:04:05,599 [main] INFO  [o.s.c.n.e.s.EurekaAutoServiceRegistration] EurekaAutoServiceRegistration.java:145 - Updating port to 9764
2019-11-25 15:04:05,798 [main] INFO  [o.s.c.n.e.s.EurekaAutoServiceRegistration] EurekaAutoServiceRegistration.java:145 - Updating port to 9764
2019-11-25 15:04:05,800 [main] INFO  [com.zhupeng.AdminApplication] StartupInfoLogger.java:59 - Started AdminApplication in 46.28 seconds (JVM running for 49.732)
2019-11-25 15:04:05,808 [main] INFO  [com.zhupeng.AdminApplication] AdminApplication.java:18 - admin监控启动完成！
2019-11-25 15:04:10,548 [springCloudBus.anonymous.Yn0IcVbaSyOFDSfYk98ldg-1] WARN  [o.s.a.r.listener.SimpleMessageListenerContainer] SimpleMessageListenerContainer.java:1303 - Consumer raised exception, processing can restart if the connection factory supports it. Exception summary: org.springframework.amqp.AmqpConnectException: java.net.ConnectException: Connection refused: connect
2019-11-25 15:04:10,553 [springCloudBus.anonymous.Yn0IcVbaSyOFDSfYk98ldg-1] INFO  [o.s.a.r.listener.SimpleMessageListenerContainer] SimpleMessageListenerContainer.java:1282 - Restarting Consumer@14eaab92: tags=[[]], channel=null, acknowledgeMode=AUTO local queue size=0
2019-11-25 15:04:10,558 [springCloudBus.anonymous.Yn0IcVbaSyOFDSfYk98ldg-2] INFO  [o.s.a.rabbit.connection.CachingConnectionFactory] AbstractConnectionFactory.java:482 - Attempting to connect to: [localhost:5672]
2019-11-25 15:04:15,706 [XNIO-1 task-1] INFO  [io.undertow.servlet] ServletContextImpl.java:364 - Initializing Spring DispatcherServlet 'dispatcherServlet'
2019-11-25 15:04:15,706 [XNIO-1 task-1] INFO  [org.springframework.web.servlet.DispatcherServlet] FrameworkServlet.java:525 - Initializing Servlet 'dispatcherServlet'
2019-11-25 15:04:15,727 [XNIO-1 task-1] INFO  [org.springframework.web.servlet.DispatcherServlet] FrameworkServlet.java:547 - Completed initialization in 21 ms
2019-11-25 15:04:17,761 [springCloudBus.anonymous.Yn0IcVbaSyOFDSfYk98ldg-2] WARN  [o.s.a.r.listener.SimpleMessageListenerContainer] SimpleMessageListenerContainer.java:1303 - Consumer raised exception, processing can restart if the connection factory supports it. Exception summary: org.springframework.amqp.AmqpConnectException: java.net.ConnectException: Connection refused: connect
2019-11-25 15:04:17,762 [springCloudBus.anonymous.Yn0IcVbaSyOFDSfYk98ldg-2] INFO  [o.s.a.r.listener.SimpleMessageListenerContainer] SimpleMessageListenerContainer.java:1282 - Restarting Consumer@1ad6fff2: tags=[[]], channel=null, acknowledgeMode=AUTO local queue size=0
2019-11-25 15:04:17,768 [springCloudBus.anonymous.Yn0IcVbaSyOFDSfYk98ldg-3] INFO  [o.s.a.rabbit.connection.CachingConnectionFactory] AbstractConnectionFactory.java:482 - Attempting to connect to: [localhost:5672]
2019-11-25 15:04:18,399 [AsyncReporter{RabbitMQSender{addresses=[localhost:5672], queue=zipkin}}] WARN  [z.reporter.AsyncReporter$BoundedAsyncReporter] AsyncReporter.java:296 - Spans were dropped due to exceptions. All subsequent errors will be logged at FINE level.
2019-11-25 15:04:18,399 [AsyncReporter{RabbitMQSender{addresses=[localhost:5672], queue=zipkin}}] WARN  [z.reporter.AsyncReporter$BoundedAsyncReporter] AsyncReporter.java:303 - Dropped 2 spans due to RuntimeException(Unable to establish connection to RabbitMQ server)
java.lang.RuntimeException: Unable to establish connection to RabbitMQ server
	at zipkin2.reporter.amqp.RabbitMQSender.newConnection(RabbitMQSender.java:250)
	at zipkin2.reporter.amqp.RabbitMQSender.get(RabbitMQSender.java:239)
	at zipkin2.reporter.amqp.RabbitMQSender$1.initialValue(RabbitMQSender.java:270)
	at zipkin2.reporter.amqp.RabbitMQSender$1.initialValue(RabbitMQSender.java:267)
	at java.lang.ThreadLocal.setInitialValue(ThreadLocal.java:180)
	at java.lang.ThreadLocal.get(ThreadLocal.java:170)
	at zipkin2.reporter.amqp.RabbitMQSender$RabbitMQCall.publish(RabbitMQSender.java:290)
	at zipkin2.reporter.amqp.RabbitMQSender$RabbitMQCall.doExecute(RabbitMQSender.java:285)
	at zipkin2.reporter.amqp.RabbitMQSender$RabbitMQCall.doExecute(RabbitMQSender.java:277)
	at zipkin2.Call$Base.execute(Call.java:380)
	at zipkin2.reporter.AsyncReporter$BoundedAsyncReporter.flush(AsyncReporter.java:285)
	at zipkin2.reporter.AsyncReporter$Flusher.run(AsyncReporter.java:354)
	at java.lang.Thread.run(Thread.java:745)
Caused by: java.net.ConnectException: Connection refused: connect
	at java.net.DualStackPlainSocketImpl.waitForConnect(Native Method)
	at java.net.DualStackPlainSocketImpl.socketConnect(DualStackPlainSocketImpl.java:85)
	at java.net.AbstractPlainSocketImpl.doConnect(AbstractPlainSocketImpl.java:350)
	at java.net.AbstractPlainSocketImpl.connectToAddress(AbstractPlainSocketImpl.java:206)
	at java.net.AbstractPlainSocketImpl.connect(AbstractPlainSocketImpl.java:188)
	at java.net.PlainSocketImpl.connect(PlainSocketImpl.java:172)
	at java.net.SocksSocketImpl.connect(SocksSocketImpl.java:392)
	at java.net.Socket.connect(Socket.java:589)
	at com.rabbitmq.client.impl.SocketFrameHandlerFactory.create(SocketFrameHandlerFactory.java:60)
	at com.rabbitmq.client.ConnectionFactory.newConnection(ConnectionFactory.java:1102)
	at com.rabbitmq.client.ConnectionFactory.newConnection(ConnectionFactory.java:1054)
	at com.rabbitmq.client.ConnectionFactory.newConnection(ConnectionFactory.java:931)
	at zipkin2.reporter.amqp.RabbitMQSender.newConnection(RabbitMQSender.java:248)
	... 12 common frames omitted
2019-11-25 15:04:24,812 [springCloudBus.anonymous.Yn0IcVbaSyOFDSfYk98ldg-3] WARN  [o.s.a.r.listener.SimpleMessageListenerContainer] SimpleMessageListenerContainer.java:1303 - Consumer raised exception, processing can restart if the connection factory supports it. Exception summary: org.springframework.amqp.AmqpConnectException: java.net.ConnectException: Connection refused: connect
2019-11-25 15:04:24,813 [springCloudBus.anonymous.Yn0IcVbaSyOFDSfYk98ldg-3] INFO  [o.s.a.r.listener.SimpleMessageListenerContainer] SimpleMessageListenerContainer.java:1282 - Restarting Consumer@5e9c8c3d: tags=[[]], channel=null, acknowledgeMode=AUTO local queue size=0
2019-11-25 15:04:24,829 [springCloudBus.anonymous.Yn0IcVbaSyOFDSfYk98ldg-4] INFO  [o.s.a.rabbit.connection.CachingConnectionFactory] AbstractConnectionFactory.java:482 - Attempting to connect to: [localhost:5672]
2019-11-25 15:04:31,844 [springCloudBus.anonymous.Yn0IcVbaSyOFDSfYk98ldg-4] WARN  [o.s.a.r.listener.SimpleMessageListenerContainer] SimpleMessageListenerContainer.java:1303 - Consumer raised exception, processing can restart if the connection factory supports it. Exception summary: org.springframework.amqp.AmqpConnectException: java.net.ConnectException: Connection refused: connect
2019-11-25 15:04:31,846 [springCloudBus.anonymous.Yn0IcVbaSyOFDSfYk98ldg-4] INFO  [o.s.a.r.listener.SimpleMessageListenerContainer] SimpleMessageListenerContainer.java:1282 - Restarting Consumer@2458df41: tags=[[]], channel=null, acknowledgeMode=AUTO local queue size=0
2019-11-25 15:04:31,849 [springCloudBus.anonymous.Yn0IcVbaSyOFDSfYk98ldg-5] INFO  [o.s.a.rabbit.connection.CachingConnectionFactory] AbstractConnectionFactory.java:482 - Attempting to connect to: [localhost:5672]
2019-11-25 15:04:38,877 [springCloudBus.anonymous.Yn0IcVbaSyOFDSfYk98ldg-5] WARN  [o.s.a.r.listener.SimpleMessageListenerContainer] SimpleMessageListenerContainer.java:1303 - Consumer raised exception, processing can restart if the connection factory supports it. Exception summary: org.springframework.amqp.AmqpConnectException: java.net.ConnectException: Connection refused: connect
2019-11-25 15:04:38,878 [springCloudBus.anonymous.Yn0IcVbaSyOFDSfYk98ldg-5] INFO  [o.s.a.r.listener.SimpleMessageListenerContainer] SimpleMessageListenerContainer.java:1282 - Restarting Consumer@5d8cfa14: tags=[[]], channel=null, acknowledgeMode=AUTO local queue size=0
2019-11-25 15:04:38,880 [springCloudBus.anonymous.Yn0IcVbaSyOFDSfYk98ldg-6] INFO  [o.s.a.rabbit.connection.CachingConnectionFactory] AbstractConnectionFactory.java:482 - Attempting to connect to: [localhost:5672]
2019-11-25 15:04:45,888 [springCloudBus.anonymous.Yn0IcVbaSyOFDSfYk98ldg-6] WARN  [o.s.a.r.listener.SimpleMessageListenerContainer] SimpleMessageListenerContainer.java:1303 - Consumer raised exception, processing can restart if the connection factory supports it. Exception summary: org.springframework.amqp.AmqpConnectException: java.net.ConnectException: Connection refused: connect
2019-11-25 15:04:45,889 [springCloudBus.anonymous.Yn0IcVbaSyOFDSfYk98ldg-6] INFO  [o.s.a.r.listener.SimpleMessageListenerContainer] SimpleMessageListenerContainer.java:1282 - Restarting Consumer@5550d: tags=[[]], channel=null, acknowledgeMode=AUTO local queue size=0
2019-11-25 15:04:45,891 [springCloudBus.anonymous.Yn0IcVbaSyOFDSfYk98ldg-7] INFO  [o.s.a.rabbit.connection.CachingConnectionFactory] AbstractConnectionFactory.java:482 - Attempting to connect to: [localhost:5672]
2019-11-25 15:04:52,906 [springCloudBus.anonymous.Yn0IcVbaSyOFDSfYk98ldg-7] WARN  [o.s.a.r.listener.SimpleMessageListenerContainer] SimpleMessageListenerContainer.java:1303 - Consumer raised exception, processing can restart if the connection factory supports it. Exception summary: org.springframework.amqp.AmqpConnectException: java.net.ConnectException: Connection refused: connect
2019-11-25 15:04:52,906 [springCloudBus.anonymous.Yn0IcVbaSyOFDSfYk98ldg-7] INFO  [o.s.a.r.listener.SimpleMessageListenerContainer] SimpleMessageListenerContainer.java:1282 - Restarting Consumer@3557b3e5: tags=[[]], channel=null, acknowledgeMode=AUTO local queue size=0
2019-11-25 15:04:52,909 [springCloudBus.anonymous.Yn0IcVbaSyOFDSfYk98ldg-8] INFO  [o.s.a.rabbit.connection.CachingConnectionFactory] AbstractConnectionFactory.java:482 - Attempting to connect to: [localhost:5672]
2019-11-25 15:05:00,046 [springCloudBus.anonymous.Yn0IcVbaSyOFDSfYk98ldg-8] WARN  [o.s.a.r.listener.SimpleMessageListenerContainer] SimpleMessageListenerContainer.java:1303 - Consumer raised exception, processing can restart if the connection factory supports it. Exception summary: org.springframework.amqp.AmqpConnectException: java.net.ConnectException: Connection refused: connect
2019-11-25 15:05:00,047 [springCloudBus.anonymous.Yn0IcVbaSyOFDSfYk98ldg-8] INFO  [o.s.a.r.listener.SimpleMessageListenerContainer] SimpleMessageListenerContainer.java:1282 - Restarting Consumer@37e73dec: tags=[[]], channel=null, acknowledgeMode=AUTO local queue size=0
2019-11-25 15:05:00,065 [springCloudBus.anonymous.Yn0IcVbaSyOFDSfYk98ldg-9] INFO  [o.s.a.rabbit.connection.CachingConnectionFactory] AbstractConnectionFactory.java:482 - Attempting to connect to: [localhost:5672]
2019-11-25 15:05:02,255 [springCloudBus.anonymous.Yn0IcVbaSyOFDSfYk98ldg-9] INFO  [o.s.a.rabbit.connection.CachingConnectionFactory] AbstractConnectionFactory.java:517 - Created new connection: rabbitConnectionFactory#65b69ccb:13/SimpleConnection@139db1b3 [delegate=amqp://guest@0:0:0:0:0:0:0:1:5672/, localPort= 55289]
2019-11-25 15:05:02,268 [springCloudBus.anonymous.Yn0IcVbaSyOFDSfYk98ldg-9] INFO  [org.springframework.amqp.rabbit.core.RabbitAdmin] RabbitAdmin.java:591 - Auto-declaring a non-durable, auto-delete, or exclusive Queue (springCloudBus.anonymous.Yn0IcVbaSyOFDSfYk98ldg) durable:false, auto-delete:true, exclusive:true. It will be redeclared if the broker stops and is restarted while the connection factory is alive, but all messages will be lost.
2019-11-25 15:08:32,222 [DiscoveryClient-CacheRefreshExecutor-0] INFO  [d.c.b.a.s.c.discovery.InstanceDiscoveryListener] InstanceDiscoveryListener.java:120 - Instance 'dcb138addf0d' missing in DiscoveryClient services and will be removed.
2019-11-25 15:08:51,182 [AsyncResolver-bootstrap-executor-0] INFO  [c.n.d.shared.resolver.aws.ConfigClusterResolver] ConfigClusterResolver.java:43 - Resolving eureka endpoints via configuration
2019-11-25 15:13:51,189 [AsyncResolver-bootstrap-executor-0] INFO  [c.n.d.shared.resolver.aws.ConfigClusterResolver] ConfigClusterResolver.java:43 - Resolving eureka endpoints via configuration
2019-11-25 15:16:49,228 [reactor-http-nio-3] WARN  [reactor.netty.http.client.HttpClientConnect] Loggers.java:299 - [id: 0xf4b4d9bd, L:/10.12.14.163:55711 - R:/10.12.14.163:9763] The connection observed an error
io.netty.handler.timeout.ReadTimeoutException: null
2019-11-25 15:16:49,229 [reactor-http-nio-3] INFO  [d.c.boot.admin.server.services.StatusUpdater] StatusUpdater.java:127 - Couldn't retrieve status for Instance(id=87bdb35f0b2c, version=0, registration=Registration(name=MAIN-MOBILE, managementUrl=http://10.12.14.163:9763/actuator, healthUrl=http://10.12.14.163:9763/actuator/health, serviceUrl=http://10.12.14.163:9763/, source=discovery), registered=true, statusInfo=StatusInfo(status=UNKNOWN, details={}), statusTimestamp=2019-11-25T07:16:38.847Z, info=Info(values={}), endpoints=Endpoints(endpoints={health=Endpoint(id=health, url=http://10.12.14.163:9763/actuator/health)}), buildVersion=null, tags=Tags(values={}))
io.netty.handler.timeout.ReadTimeoutException: null
2019-11-25 15:16:54,614 [Thread-10] INFO  [o.s.c.n.e.serviceregistry.EurekaServiceRegistry] EurekaServiceRegistry.java:65 - Unregistering application ADMIN with eureka with status DOWN
2019-11-25 15:16:54,615 [Thread-10] WARN  [com.netflix.discovery.DiscoveryClient] DiscoveryClient.java:1321 - Saw local status change event StatusChangeEvent [timestamp=1574666214615, current=DOWN, previous=UP]
2019-11-25 15:16:54,616 [DiscoveryClient-InstanceInfoReplicator-0] INFO  [com.netflix.discovery.DiscoveryClient] DiscoveryClient.java:844 - DiscoveryClient_ADMIN/AUTOBVT-SMVSLG2:admin:9764: registering service...
2019-11-25 15:16:54,654 [DiscoveryClient-InstanceInfoReplicator-0] INFO  [com.netflix.discovery.DiscoveryClient] DiscoveryClient.java:853 - DiscoveryClient_ADMIN/AUTOBVT-SMVSLG2:admin:9764 - registration status: 204
2019-11-25 15:16:56,016 [Thread-10] INFO  [o.s.a.r.listener.SimpleMessageListenerContainer] SimpleMessageListenerContainer.java:591 - Waiting for workers to finish.
2019-11-25 15:16:56,565 [Thread-10] INFO  [o.s.a.r.listener.SimpleMessageListenerContainer] SimpleMessageListenerContainer.java:594 - Successfully waited for workers to finish.
2019-11-25 15:16:56,566 [Thread-10] INFO  [o.s.i.amqp.inbound.AmqpInboundChannelAdapter] AbstractEndpoint.java:176 - stopped inbound.springCloudBus.anonymous.Yn0IcVbaSyOFDSfYk98ldg
2019-11-25 15:16:56,570 [Thread-10] INFO  [o.s.cloud.stream.binder.BinderErrorChannel] AbstractSubscribableChannel.java:64 - Channel 'admin-1.springCloudBus.anonymous.Yn0IcVbaSyOFDSfYk98ldg.errors' has 1 subscriber(s).
2019-11-25 15:16:56,571 [Thread-10] INFO  [o.s.cloud.stream.binder.BinderErrorChannel] AbstractSubscribableChannel.java:64 - Channel 'admin-1.springCloudBus.anonymous.Yn0IcVbaSyOFDSfYk98ldg.errors' has 0 subscriber(s).
2019-11-25 15:16:56,668 [Thread-10] INFO  [o.s.integration.endpoint.EventDrivenConsumer] EventDrivenConsumer.java:107 - Removing {logging-channel-adapter:_org.springframework.integration.errorLogger} as a subscriber to the 'errorChannel' channel
2019-11-25 15:16:56,669 [Thread-10] INFO  [o.s.integration.channel.PublishSubscribeChannel] AbstractSubscribableChannel.java:64 - Channel 'admin-1.errorChannel' has 0 subscriber(s).
2019-11-25 15:16:56,669 [Thread-10] INFO  [o.s.integration.endpoint.EventDrivenConsumer] AbstractEndpoint.java:193 - stopped _org.springframework.integration.errorLogger
2019-11-25 15:16:59,633 [Thread-10] INFO  [o.s.scheduling.concurrent.ThreadPoolTaskExecutor] ExecutorConfigurationSupport.java:208 - Shutting down ExecutorService 'applicationTaskExecutor'
2019-11-25 15:16:59,668 [Thread-10] INFO  [o.s.scheduling.concurrent.ThreadPoolTaskScheduler] ExecutorConfigurationSupport.java:208 - Shutting down ExecutorService 'taskScheduler'
2019-11-25 15:17:00,530 [Thread-10] INFO  [o.s.integration.monitor.IntegrationMBeanExporter] IntegrationMBeanExporter.java:495 - Summary on shutdown: springCloudBusOutput
2019-11-25 15:17:00,530 [Thread-10] INFO  [o.s.integration.monitor.IntegrationMBeanExporter] IntegrationMBeanExporter.java:495 - Summary on shutdown: springCloudBus.anonymous.Yn0IcVbaSyOFDSfYk98ldg.errors
2019-11-25 15:17:00,531 [Thread-10] INFO  [o.s.integration.monitor.IntegrationMBeanExporter] IntegrationMBeanExporter.java:495 - Summary on shutdown: springCloudBusInput
2019-11-25 15:17:00,531 [Thread-10] INFO  [o.s.integration.monitor.IntegrationMBeanExporter] IntegrationMBeanExporter.java:495 - Summary on shutdown: errorChannel
2019-11-25 15:17:00,531 [Thread-10] INFO  [o.s.integration.monitor.IntegrationMBeanExporter] IntegrationMBeanExporter.java:495 - Summary on shutdown: nullChannel
2019-11-25 15:17:00,531 [Thread-10] INFO  [o.s.integration.monitor.IntegrationMBeanExporter] IntegrationMBeanExporter.java:498 - Summary on shutdown: _org.springframework.integration.errorLogger.handler
2019-11-25 15:17:00,532 [Thread-10] INFO  [o.s.integration.monitor.IntegrationMBeanExporter] IntegrationMBeanExporter.java:498 - Summary on shutdown: org.springframework.cloud.stream.binding.StreamListenerMessageHandler@40d73518
2019-11-25 15:17:00,533 [Thread-10] INFO  [com.netflix.discovery.DiscoveryClient] DiscoveryClient.java:906 - Shutting down DiscoveryClient ...
2019-11-25 15:17:03,546 [Thread-10] INFO  [com.netflix.discovery.DiscoveryClient] DiscoveryClient.java:940 - Unregistering ...
2019-11-25 15:17:03,561 [Thread-10] INFO  [com.netflix.discovery.DiscoveryClient] DiscoveryClient.java:942 - DiscoveryClient_ADMIN/AUTOBVT-SMVSLG2:admin:9764 - deregister  status: 200
2019-11-25 15:17:03,580 [Thread-10] INFO  [com.netflix.discovery.DiscoveryClient] DiscoveryClient.java:929 - Completed shut down of DiscoveryClient
2019-11-25 15:17:03,584 [Thread-10] INFO  [io.undertow.servlet] ServletContextImpl.java:364 - Destroying Spring FrameworkServlet 'dispatcherServlet'
2019-11-25 15:17:18,791 [main] INFO  [c.u.j.c.EnableEncryptablePropertiesBeanFactoryPostProcessor] EnableEncryptablePropertiesBeanFactoryPostProcessor.java:50 - Post-processing PropertySource instances
2019-11-25 15:17:19,714 [main] INFO  [c.u.j.EncryptablePropertySourceConverter] EncryptablePropertySourceConverter.java:38 - Converting PropertySource configurationProperties [org.springframework.boot.context.properties.source.ConfigurationPropertySourcesPropertySource] to AOP Proxy
2019-11-25 15:17:19,717 [main] INFO  [c.u.j.EncryptablePropertySourceConverter] EncryptablePropertySourceConverter.java:38 - Converting PropertySource bootstrap [org.springframework.core.env.MapPropertySource] to EncryptableMapPropertySourceWrapper
2019-11-25 15:17:19,718 [main] INFO  [c.u.j.EncryptablePropertySourceConverter] EncryptablePropertySourceConverter.java:38 - Converting PropertySource systemProperties [org.springframework.core.env.PropertiesPropertySource] to EncryptableMapPropertySourceWrapper
2019-11-25 15:17:19,719 [main] INFO  [c.u.j.EncryptablePropertySourceConverter] EncryptablePropertySourceConverter.java:38 - Converting PropertySource systemEnvironment [org.springframework.boot.env.SystemEnvironmentPropertySourceEnvironmentPostProcessor$OriginAwareSystemEnvironmentPropertySource] to EncryptableMapPropertySourceWrapper
2019-11-25 15:17:19,720 [main] INFO  [c.u.j.EncryptablePropertySourceConverter] EncryptablePropertySourceConverter.java:38 - Converting PropertySource random [org.springframework.boot.env.RandomValuePropertySource] to EncryptablePropertySourceWrapper
2019-11-25 15:17:19,721 [main] INFO  [c.u.j.EncryptablePropertySourceConverter] EncryptablePropertySourceConverter.java:38 - Converting PropertySource springCloudClientHostInfo [org.springframework.core.env.MapPropertySource] to EncryptableMapPropertySourceWrapper
2019-11-25 15:17:19,722 [main] INFO  [c.u.j.EncryptablePropertySourceConverter] EncryptablePropertySourceConverter.java:38 - Converting PropertySource applicationConfig: [classpath:/bootstrap.yml] [org.springframework.boot.env.OriginTrackedMapPropertySource] to EncryptableMapPropertySourceWrapper
2019-11-25 15:17:19,723 [main] INFO  [c.u.j.EncryptablePropertySourceConverter] EncryptablePropertySourceConverter.java:38 - Converting PropertySource defaultProperties [org.springframework.core.env.MapPropertySource] to EncryptableMapPropertySourceWrapper
2019-11-25 15:17:19,775 [main] INFO  [o.s.c.s.PostProcessorRegistrationDelegate$BeanPostProcessorChecker] PostProcessorRegistrationDelegate.java:330 - Bean 'org.springframework.cloud.autoconfigure.ConfigurationPropertiesRebinderAutoConfiguration' of type [org.springframework.cloud.autoconfigure.ConfigurationPropertiesRebinderAutoConfiguration$$EnhancerBySpringCGLIB$$7a9f86d6] is not eligible for getting processed by all BeanPostProcessors (for example: not eligible for auto-proxying)
2019-11-25 15:17:19,821 [main] INFO  [c.u.j.filter.DefaultLazyPropertyFilter] DefaultLazyPropertyFilter.java:31 - Property Filter custom Bean not found with name 'encryptablePropertyFilter'. Initializing Default Property Filter
2019-11-25 15:17:19,833 [main] INFO  [c.u.j.resolver.DefaultLazyPropertyResolver] DefaultLazyPropertyResolver.java:31 - Property Resolver custom Bean not found with name 'encryptablePropertyResolver'. Initializing Default Property Resolver
2019-11-25 15:17:19,844 [main] INFO  [c.u.j.detector.DefaultLazyPropertyDetector] DefaultLazyPropertyDetector.java:30 - Property Detector custom Bean not found with name 'encryptablePropertyDetector'. Initializing Default Property Detector
2019-11-25 15:17:20,445 [main] INFO  [o.s.cloud.netflix.eureka.InstanceInfoFactory] InstanceInfoFactory.java:72 - Setting initial instance status as: STARTING
2019-11-25 15:17:21,161 [main] INFO  [com.netflix.discovery.DiscoveryClient] DiscoveryClient.java:365 - Initializing Eureka in region us-east-1
2019-11-25 15:17:21,769 [main] INFO  [c.n.discovery.provider.DiscoveryJerseyProvider] DiscoveryJerseyProvider.java:70 - Using JSON encoding codec LegacyJacksonJson
2019-11-25 15:17:21,770 [main] INFO  [c.n.discovery.provider.DiscoveryJerseyProvider] DiscoveryJerseyProvider.java:71 - Using JSON decoding codec LegacyJacksonJson
2019-11-25 15:17:22,008 [main] INFO  [c.n.discovery.provider.DiscoveryJerseyProvider] DiscoveryJerseyProvider.java:80 - Using XML encoding codec XStreamXml
2019-11-25 15:17:22,009 [main] INFO  [c.n.discovery.provider.DiscoveryJerseyProvider] DiscoveryJerseyProvider.java:81 - Using XML decoding codec XStreamXml
2019-11-25 15:17:22,567 [main] INFO  [c.n.d.shared.resolver.aws.ConfigClusterResolver] ConfigClusterResolver.java:43 - Resolving eureka endpoints via configuration
2019-11-25 15:17:23,260 [main] INFO  [com.netflix.discovery.DiscoveryClient] DiscoveryClient.java:976 - Disable delta property : false
2019-11-25 15:17:23,260 [main] INFO  [com.netflix.discovery.DiscoveryClient] DiscoveryClient.java:977 - Single vip registry refresh property : null
2019-11-25 15:17:23,262 [main] INFO  [com.netflix.discovery.DiscoveryClient] DiscoveryClient.java:978 - Force full registry fetch : false
2019-11-25 15:17:23,262 [main] INFO  [com.netflix.discovery.DiscoveryClient] DiscoveryClient.java:979 - Application is null : false
2019-11-25 15:17:23,263 [main] INFO  [com.netflix.discovery.DiscoveryClient] DiscoveryClient.java:980 - Registered Applications size is zero : true
2019-11-25 15:17:23,266 [main] INFO  [com.netflix.discovery.DiscoveryClient] DiscoveryClient.java:982 - Application version is -1: true
2019-11-25 15:17:23,266 [main] INFO  [com.netflix.discovery.DiscoveryClient] DiscoveryClient.java:1065 - Getting all instance registry info from the eureka server
2019-11-25 15:17:23,858 [main] INFO  [com.netflix.discovery.DiscoveryClient] DiscoveryClient.java:1074 - The response status is 200
2019-11-25 15:17:23,864 [main] INFO  [com.netflix.discovery.DiscoveryClient] DiscoveryClient.java:1335 - Not registering with Eureka server per configuration
2019-11-25 15:17:23,874 [main] INFO  [com.netflix.discovery.DiscoveryClient] DiscoveryClient.java:465 - Discovery Client initialized at timestamp 1574666243870 with initial instances count: 5
2019-11-25 15:17:23,969 [main] INFO  [o.s.c.n.e.serviceregistry.EurekaServiceRegistry] EurekaServiceRegistry.java:41 - Registering application ADMIN with eureka with status UP
2019-11-25 15:17:24,949 [main] INFO  [c.u.j.c.EnableEncryptablePropertiesConfiguration] EnableEncryptablePropertiesConfiguration.java:69 - Bootstraping jasypt-string-boot auto configuration in context: admin-1
2019-11-25 15:17:24,950 [main] INFO  [com.zhupeng.AdminApplication] SpringApplication.java:648 - No active profile set, falling back to default profiles: default
2019-11-25 15:17:26,527 [main] WARN  [o.springframework.boot.actuate.endpoint.EndpointId] EndpointId.java:131 - Endpoint ID 'bus-env' contains invalid characters, please migrate to a valid format.
2019-11-25 15:17:27,089 [main] WARN  [o.springframework.boot.actuate.endpoint.EndpointId] EndpointId.java:131 - Endpoint ID 'bus-refresh' contains invalid characters, please migrate to a valid format.
2019-11-25 15:17:27,145 [main] WARN  [o.springframework.boot.actuate.endpoint.EndpointId] EndpointId.java:131 - Endpoint ID 'service-registry' contains invalid characters, please migrate to a valid format.
2019-11-25 15:17:27,932 [main] INFO  [o.springframework.cloud.context.scope.GenericScope] GenericScope.java:295 - BeanFactory id=2407bb81-895a-34de-a67b-91eb414e8f9a
2019-11-25 15:17:27,958 [main] INFO  [c.u.j.c.EnableEncryptablePropertiesBeanFactoryPostProcessor] EnableEncryptablePropertiesBeanFactoryPostProcessor.java:50 - Post-processing PropertySource instances
2019-11-25 15:17:27,994 [main] INFO  [c.u.j.EncryptablePropertySourceConverter] EncryptablePropertySourceConverter.java:38 - Converting PropertySource bootstrapProperties [org.springframework.core.env.CompositePropertySource] to EncryptableEnumerablePropertySourceWrapper
2019-11-25 15:17:27,995 [main] INFO  [c.u.j.EncryptablePropertySourceConverter] EncryptablePropertySourceConverter.java:38 - Converting PropertySource configurationProperties [org.springframework.boot.context.properties.source.ConfigurationPropertySourcesPropertySource] to AOP Proxy
2019-11-25 15:17:27,995 [main] INFO  [c.u.j.EncryptablePropertySourceConverter] EncryptablePropertySourceConverter.java:38 - Converting PropertySource servletConfigInitParams [org.springframework.core.env.PropertySource$StubPropertySource] to EncryptablePropertySourceWrapper
2019-11-25 15:17:27,995 [main] INFO  [c.u.j.EncryptablePropertySourceConverter] EncryptablePropertySourceConverter.java:38 - Converting PropertySource servletContextInitParams [org.springframework.core.env.PropertySource$StubPropertySource] to EncryptablePropertySourceWrapper
2019-11-25 15:17:27,996 [main] INFO  [c.u.j.EncryptablePropertySourceConverter] EncryptablePropertySourceConverter.java:38 - Converting PropertySource systemProperties [org.springframework.core.env.PropertiesPropertySource] to EncryptableMapPropertySourceWrapper
2019-11-25 15:17:27,996 [main] INFO  [c.u.j.EncryptablePropertySourceConverter] EncryptablePropertySourceConverter.java:38 - Converting PropertySource systemEnvironment [org.springframework.boot.env.SystemEnvironmentPropertySourceEnvironmentPostProcessor$OriginAwareSystemEnvironmentPropertySource] to EncryptableMapPropertySourceWrapper
2019-11-25 15:17:27,997 [main] INFO  [c.u.j.EncryptablePropertySourceConverter] EncryptablePropertySourceConverter.java:38 - Converting PropertySource random [org.springframework.boot.env.RandomValuePropertySource] to EncryptablePropertySourceWrapper
2019-11-25 15:17:27,997 [main] INFO  [c.u.j.EncryptablePropertySourceConverter] EncryptablePropertySourceConverter.java:38 - Converting PropertySource springCloudClientHostInfo [org.springframework.core.env.MapPropertySource] to EncryptableMapPropertySourceWrapper
2019-11-25 15:17:27,997 [main] INFO  [c.u.j.EncryptablePropertySourceConverter] EncryptablePropertySourceConverter.java:38 - Converting PropertySource defaultProperties [org.springframework.core.env.MapPropertySource] to EncryptableMapPropertySourceWrapper
2019-11-25 15:17:28,010 [main] INFO  [o.s.i.c.DefaultConfiguringBeanFactoryPostProcessor] DefaultConfiguringBeanFactoryPostProcessor.java:193 - No bean named 'errorChannel' has been explicitly defined. Therefore, a default PublishSubscribeChannel will be created.
2019-11-25 15:17:28,021 [main] INFO  [o.s.i.c.DefaultConfiguringBeanFactoryPostProcessor] DefaultConfiguringBeanFactoryPostProcessor.java:280 - No bean named 'taskScheduler' has been explicitly defined. Therefore, a default ThreadPoolTaskScheduler will be created.
2019-11-25 15:17:28,031 [main] INFO  [o.s.i.c.DefaultConfiguringBeanFactoryPostProcessor] DefaultConfiguringBeanFactoryPostProcessor.java:431 - No bean named 'integrationHeaderChannelRegistry' has been explicitly defined. Therefore, a default DefaultHeaderChannelRegistry will be created.
2019-11-25 15:17:28,065 [main] INFO  [c.u.j.filter.DefaultLazyPropertyFilter] DefaultLazyPropertyFilter.java:31 - Property Filter custom Bean not found with name 'encryptablePropertyFilter'. Initializing Default Property Filter
2019-11-25 15:17:28,573 [main] INFO  [o.s.c.s.PostProcessorRegistrationDelegate$BeanPostProcessorChecker] PostProcessorRegistrationDelegate.java:330 - Bean 'integrationDisposableAutoCreatedBeans' of type [org.springframework.integration.config.annotation.Disposables] is not eligible for getting processed by all BeanPostProcessors (for example: not eligible for auto-proxying)
2019-11-25 15:17:28,686 [main] INFO  [o.s.c.s.PostProcessorRegistrationDelegate$BeanPostProcessorChecker] PostProcessorRegistrationDelegate.java:330 - Bean 'org.springframework.integration.config.IntegrationManagementConfiguration' of type [org.springframework.integration.config.IntegrationManagementConfiguration$$EnhancerBySpringCGLIB$$c9773f08] is not eligible for getting processed by all BeanPostProcessors (for example: not eligible for auto-proxying)
2019-11-25 15:17:28,725 [main] INFO  [o.s.c.s.PostProcessorRegistrationDelegate$BeanPostProcessorChecker] PostProcessorRegistrationDelegate.java:330 - Bean 'org.springframework.boot.autoconfigure.integration.IntegrationAutoConfiguration$IntegrationJmxConfiguration' of type [org.springframework.boot.autoconfigure.integration.IntegrationAutoConfiguration$IntegrationJmxConfiguration$$EnhancerBySpringCGLIB$$a5094a28] is not eligible for getting processed by all BeanPostProcessors (for example: not eligible for auto-proxying)
2019-11-25 15:17:28,751 [main] INFO  [o.s.c.s.PostProcessorRegistrationDelegate$BeanPostProcessorChecker] PostProcessorRegistrationDelegate.java:330 - Bean 'org.springframework.boot.autoconfigure.jmx.JmxAutoConfiguration' of type [org.springframework.boot.autoconfigure.jmx.JmxAutoConfiguration$$EnhancerBySpringCGLIB$$ddf0f2f5] is not eligible for getting processed by all BeanPostProcessors (for example: not eligible for auto-proxying)
2019-11-25 15:17:28,775 [main] INFO  [o.s.c.s.PostProcessorRegistrationDelegate$BeanPostProcessorChecker] PostProcessorRegistrationDelegate.java:330 - Bean 'mbeanServer' of type [com.sun.jmx.mbeanserver.JmxMBeanServer] is not eligible for getting processed by all BeanPostProcessors (for example: not eligible for auto-proxying)
2019-11-25 15:17:28,847 [main] INFO  [o.s.c.s.PostProcessorRegistrationDelegate$BeanPostProcessorChecker] PostProcessorRegistrationDelegate.java:330 - Bean 'org.springframework.cloud.autoconfigure.ConfigurationPropertiesRebinderAutoConfiguration' of type [org.springframework.cloud.autoconfigure.ConfigurationPropertiesRebinderAutoConfiguration$$EnhancerBySpringCGLIB$$7a9f86d6] is not eligible for getting processed by all BeanPostProcessors (for example: not eligible for auto-proxying)
2019-11-25 15:17:28,856 [main] INFO  [o.s.c.s.PostProcessorRegistrationDelegate$BeanPostProcessorChecker] PostProcessorRegistrationDelegate.java:330 - Bean 'org.springframework.cloud.sleuth.instrument.web.client.TraceWebClientAutoConfiguration$NettyConfiguration' of type [org.springframework.cloud.sleuth.instrument.web.client.TraceWebClientAutoConfiguration$NettyConfiguration$$EnhancerBySpringCGLIB$$5d1bae5c] is not eligible for getting processed by all BeanPostProcessors (for example: not eligible for auto-proxying)
2019-11-25 15:17:30,234 [main] WARN  [io.undertow.websockets.jsr] Bootstrap.java:68 - UT026010: Buffer pool was not set on WebSocketDeploymentInfo, the default pool will be used
2019-11-25 15:17:30,352 [main] INFO  [io.undertow.servlet] ServletContextImpl.java:364 - Initializing Spring embedded WebApplicationContext
2019-11-25 15:17:30,353 [main] INFO  [org.springframework.web.context.ContextLoader] ServletWebServerApplicationContext.java:284 - Root WebApplicationContext: initialization completed in 5381 ms
2019-11-25 15:17:30,659 [main] WARN  [com.netflix.config.sources.URLConfigurationSource] URLConfigurationSource.java:121 - No URLs will be polled as dynamic configuration sources.
2019-11-25 15:17:30,660 [main] INFO  [com.netflix.config.sources.URLConfigurationSource] URLConfigurationSource.java:122 - To enable URLs as dynamic configuration sources, define System property archaius.configurationSource.additionalUrls or make config.properties available on classpath.
2019-11-25 15:17:30,681 [main] INFO  [com.netflix.config.DynamicPropertyFactory] DynamicPropertyFactory.java:281 - DynamicPropertyFactory is initialized with configuration sources: com.netflix.config.ConcurrentCompositeConfiguration@1e2c0292
2019-11-25 15:17:30,735 [main] INFO  [c.u.j.resolver.DefaultLazyPropertyResolver] DefaultLazyPropertyResolver.java:31 - Property Resolver custom Bean not found with name 'encryptablePropertyResolver'. Initializing Default Property Resolver
2019-11-25 15:17:30,736 [main] INFO  [c.u.j.detector.DefaultLazyPropertyDetector] DefaultLazyPropertyDetector.java:30 - Property Detector custom Bean not found with name 'encryptablePropertyDetector'. Initializing Default Property Detector
2019-11-25 15:17:32,643 [main] INFO  [o.s.scheduling.concurrent.ThreadPoolTaskScheduler] ExecutorConfigurationSupport.java:171 - Initializing ExecutorService 'taskScheduler'
2019-11-25 15:17:33,853 [main] INFO  [o.s.b.a.endpoint.web.ServletEndpointRegistrar] ServletEndpointRegistrar.java:74 - Registered '/actuator/jolokia' to jolokia-actuator-endpoint
2019-11-25 15:17:34,273 [main] WARN  [org.springframework.security.core.userdetails.User] User.java:334 - User.withDefaultPasswordEncoder() is considered unsafe for production and is only intended for sample applications.
2019-11-25 15:17:34,570 [main] INFO  [o.s.security.web.DefaultSecurityFilterChain] DefaultSecurityFilterChain.java:43 - Creating filter chain: any request, [org.springframework.security.web.context.request.async.WebAsyncManagerIntegrationFilter@c725dfa, org.springframework.security.web.context.SecurityContextPersistenceFilter@45398bb0, org.springframework.security.web.header.HeaderWriterFilter@480d3c40, org.springframework.security.web.csrf.CsrfFilter@2f154d9b, org.springframework.security.web.authentication.logout.LogoutFilter@7786c2e0, org.springframework.security.web.authentication.UsernamePasswordAuthenticationFilter@15f3f9cf, org.springframework.security.web.authentication.www.BasicAuthenticationFilter@3509f32d, org.springframework.security.web.savedrequest.RequestCacheAwareFilter@6888a33, org.springframework.security.web.servletapi.SecurityContextHolderAwareRequestFilter@54351197, org.springframework.security.web.authentication.AnonymousAuthenticationFilter@3a8cc099, org.springframework.security.web.session.SessionManagementFilter@206a465f, org.springframework.security.web.access.ExceptionTranslationFilter@12544a50, org.springframework.security.web.access.intercept.FilterSecurityInterceptor@3619bc9e]
2019-11-25 15:17:34,611 [main] WARN  [com.netflix.config.sources.URLConfigurationSource] URLConfigurationSource.java:121 - No URLs will be polled as dynamic configuration sources.
2019-11-25 15:17:34,612 [main] INFO  [com.netflix.config.sources.URLConfigurationSource] URLConfigurationSource.java:122 - To enable URLs as dynamic configuration sources, define System property archaius.configurationSource.additionalUrls or make config.properties available on classpath.
2019-11-25 15:17:35,018 [main] INFO  [o.s.scheduling.concurrent.ThreadPoolTaskExecutor] ExecutorConfigurationSupport.java:171 - Initializing ExecutorService 'applicationTaskExecutor'
2019-11-25 15:17:35,960 [main] WARN  [o.s.b.a.t.ThymeleafAutoConfiguration$DefaultTemplateResolverConfiguration] ThymeleafAutoConfiguration.java:107 - Cannot find template location: classpath:/templates/ (please add some templates or check your Thymeleaf configuration)
2019-11-25 15:17:39,255 [main] INFO  [com.netflix.discovery.DiscoveryClient] DiscoveryClient.java:906 - Shutting down DiscoveryClient ...
2019-11-25 15:17:39,283 [main] INFO  [com.netflix.discovery.DiscoveryClient] DiscoveryClient.java:929 - Completed shut down of DiscoveryClient
2019-11-25 15:17:39,437 [main] INFO  [o.s.b.actuate.endpoint.web.EndpointLinksResolver] EndpointLinksResolver.java:58 - Exposing 25 endpoint(s) beneath base path '/actuator'
2019-11-25 15:17:39,696 [main] INFO  [o.s.c.stream.messaging.DirectWithAttributesChannel] AbstractSubscribableChannel.java:64 - Channel 'admin-1.springCloudBusInput' has 1 subscriber(s).
2019-11-25 15:17:39,973 [main] INFO  [o.s.integration.monitor.IntegrationMBeanExporter] IntegrationMBeanExporter.java:767 - Registering MessageChannel springCloudBusInput
2019-11-25 15:17:40,086 [main] INFO  [o.s.integration.monitor.IntegrationMBeanExporter] IntegrationMBeanExporter.java:767 - Registering MessageChannel nullChannel
2019-11-25 15:17:40,121 [main] INFO  [o.s.integration.monitor.IntegrationMBeanExporter] IntegrationMBeanExporter.java:767 - Registering MessageChannel errorChannel
2019-11-25 15:17:40,170 [main] INFO  [o.s.integration.monitor.IntegrationMBeanExporter] IntegrationMBeanExporter.java:767 - Registering MessageChannel springCloudBusOutput
2019-11-25 15:17:40,199 [main] INFO  [o.s.integration.monitor.IntegrationMBeanExporter] IntegrationMBeanExporter.java:785 - Registering MessageHandler errorLogger
2019-11-25 15:17:40,229 [main] INFO  [o.s.integration.monitor.IntegrationMBeanExporter] IntegrationMBeanExporter.java:785 - Registering MessageHandler org.springframework.cloud.stream.binding.StreamListenerMessageHandler@43ac1fa0
2019-11-25 15:17:40,366 [main] INFO  [o.s.integration.endpoint.EventDrivenConsumer] EventDrivenConsumer.java:107 - Adding {logging-channel-adapter:_org.springframework.integration.errorLogger} as a subscriber to the 'errorChannel' channel
2019-11-25 15:17:40,366 [main] INFO  [o.s.integration.channel.PublishSubscribeChannel] AbstractSubscribableChannel.java:64 - Channel 'admin-1.errorChannel' has 1 subscriber(s).
2019-11-25 15:17:40,366 [main] INFO  [o.s.integration.endpoint.EventDrivenConsumer] AbstractEndpoint.java:159 - started _org.springframework.integration.errorLogger
2019-11-25 15:17:40,707 [main] INFO  [o.s.c.c.client.ConfigServicePropertySourceLocator] ConfigServicePropertySourceLocator.java:207 - Fetching config from server at : http://10.12.14.163:9762/
2019-11-25 15:17:41,031 [main] INFO  [o.s.c.c.client.ConfigServicePropertySourceLocator] ConfigServicePropertySourceLocator.java:151 - Located environment: name=admin, profiles=[dev], label=null, version=null, state=null
2019-11-25 15:17:41,031 [main] INFO  [o.s.c.b.c.PropertySourceBootstrapConfiguration] PropertySourceBootstrapConfiguration.java:101 - Located property source: CompositePropertySource {name='configService', propertySources=[MapPropertySource {name='classpath:/config/admin-dev.yml'}, MapPropertySource {name='classpath:/config/application-dev.yml'}]}
2019-11-25 15:17:41,071 [main] INFO  [c.u.j.c.EnableEncryptablePropertiesConfiguration] EnableEncryptablePropertiesConfiguration.java:69 - Bootstraping jasypt-string-boot auto configuration in context: admin-1-1
2019-11-25 15:17:41,241 [main] INFO  [o.s.cloud.netflix.eureka.InstanceInfoFactory] InstanceInfoFactory.java:72 - Setting initial instance status as: STARTING
2019-11-25 15:17:41,363 [main] INFO  [com.netflix.discovery.DiscoveryClient] DiscoveryClient.java:365 - Initializing Eureka in region us-east-1
2019-11-25 15:17:41,366 [main] INFO  [c.n.discovery.provider.DiscoveryJerseyProvider] DiscoveryJerseyProvider.java:70 - Using JSON encoding codec LegacyJacksonJson
2019-11-25 15:17:41,367 [main] INFO  [c.n.discovery.provider.DiscoveryJerseyProvider] DiscoveryJerseyProvider.java:71 - Using JSON decoding codec LegacyJacksonJson
2019-11-25 15:17:41,367 [main] INFO  [c.n.discovery.provider.DiscoveryJerseyProvider] DiscoveryJerseyProvider.java:80 - Using XML encoding codec XStreamXml
2019-11-25 15:17:41,368 [main] INFO  [c.n.discovery.provider.DiscoveryJerseyProvider] DiscoveryJerseyProvider.java:81 - Using XML decoding codec XStreamXml
2019-11-25 15:17:41,499 [main] INFO  [c.n.d.shared.resolver.aws.ConfigClusterResolver] ConfigClusterResolver.java:43 - Resolving eureka endpoints via configuration
2019-11-25 15:17:41,500 [main] INFO  [com.netflix.discovery.DiscoveryClient] DiscoveryClient.java:976 - Disable delta property : false
2019-11-25 15:17:41,501 [main] INFO  [com.netflix.discovery.DiscoveryClient] DiscoveryClient.java:977 - Single vip registry refresh property : null
2019-11-25 15:17:41,502 [main] INFO  [com.netflix.discovery.DiscoveryClient] DiscoveryClient.java:978 - Force full registry fetch : false
2019-11-25 15:17:41,502 [main] INFO  [com.netflix.discovery.DiscoveryClient] DiscoveryClient.java:979 - Application is null : false
2019-11-25 15:17:41,502 [main] INFO  [com.netflix.discovery.DiscoveryClient] DiscoveryClient.java:980 - Registered Applications size is zero : true
2019-11-25 15:17:41,503 [main] INFO  [com.netflix.discovery.DiscoveryClient] DiscoveryClient.java:982 - Application version is -1: true
2019-11-25 15:17:41,503 [main] INFO  [com.netflix.discovery.DiscoveryClient] DiscoveryClient.java:1065 - Getting all instance registry info from the eureka server
2019-11-25 15:17:41,647 [main] INFO  [com.netflix.discovery.DiscoveryClient] DiscoveryClient.java:1074 - The response status is 200
2019-11-25 15:17:41,650 [main] INFO  [com.netflix.discovery.DiscoveryClient] DiscoveryClient.java:1288 - Starting heartbeat executor: renew interval is: 5
2019-11-25 15:17:41,653 [main] INFO  [com.netflix.discovery.InstanceInfoReplicator] InstanceInfoReplicator.java:60 - InstanceInfoReplicator onDemand update allowed rate per min is 4
2019-11-25 15:17:41,655 [main] INFO  [com.netflix.discovery.DiscoveryClient] DiscoveryClient.java:465 - Discovery Client initialized at timestamp 1574666261655 with initial instances count: 4
2019-11-25 15:17:42,326 [main] INFO  [o.s.a.rabbit.connection.CachingConnectionFactory] AbstractConnectionFactory.java:482 - Attempting to connect to: [localhost:5672]
2019-11-25 15:17:43,303 [main] INFO  [o.s.a.rabbit.connection.CachingConnectionFactory] AbstractConnectionFactory.java:517 - Created new connection: rabbitConnectionFactory#4c6fe482:0/SimpleConnection@6b4b5ac8 [delegate=amqp://guest@127.0.0.1:5672/, localPort= 55757]
2019-11-25 15:17:43,737 [main] INFO  [o.s.c.stream.messaging.DirectWithAttributesChannel] AbstractSubscribableChannel.java:64 - Channel 'admin-1.springCloudBusOutput' has 1 subscriber(s).
2019-11-25 15:17:43,751 [main] INFO  [o.s.c.n.e.serviceregistry.EurekaServiceRegistry] EurekaServiceRegistry.java:41 - Registering application ADMIN with eureka with status UP
2019-11-25 15:17:43,752 [main] INFO  [com.netflix.discovery.DiscoveryClient] DiscoveryClient.java:1323 - Saw local status change event StatusChangeEvent [timestamp=1574666263752, current=UP, previous=STARTING]
2019-11-25 15:17:43,809 [main] INFO  [o.s.c.s.b.r.p.RabbitExchangeQueueProvisioner] RabbitExchangeQueueProvisioner.java:168 - declaring queue for inbound: springCloudBus.anonymous.qV5mAU5GSY2MxWm-s9CKbg, bound to: springCloudBus
2019-11-25 15:17:43,824 [DiscoveryClient-InstanceInfoReplicator-0] INFO  [com.netflix.discovery.DiscoveryClient] DiscoveryClient.java:844 - DiscoveryClient_ADMIN/AUTOBVT-SMVSLG2:admin:9764: registering service...
2019-11-25 15:17:43,877 [DiscoveryClient-InstanceInfoReplicator-0] INFO  [com.netflix.discovery.DiscoveryClient] DiscoveryClient.java:853 - DiscoveryClient_ADMIN/AUTOBVT-SMVSLG2:admin:9764 - registration status: 204
2019-11-25 15:17:43,938 [main] INFO  [o.s.integration.monitor.IntegrationMBeanExporter] IntegrationMBeanExporter.java:767 - Registering MessageChannel springCloudBus.anonymous.qV5mAU5GSY2MxWm-s9CKbg.errors
2019-11-25 15:17:44,080 [main] INFO  [o.s.cloud.stream.binder.BinderErrorChannel] AbstractSubscribableChannel.java:64 - Channel 'admin-1.springCloudBus.anonymous.qV5mAU5GSY2MxWm-s9CKbg.errors' has 1 subscriber(s).
2019-11-25 15:17:44,081 [main] INFO  [o.s.cloud.stream.binder.BinderErrorChannel] AbstractSubscribableChannel.java:64 - Channel 'admin-1.springCloudBus.anonymous.qV5mAU5GSY2MxWm-s9CKbg.errors' has 2 subscriber(s).
2019-11-25 15:17:44,125 [main] INFO  [o.s.i.amqp.inbound.AmqpInboundChannelAdapter] AbstractEndpoint.java:159 - started inbound.springCloudBus.anonymous.qV5mAU5GSY2MxWm-s9CKbg
2019-11-25 15:17:44,297 [main] INFO  [org.xnio] Xnio.java:104 - XNIO version 3.3.8.Final
2019-11-25 15:17:44,324 [main] INFO  [org.xnio.nio] NioXnio.java:55 - XNIO NIO Implementation Version 3.3.8.Final
2019-11-25 15:17:44,739 [main] INFO  [o.s.b.w.embedded.undertow.UndertowServletWebServer] UndertowServletWebServer.java:144 - Undertow started on port(s) 9764 (http) with context path ''
2019-11-25 15:17:44,740 [main] INFO  [o.s.c.n.e.s.EurekaAutoServiceRegistration] EurekaAutoServiceRegistration.java:145 - Updating port to 9764
2019-11-25 15:17:44,991 [main] INFO  [o.s.c.n.e.s.EurekaAutoServiceRegistration] EurekaAutoServiceRegistration.java:145 - Updating port to 9764
2019-11-25 15:17:44,993 [main] INFO  [com.zhupeng.AdminApplication] StartupInfoLogger.java:59 - Started AdminApplication in 29.333 seconds (JVM running for 30.709)
2019-11-25 15:17:45,007 [main] INFO  [com.zhupeng.AdminApplication] AdminApplication.java:18 - admin监控启动完成！
2019-11-25 15:18:01,876 [XNIO-1 task-1] INFO  [io.undertow.servlet] ServletContextImpl.java:364 - Initializing Spring DispatcherServlet 'dispatcherServlet'
2019-11-25 15:18:01,877 [XNIO-1 task-1] INFO  [org.springframework.web.servlet.DispatcherServlet] FrameworkServlet.java:525 - Initializing Servlet 'dispatcherServlet'
2019-11-25 15:18:01,905 [XNIO-1 task-1] INFO  [org.springframework.web.servlet.DispatcherServlet] FrameworkServlet.java:547 - Completed initialization in 28 ms
2019-11-25 15:18:02,645 [XNIO-1 task-1] INFO  [io.undertow.servlet] ServletContextImpl.java:364 - jolokia-actuator-endpoint: No access restrictor found, access to any MBean is allowed
2019-11-25 15:22:41,511 [AsyncResolver-bootstrap-executor-0] INFO  [c.n.d.shared.resolver.aws.ConfigClusterResolver] ConfigClusterResolver.java:43 - Resolving eureka endpoints via configuration
2019-11-25 15:27:41,516 [AsyncResolver-bootstrap-executor-0] INFO  [c.n.d.shared.resolver.aws.ConfigClusterResolver] ConfigClusterResolver.java:43 - Resolving eureka endpoints via configuration
2019-11-25 15:32:41,520 [AsyncResolver-bootstrap-executor-0] INFO  [c.n.d.shared.resolver.aws.ConfigClusterResolver] ConfigClusterResolver.java:43 - Resolving eureka endpoints via configuration
2019-11-25 15:34:22,191 [Thread-10] INFO  [o.s.c.n.e.serviceregistry.EurekaServiceRegistry] EurekaServiceRegistry.java:65 - Unregistering application ADMIN with eureka with status DOWN
2019-11-25 15:34:22,192 [Thread-10] WARN  [com.netflix.discovery.DiscoveryClient] DiscoveryClient.java:1321 - Saw local status change event StatusChangeEvent [timestamp=1574667262192, current=DOWN, previous=UP]
2019-11-25 15:34:22,193 [DiscoveryClient-InstanceInfoReplicator-0] INFO  [com.netflix.discovery.DiscoveryClient] DiscoveryClient.java:844 - DiscoveryClient_ADMIN/AUTOBVT-SMVSLG2:admin:9764: registering service...
2019-11-25 15:34:22,248 [DiscoveryClient-InstanceInfoReplicator-0] INFO  [com.netflix.discovery.DiscoveryClient] DiscoveryClient.java:853 - DiscoveryClient_ADMIN/AUTOBVT-SMVSLG2:admin:9764 - registration status: 204
2019-11-25 15:34:22,368 [Thread-10] INFO  [o.s.a.r.listener.SimpleMessageListenerContainer] SimpleMessageListenerContainer.java:591 - Waiting for workers to finish.
2019-11-25 15:34:22,608 [Thread-10] INFO  [o.s.a.r.listener.SimpleMessageListenerContainer] SimpleMessageListenerContainer.java:594 - Successfully waited for workers to finish.
2019-11-25 15:34:22,609 [Thread-10] INFO  [o.s.i.amqp.inbound.AmqpInboundChannelAdapter] AbstractEndpoint.java:176 - stopped inbound.springCloudBus.anonymous.qV5mAU5GSY2MxWm-s9CKbg
2019-11-25 15:34:22,611 [Thread-10] INFO  [o.s.cloud.stream.binder.BinderErrorChannel] AbstractSubscribableChannel.java:64 - Channel 'admin-1.springCloudBus.anonymous.qV5mAU5GSY2MxWm-s9CKbg.errors' has 1 subscriber(s).
2019-11-25 15:34:22,620 [Thread-10] INFO  [o.s.cloud.stream.binder.BinderErrorChannel] AbstractSubscribableChannel.java:64 - Channel 'admin-1.springCloudBus.anonymous.qV5mAU5GSY2MxWm-s9CKbg.errors' has 0 subscriber(s).
2019-11-25 15:34:22,627 [Thread-10] INFO  [o.s.integration.endpoint.EventDrivenConsumer] EventDrivenConsumer.java:107 - Removing {logging-channel-adapter:_org.springframework.integration.errorLogger} as a subscriber to the 'errorChannel' channel
2019-11-25 15:34:22,628 [Thread-10] INFO  [o.s.integration.channel.PublishSubscribeChannel] AbstractSubscribableChannel.java:64 - Channel 'admin-1.errorChannel' has 0 subscriber(s).
2019-11-25 15:34:22,628 [Thread-10] INFO  [o.s.integration.endpoint.EventDrivenConsumer] AbstractEndpoint.java:193 - stopped _org.springframework.integration.errorLogger
2019-11-25 15:34:25,073 [Thread-10] INFO  [o.s.scheduling.concurrent.ThreadPoolTaskExecutor] ExecutorConfigurationSupport.java:208 - Shutting down ExecutorService 'applicationTaskExecutor'
2019-11-25 15:34:25,078 [Thread-10] INFO  [o.s.scheduling.concurrent.ThreadPoolTaskScheduler] ExecutorConfigurationSupport.java:208 - Shutting down ExecutorService 'taskScheduler'
2019-11-25 15:34:25,255 [Thread-10] INFO  [o.s.integration.monitor.IntegrationMBeanExporter] IntegrationMBeanExporter.java:495 - Summary on shutdown: springCloudBus.anonymous.qV5mAU5GSY2MxWm-s9CKbg.errors
2019-11-25 15:34:25,255 [Thread-10] INFO  [o.s.integration.monitor.IntegrationMBeanExporter] IntegrationMBeanExporter.java:495 - Summary on shutdown: springCloudBusInput
2019-11-25 15:34:25,255 [Thread-10] INFO  [o.s.integration.monitor.IntegrationMBeanExporter] IntegrationMBeanExporter.java:495 - Summary on shutdown: nullChannel
2019-11-25 15:34:25,256 [Thread-10] INFO  [o.s.integration.monitor.IntegrationMBeanExporter] IntegrationMBeanExporter.java:495 - Summary on shutdown: errorChannel
2019-11-25 15:34:25,256 [Thread-10] INFO  [o.s.integration.monitor.IntegrationMBeanExporter] IntegrationMBeanExporter.java:495 - Summary on shutdown: springCloudBusOutput
2019-11-25 15:34:25,256 [Thread-10] INFO  [o.s.integration.monitor.IntegrationMBeanExporter] IntegrationMBeanExporter.java:498 - Summary on shutdown: _org.springframework.integration.errorLogger.handler
2019-11-25 15:34:25,257 [Thread-10] INFO  [o.s.integration.monitor.IntegrationMBeanExporter] IntegrationMBeanExporter.java:498 - Summary on shutdown: org.springframework.cloud.stream.binding.StreamListenerMessageHandler@43ac1fa0
2019-11-25 15:34:25,258 [Thread-10] INFO  [com.netflix.discovery.DiscoveryClient] DiscoveryClient.java:906 - Shutting down DiscoveryClient ...
2019-11-25 15:34:28,260 [Thread-10] INFO  [com.netflix.discovery.DiscoveryClient] DiscoveryClient.java:940 - Unregistering ...
2019-11-25 15:34:30,283 [Thread-10] ERROR [c.n.d.s.t.decorator.RedirectingEurekaHttpClient] RedirectingEurekaHttpClient.java:91 - Request execution error. endpoint=DefaultEndpoint{ serviceUrl='http://admin:zhupeng@localhost:9761/eureka/}
com.sun.jersey.api.client.ClientHandlerException: java.net.ConnectException: Connection refused: connect
	at com.sun.jersey.client.apache4.ApacheHttpClient4Handler.handle(ApacheHttpClient4Handler.java:187)
	at com.sun.jersey.api.client.filter.GZIPContentEncodingFilter.handle(GZIPContentEncodingFilter.java:123)
	at com.netflix.discovery.EurekaIdentityHeaderFilter.handle(EurekaIdentityHeaderFilter.java:27)
	at com.sun.jersey.api.client.Client.handle(Client.java:652)
	at com.sun.jersey.api.client.WebResource.handle(WebResource.java:682)
	at com.sun.jersey.api.client.WebResource.access$200(WebResource.java:74)
	at com.sun.jersey.api.client.WebResource$Builder.delete(WebResource.java:591)
	at com.netflix.discovery.shared.transport.jersey.AbstractJerseyEurekaHttpClient.cancel(AbstractJerseyEurekaHttpClient.java:76)
	at com.netflix.discovery.shared.transport.decorator.EurekaHttpClientDecorator$2.execute(EurekaHttpClientDecorator.java:74)
	at com.netflix.discovery.shared.transport.decorator.MetricsCollectingEurekaHttpClient.execute(MetricsCollectingEurekaHttpClient.java:73)
	at com.netflix.discovery.shared.transport.decorator.EurekaHttpClientDecorator.cancel(EurekaHttpClientDecorator.java:71)
	at com.netflix.discovery.shared.transport.decorator.EurekaHttpClientDecorator$2.execute(EurekaHttpClientDecorator.java:74)
	at com.netflix.discovery.shared.transport.decorator.RedirectingEurekaHttpClient.execute(RedirectingEurekaHttpClient.java:89)
	at com.netflix.discovery.shared.transport.decorator.EurekaHttpClientDecorator.cancel(EurekaHttpClientDecorator.java:71)
	at com.netflix.discovery.shared.transport.decorator.EurekaHttpClientDecorator$2.execute(EurekaHttpClientDecorator.java:74)
	at com.netflix.discovery.shared.transport.decorator.RetryableEurekaHttpClient.execute(RetryableEurekaHttpClient.java:120)
	at com.netflix.discovery.shared.transport.decorator.EurekaHttpClientDecorator.cancel(EurekaHttpClientDecorator.java:71)
	at com.netflix.discovery.shared.transport.decorator.EurekaHttpClientDecorator$2.execute(EurekaHttpClientDecorator.java:74)
	at com.netflix.discovery.shared.transport.decorator.SessionedEurekaHttpClient.execute(SessionedEurekaHttpClient.java:77)
	at com.netflix.discovery.shared.transport.decorator.EurekaHttpClientDecorator.cancel(EurekaHttpClientDecorator.java:71)
	at com.netflix.discovery.DiscoveryClient.unregister(DiscoveryClient.java:941)
	at com.netflix.discovery.DiscoveryClient.shutdown(DiscoveryClient.java:919)
	at sun.reflect.NativeMethodAccessorImpl.invoke0(Native Method)
	at sun.reflect.NativeMethodAccessorImpl.invoke(NativeMethodAccessorImpl.java:62)
	at sun.reflect.DelegatingMethodAccessorImpl.invoke(DelegatingMethodAccessorImpl.java:43)
	at java.lang.reflect.Method.invoke(Method.java:498)
	at org.springframework.beans.factory.annotation.InitDestroyAnnotationBeanPostProcessor$LifecycleElement.invoke(InitDestroyAnnotationBeanPostProcessor.java:363)
	at org.springframework.beans.factory.annotation.InitDestroyAnnotationBeanPostProcessor$LifecycleMetadata.invokeDestroyMethods(InitDestroyAnnotationBeanPostProcessor.java:321)
	at org.springframework.beans.factory.annotation.InitDestroyAnnotationBeanPostProcessor.postProcessBeforeDestruction(InitDestroyAnnotationBeanPostProcessor.java:156)
	at org.springframework.beans.factory.support.DisposableBeanAdapter.destroy(DisposableBeanAdapter.java:242)
	at org.springframework.beans.factory.support.DisposableBeanAdapter.run(DisposableBeanAdapter.java:235)
	at org.springframework.cloud.context.scope.GenericScope$BeanLifecycleWrapper.destroy(GenericScope.java:403)
	at org.springframework.cloud.context.scope.GenericScope.destroy(GenericScope.java:142)
	at org.springframework.beans.factory.support.DisposableBeanAdapter.destroy(DisposableBeanAdapter.java:258)
	at org.springframework.beans.factory.support.DefaultSingletonBeanRegistry.destroyBean(DefaultSingletonBeanRegistry.java:571)
	at org.springframework.beans.factory.support.DefaultSingletonBeanRegistry.destroySingleton(DefaultSingletonBeanRegistry.java:543)
	at org.springframework.beans.factory.support.DefaultListableBeanFactory.destroySingleton(DefaultListableBeanFactory.java:1040)
	at org.springframework.beans.factory.support.DefaultSingletonBeanRegistry.destroySingletons(DefaultSingletonBeanRegistry.java:504)
	at org.springframework.beans.factory.support.DefaultListableBeanFactory.destroySingletons(DefaultListableBeanFactory.java:1033)
	at org.springframework.context.support.AbstractApplicationContext.destroyBeans(AbstractApplicationContext.java:1057)
	at org.springframework.context.support.AbstractApplicationContext.doClose(AbstractApplicationContext.java:1026)
	at org.springframework.context.support.AbstractApplicationContext$1.run(AbstractApplicationContext.java:945)
Caused by: java.net.ConnectException: Connection refused: connect
	at java.net.DualStackPlainSocketImpl.waitForConnect(Native Method)
	at java.net.DualStackPlainSocketImpl.socketConnect(DualStackPlainSocketImpl.java:85)
	at java.net.AbstractPlainSocketImpl.doConnect(AbstractPlainSocketImpl.java:350)
	at java.net.AbstractPlainSocketImpl.connectToAddress(AbstractPlainSocketImpl.java:206)
	at java.net.AbstractPlainSocketImpl.connect(AbstractPlainSocketImpl.java:188)
	at java.net.PlainSocketImpl.connect(PlainSocketImpl.java:172)
	at java.net.SocksSocketImpl.connect(SocksSocketImpl.java:392)
	at java.net.Socket.connect(Socket.java:589)
	at org.apache.http.conn.scheme.PlainSocketFactory.connectSocket(PlainSocketFactory.java:121)
	at org.apache.http.impl.conn.DefaultClientConnectionOperator.openConnection(DefaultClientConnectionOperator.java:180)
	at org.apache.http.impl.conn.AbstractPoolEntry.open(AbstractPoolEntry.java:144)
	at org.apache.http.impl.conn.AbstractPooledConnAdapter.open(AbstractPooledConnAdapter.java:134)
	at org.apache.http.impl.client.DefaultRequestDirector.tryConnect(DefaultRequestDirector.java:605)
	at org.apache.http.impl.client.DefaultRequestDirector.execute(DefaultRequestDirector.java:440)
	at org.apache.http.impl.client.AbstractHttpClient.doExecute(AbstractHttpClient.java:835)
	at org.apache.http.impl.client.CloseableHttpClient.execute(CloseableHttpClient.java:118)
	at org.apache.http.impl.client.CloseableHttpClient.execute(CloseableHttpClient.java:56)
	at com.sun.jersey.client.apache4.ApacheHttpClient4Handler.handle(ApacheHttpClient4Handler.java:173)
	... 41 common frames omitted
2019-11-25 15:34:30,285 [Thread-10] WARN  [c.n.d.s.t.decorator.RetryableEurekaHttpClient] RetryableEurekaHttpClient.java:130 - Request execution failed with message: java.net.ConnectException: Connection refused: connect
2019-11-25 15:34:32,301 [Thread-10] ERROR [c.n.d.s.t.decorator.RedirectingEurekaHttpClient] RedirectingEurekaHttpClient.java:83 - Request execution error. endpoint=DefaultEndpoint{ serviceUrl='http://admin:zhupeng@localhost:9761/eureka/}
com.sun.jersey.api.client.ClientHandlerException: java.net.ConnectException: Connection refused: connect
	at com.sun.jersey.client.apache4.ApacheHttpClient4Handler.handle(ApacheHttpClient4Handler.java:187)
	at com.sun.jersey.api.client.filter.GZIPContentEncodingFilter.handle(GZIPContentEncodingFilter.java:123)
	at com.netflix.discovery.EurekaIdentityHeaderFilter.handle(EurekaIdentityHeaderFilter.java:27)
	at com.sun.jersey.api.client.Client.handle(Client.java:652)
	at com.sun.jersey.api.client.WebResource.handle(WebResource.java:682)
	at com.sun.jersey.api.client.WebResource.access$200(WebResource.java:74)
	at com.sun.jersey.api.client.WebResource$Builder.delete(WebResource.java:591)
	at com.netflix.discovery.shared.transport.jersey.AbstractJerseyEurekaHttpClient.cancel(AbstractJerseyEurekaHttpClient.java:76)
	at com.netflix.discovery.shared.transport.decorator.EurekaHttpClientDecorator$2.execute(EurekaHttpClientDecorator.java:74)
	at com.netflix.discovery.shared.transport.decorator.MetricsCollectingEurekaHttpClient.execute(MetricsCollectingEurekaHttpClient.java:73)
	at com.netflix.discovery.shared.transport.decorator.EurekaHttpClientDecorator.cancel(EurekaHttpClientDecorator.java:71)
	at com.netflix.discovery.shared.transport.decorator.EurekaHttpClientDecorator$2.execute(EurekaHttpClientDecorator.java:74)
	at com.netflix.discovery.shared.transport.decorator.RedirectingEurekaHttpClient.executeOnNewServer(RedirectingEurekaHttpClient.java:118)
	at com.netflix.discovery.shared.transport.decorator.RedirectingEurekaHttpClient.execute(RedirectingEurekaHttpClient.java:79)
	at com.netflix.discovery.shared.transport.decorator.EurekaHttpClientDecorator.cancel(EurekaHttpClientDecorator.java:71)
	at com.netflix.discovery.shared.transport.decorator.EurekaHttpClientDecorator$2.execute(EurekaHttpClientDecorator.java:74)
	at com.netflix.discovery.shared.transport.decorator.RetryableEurekaHttpClient.execute(RetryableEurekaHttpClient.java:120)
	at com.netflix.discovery.shared.transport.decorator.EurekaHttpClientDecorator.cancel(EurekaHttpClientDecorator.java:71)
	at com.netflix.discovery.shared.transport.decorator.EurekaHttpClientDecorator$2.execute(EurekaHttpClientDecorator.java:74)
	at com.netflix.discovery.shared.transport.decorator.SessionedEurekaHttpClient.execute(SessionedEurekaHttpClient.java:77)
	at com.netflix.discovery.shared.transport.decorator.EurekaHttpClientDecorator.cancel(EurekaHttpClientDecorator.java:71)
	at com.netflix.discovery.DiscoveryClient.unregister(DiscoveryClient.java:941)
	at com.netflix.discovery.DiscoveryClient.shutdown(DiscoveryClient.java:919)
	at sun.reflect.NativeMethodAccessorImpl.invoke0(Native Method)
	at sun.reflect.NativeMethodAccessorImpl.invoke(NativeMethodAccessorImpl.java:62)
	at sun.reflect.DelegatingMethodAccessorImpl.invoke(DelegatingMethodAccessorImpl.java:43)
	at java.lang.reflect.Method.invoke(Method.java:498)
	at org.springframework.beans.factory.annotation.InitDestroyAnnotationBeanPostProcessor$LifecycleElement.invoke(InitDestroyAnnotationBeanPostProcessor.java:363)
	at org.springframework.beans.factory.annotation.InitDestroyAnnotationBeanPostProcessor$LifecycleMetadata.invokeDestroyMethods(InitDestroyAnnotationBeanPostProcessor.java:321)
	at org.springframework.beans.factory.annotation.InitDestroyAnnotationBeanPostProcessor.postProcessBeforeDestruction(InitDestroyAnnotationBeanPostProcessor.java:156)
	at org.springframework.beans.factory.support.DisposableBeanAdapter.destroy(DisposableBeanAdapter.java:242)
	at org.springframework.beans.factory.support.DisposableBeanAdapter.run(DisposableBeanAdapter.java:235)
	at org.springframework.cloud.context.scope.GenericScope$BeanLifecycleWrapper.destroy(GenericScope.java:403)
	at org.springframework.cloud.context.scope.GenericScope.destroy(GenericScope.java:142)
	at org.springframework.beans.factory.support.DisposableBeanAdapter.destroy(DisposableBeanAdapter.java:258)
	at org.springframework.beans.factory.support.DefaultSingletonBeanRegistry.destroyBean(DefaultSingletonBeanRegistry.java:571)
	at org.springframework.beans.factory.support.DefaultSingletonBeanRegistry.destroySingleton(DefaultSingletonBeanRegistry.java:543)
	at org.springframework.beans.factory.support.DefaultListableBeanFactory.destroySingleton(DefaultListableBeanFactory.java:1040)
	at org.springframework.beans.factory.support.DefaultSingletonBeanRegistry.destroySingletons(DefaultSingletonBeanRegistry.java:504)
	at org.springframework.beans.factory.support.DefaultListableBeanFactory.destroySingletons(DefaultListableBeanFactory.java:1033)
	at org.springframework.context.support.AbstractApplicationContext.destroyBeans(AbstractApplicationContext.java:1057)
	at org.springframework.context.support.AbstractApplicationContext.doClose(AbstractApplicationContext.java:1026)
	at org.springframework.context.support.AbstractApplicationContext$1.run(AbstractApplicationContext.java:945)
Caused by: java.net.ConnectException: Connection refused: connect
	at java.net.DualStackPlainSocketImpl.waitForConnect(Native Method)
	at java.net.DualStackPlainSocketImpl.socketConnect(DualStackPlainSocketImpl.java:85)
	at java.net.AbstractPlainSocketImpl.doConnect(AbstractPlainSocketImpl.java:350)
	at java.net.AbstractPlainSocketImpl.connectToAddress(AbstractPlainSocketImpl.java:206)
	at java.net.AbstractPlainSocketImpl.connect(AbstractPlainSocketImpl.java:188)
	at java.net.PlainSocketImpl.connect(PlainSocketImpl.java:172)
	at java.net.SocksSocketImpl.connect(SocksSocketImpl.java:392)
	at java.net.Socket.connect(Socket.java:589)
	at org.apache.http.conn.scheme.PlainSocketFactory.connectSocket(PlainSocketFactory.java:121)
	at org.apache.http.impl.conn.DefaultClientConnectionOperator.openConnection(DefaultClientConnectionOperator.java:180)
	at org.apache.http.impl.conn.AbstractPoolEntry.open(AbstractPoolEntry.java:144)
	at org.apache.http.impl.conn.AbstractPooledConnAdapter.open(AbstractPooledConnAdapter.java:134)
	at org.apache.http.impl.client.DefaultRequestDirector.tryConnect(DefaultRequestDirector.java:605)
	at org.apache.http.impl.client.DefaultRequestDirector.execute(DefaultRequestDirector.java:440)
	at org.apache.http.impl.client.AbstractHttpClient.doExecute(AbstractHttpClient.java:835)
	at org.apache.http.impl.client.CloseableHttpClient.execute(CloseableHttpClient.java:118)
	at org.apache.http.impl.client.CloseableHttpClient.execute(CloseableHttpClient.java:56)
	at com.sun.jersey.client.apache4.ApacheHttpClient4Handler.handle(ApacheHttpClient4Handler.java:173)
	... 42 common frames omitted
2019-11-25 15:34:32,304 [Thread-10] WARN  [c.n.d.s.t.decorator.RetryableEurekaHttpClient] RetryableEurekaHttpClient.java:130 - Request execution failed with message: java.net.ConnectException: Connection refused: connect
2019-11-25 15:34:32,305 [Thread-10] ERROR [com.netflix.discovery.DiscoveryClient] DiscoveryClient.java:944 - DiscoveryClient_ADMIN/AUTOBVT-SMVSLG2:admin:9764 - de-registration failedCannot execute request on any known server
com.netflix.discovery.shared.transport.TransportException: Cannot execute request on any known server
	at com.netflix.discovery.shared.transport.decorator.RetryableEurekaHttpClient.execute(RetryableEurekaHttpClient.java:112)
	at com.netflix.discovery.shared.transport.decorator.EurekaHttpClientDecorator.cancel(EurekaHttpClientDecorator.java:71)
	at com.netflix.discovery.shared.transport.decorator.EurekaHttpClientDecorator$2.execute(EurekaHttpClientDecorator.java:74)
	at com.netflix.discovery.shared.transport.decorator.SessionedEurekaHttpClient.execute(SessionedEurekaHttpClient.java:77)
	at com.netflix.discovery.shared.transport.decorator.EurekaHttpClientDecorator.cancel(EurekaHttpClientDecorator.java:71)
	at com.netflix.discovery.DiscoveryClient.unregister(DiscoveryClient.java:941)
	at com.netflix.discovery.DiscoveryClient.shutdown(DiscoveryClient.java:919)
	at sun.reflect.NativeMethodAccessorImpl.invoke0(Native Method)
	at sun.reflect.NativeMethodAccessorImpl.invoke(NativeMethodAccessorImpl.java:62)
	at sun.reflect.DelegatingMethodAccessorImpl.invoke(DelegatingMethodAccessorImpl.java:43)
	at java.lang.reflect.Method.invoke(Method.java:498)
	at org.springframework.beans.factory.annotation.InitDestroyAnnotationBeanPostProcessor$LifecycleElement.invoke(InitDestroyAnnotationBeanPostProcessor.java:363)
	at org.springframework.beans.factory.annotation.InitDestroyAnnotationBeanPostProcessor$LifecycleMetadata.invokeDestroyMethods(InitDestroyAnnotationBeanPostProcessor.java:321)
	at org.springframework.beans.factory.annotation.InitDestroyAnnotationBeanPostProcessor.postProcessBeforeDestruction(InitDestroyAnnotationBeanPostProcessor.java:156)
	at org.springframework.beans.factory.support.DisposableBeanAdapter.destroy(DisposableBeanAdapter.java:242)
	at org.springframework.beans.factory.support.DisposableBeanAdapter.run(DisposableBeanAdapter.java:235)
	at org.springframework.cloud.context.scope.GenericScope$BeanLifecycleWrapper.destroy(GenericScope.java:403)
	at org.springframework.cloud.context.scope.GenericScope.destroy(GenericScope.java:142)
	at org.springframework.beans.factory.support.DisposableBeanAdapter.destroy(DisposableBeanAdapter.java:258)
	at org.springframework.beans.factory.support.DefaultSingletonBeanRegistry.destroyBean(DefaultSingletonBeanRegistry.java:571)
	at org.springframework.beans.factory.support.DefaultSingletonBeanRegistry.destroySingleton(DefaultSingletonBeanRegistry.java:543)
	at org.springframework.beans.factory.support.DefaultListableBeanFactory.destroySingleton(DefaultListableBeanFactory.java:1040)
	at org.springframework.beans.factory.support.DefaultSingletonBeanRegistry.destroySingletons(DefaultSingletonBeanRegistry.java:504)
	at org.springframework.beans.factory.support.DefaultListableBeanFactory.destroySingletons(DefaultListableBeanFactory.java:1033)
	at org.springframework.context.support.AbstractApplicationContext.destroyBeans(AbstractApplicationContext.java:1057)
	at org.springframework.context.support.AbstractApplicationContext.doClose(AbstractApplicationContext.java:1026)
	at org.springframework.context.support.AbstractApplicationContext$1.run(AbstractApplicationContext.java:945)
2019-11-25 15:34:32,338 [Thread-10] INFO  [com.netflix.discovery.DiscoveryClient] DiscoveryClient.java:929 - Completed shut down of DiscoveryClient
2019-11-25 15:34:32,342 [Thread-10] INFO  [io.undertow.servlet] ServletContextImpl.java:364 - Destroying Spring FrameworkServlet 'dispatcherServlet'
