2019-12-10 20:43:51,538 [main] INFO  [c.u.j.c.EnableEncryptablePropertiesBeanFactoryPostProcessor] EnableEncryptablePropertiesBeanFactoryPostProcessor.java:50 - Post-processing PropertySource instances
2019-12-10 20:43:52,077 [main] INFO  [c.u.j.EncryptablePropertySourceConverter] EncryptablePropertySourceConverter.java:38 - Converting PropertySource configurationProperties [org.springframework.boot.context.properties.source.ConfigurationPropertySourcesPropertySource] to AOP Proxy
2019-12-10 20:43:52,079 [main] INFO  [c.u.j.EncryptablePropertySourceConverter] EncryptablePropertySourceConverter.java:38 - Converting PropertySource bootstrap [org.springframework.core.env.MapPropertySource] to EncryptableMapPropertySourceWrapper
2019-12-10 20:43:52,080 [main] INFO  [c.u.j.EncryptablePropertySourceConverter] EncryptablePropertySourceConverter.java:38 - Converting PropertySource systemProperties [org.springframework.core.env.PropertiesPropertySource] to EncryptableMapPropertySourceWrapper
2019-12-10 20:43:52,080 [main] INFO  [c.u.j.EncryptablePropertySourceConverter] EncryptablePropertySourceConverter.java:38 - Converting PropertySource systemEnvironment [org.springframework.boot.env.SystemEnvironmentPropertySourceEnvironmentPostProcessor$OriginAwareSystemEnvironmentPropertySource] to EncryptableMapPropertySourceWrapper
2019-12-10 20:43:52,080 [main] INFO  [c.u.j.EncryptablePropertySourceConverter] EncryptablePropertySourceConverter.java:38 - Converting PropertySource random [org.springframework.boot.env.RandomValuePropertySource] to EncryptablePropertySourceWrapper
2019-12-10 20:43:52,081 [main] INFO  [c.u.j.EncryptablePropertySourceConverter] EncryptablePropertySourceConverter.java:38 - Converting PropertySource configServerClient [org.springframework.core.env.MapPropertySource] to EncryptableMapPropertySourceWrapper
2019-12-10 20:43:52,081 [main] INFO  [c.u.j.EncryptablePropertySourceConverter] EncryptablePropertySourceConverter.java:38 - Converting PropertySource springCloudClientHostInfo [org.springframework.core.env.MapPropertySource] to EncryptableMapPropertySourceWrapper
2019-12-10 20:43:52,081 [main] INFO  [c.u.j.EncryptablePropertySourceConverter] EncryptablePropertySourceConverter.java:38 - Converting PropertySource applicationConfig: [classpath:/bootstrap.yml] [org.springframework.boot.env.OriginTrackedMapPropertySource] to EncryptableMapPropertySourceWrapper
2019-12-10 20:43:52,082 [main] INFO  [c.u.j.EncryptablePropertySourceConverter] EncryptablePropertySourceConverter.java:38 - Converting PropertySource defaultProperties [org.springframework.core.env.MapPropertySource] to EncryptableMapPropertySourceWrapper
2019-12-10 20:43:52,117 [main] INFO  [o.s.c.s.PostProcessorRegistrationDelegate$BeanPostProcessorChecker] PostProcessorRegistrationDelegate.java:330 - Bean 'org.springframework.cloud.autoconfigure.ConfigurationPropertiesRebinderAutoConfiguration' of type [org.springframework.cloud.autoconfigure.ConfigurationPropertiesRebinderAutoConfiguration$$EnhancerBySpringCGLIB$$7a2008ec] is not eligible for getting processed by all BeanPostProcessors (for example: not eligible for auto-proxying)
2019-12-10 20:43:52,191 [main] INFO  [c.u.j.filter.DefaultLazyPropertyFilter] DefaultLazyPropertyFilter.java:31 - Property Filter custom Bean not found with name 'encryptablePropertyFilter'. Initializing Default Property Filter
2019-12-10 20:43:52,290 [main] INFO  [c.u.j.resolver.DefaultLazyPropertyResolver] DefaultLazyPropertyResolver.java:31 - Property Resolver custom Bean not found with name 'encryptablePropertyResolver'. Initializing Default Property Resolver
2019-12-10 20:43:52,302 [main] INFO  [c.u.j.detector.DefaultLazyPropertyDetector] DefaultLazyPropertyDetector.java:30 - Property Detector custom Bean not found with name 'encryptablePropertyDetector'. Initializing Default Property Detector
2019-12-10 20:44:14,683 [main] INFO  [c.u.j.c.EnableEncryptablePropertiesConfiguration] EnableEncryptablePropertiesConfiguration.java:69 - Bootstraping jasypt-string-boot auto configuration in context: config-1-1
2019-12-10 20:44:15,011 [main] INFO  [o.s.a.rabbit.connection.CachingConnectionFactory] AbstractConnectionFactory.java:482 - Attempting to connect to: [10.12.14.155:5672]
2019-12-10 20:44:15,215 [main] INFO  [o.s.a.rabbit.connection.CachingConnectionFactory] AbstractConnectionFactory.java:517 - Created new connection: rabbitConnectionFactory#54ca9420:0/SimpleConnection@4eb69e8d [delegate=amqp://guest@10.12.14.155:5672/, localPort= 50926]
2019-12-10 20:44:15,542 [main] INFO  [o.s.c.stream.messaging.DirectWithAttributesChannel] AbstractSubscribableChannel.java:64 - Channel 'config-1.springCloudBusOutput' has 1 subscriber(s).
2019-12-10 20:44:15,574 [main] INFO  [o.s.cloud.netflix.eureka.InstanceInfoFactory] InstanceInfoFactory.java:72 - Setting initial instance status as: STARTING
2019-12-10 20:44:15,647 [main] INFO  [com.netflix.discovery.DiscoveryClient] DiscoveryClient.java:365 - Initializing Eureka in region us-east-1
2019-12-10 20:44:16,055 [main] INFO  [c.n.discovery.provider.DiscoveryJerseyProvider] DiscoveryJerseyProvider.java:70 - Using JSON encoding codec LegacyJacksonJson
2019-12-10 20:44:16,057 [main] INFO  [c.n.discovery.provider.DiscoveryJerseyProvider] DiscoveryJerseyProvider.java:71 - Using JSON decoding codec LegacyJacksonJson
2019-12-10 20:44:16,247 [main] INFO  [c.n.discovery.provider.DiscoveryJerseyProvider] DiscoveryJerseyProvider.java:80 - Using XML encoding codec XStreamXml
2019-12-10 20:44:16,248 [main] INFO  [c.n.discovery.provider.DiscoveryJerseyProvider] DiscoveryJerseyProvider.java:81 - Using XML decoding codec XStreamXml
2019-12-10 20:44:16,598 [main] INFO  [c.n.d.shared.resolver.aws.ConfigClusterResolver] ConfigClusterResolver.java:43 - Resolving eureka endpoints via configuration
2019-12-10 20:44:16,797 [main] INFO  [com.netflix.discovery.DiscoveryClient] DiscoveryClient.java:976 - Disable delta property : false
2019-12-10 20:44:16,798 [main] INFO  [com.netflix.discovery.DiscoveryClient] DiscoveryClient.java:977 - Single vip registry refresh property : null
2019-12-10 20:44:16,798 [main] INFO  [com.netflix.discovery.DiscoveryClient] DiscoveryClient.java:978 - Force full registry fetch : false
2019-12-10 20:44:16,799 [main] INFO  [com.netflix.discovery.DiscoveryClient] DiscoveryClient.java:979 - Application is null : false
2019-12-10 20:44:16,799 [main] INFO  [com.netflix.discovery.DiscoveryClient] DiscoveryClient.java:980 - Registered Applications size is zero : true
2019-12-10 20:44:16,799 [main] INFO  [com.netflix.discovery.DiscoveryClient] DiscoveryClient.java:982 - Application version is -1: true
2019-12-10 20:44:16,800 [main] INFO  [com.netflix.discovery.DiscoveryClient] DiscoveryClient.java:1065 - Getting all instance registry info from the eureka server
2019-12-10 20:44:18,028 [main] INFO  [com.netflix.discovery.DiscoveryClient] DiscoveryClient.java:1074 - The response status is 200
2019-12-10 20:44:18,073 [main] INFO  [com.netflix.discovery.DiscoveryClient] DiscoveryClient.java:1288 - Starting heartbeat executor: renew interval is: 5
2019-12-10 20:44:18,079 [main] INFO  [com.netflix.discovery.InstanceInfoReplicator] InstanceInfoReplicator.java:60 - InstanceInfoReplicator onDemand update allowed rate per min is 4
2019-12-10 20:44:18,086 [main] INFO  [com.netflix.discovery.DiscoveryClient] DiscoveryClient.java:465 - Discovery Client initialized at timestamp 1575981858084 with initial instances count: 0
2019-12-10 20:44:18,095 [main] INFO  [o.s.c.n.e.serviceregistry.EurekaServiceRegistry] EurekaServiceRegistry.java:41 - Registering application CONFIG with eureka with status UP
2019-12-10 20:44:18,097 [main] INFO  [com.netflix.discovery.DiscoveryClient] DiscoveryClient.java:1323 - Saw local status change event StatusChangeEvent [timestamp=1575981858097, current=UP, previous=STARTING]
2019-12-10 20:44:18,634 [DiscoveryClient-InstanceInfoReplicator-0] INFO  [com.netflix.discovery.DiscoveryClient] DiscoveryClient.java:844 - DiscoveryClient_CONFIG/AUTOBVT-SMVSLG2:config:9762: registering service...
2019-12-10 20:44:19,036 [main] INFO  [o.s.c.s.b.r.p.RabbitExchangeQueueProvisioner] RabbitExchangeQueueProvisioner.java:168 - declaring queue for inbound: springCloudBus.anonymous.tU-3OUVnTbCSQ1nRLMz-gg, bound to: springCloudBus
2019-12-10 20:44:19,227 [main] INFO  [o.s.integration.monitor.IntegrationMBeanExporter] IntegrationMBeanExporter.java:767 - Registering MessageChannel springCloudBus.anonymous.tU-3OUVnTbCSQ1nRLMz-gg.errors
2019-12-10 20:44:19,738 [main] INFO  [o.s.cloud.stream.binder.BinderErrorChannel] AbstractSubscribableChannel.java:64 - Channel 'config-1.springCloudBus.anonymous.tU-3OUVnTbCSQ1nRLMz-gg.errors' has 1 subscriber(s).
2019-12-10 20:44:19,740 [main] INFO  [o.s.cloud.stream.binder.BinderErrorChannel] AbstractSubscribableChannel.java:64 - Channel 'config-1.springCloudBus.anonymous.tU-3OUVnTbCSQ1nRLMz-gg.errors' has 2 subscriber(s).
2019-12-10 20:44:19,898 [main] INFO  [o.s.i.amqp.inbound.AmqpInboundChannelAdapter] AbstractEndpoint.java:159 - started inbound.springCloudBus.anonymous.tU-3OUVnTbCSQ1nRLMz-gg
2019-12-10 20:44:20,093 [main] INFO  [org.xnio] Xnio.java:104 - XNIO version 3.3.8.Final
2019-12-10 20:44:20,105 [main] INFO  [org.xnio.nio] NioXnio.java:55 - XNIO NIO Implementation Version 3.3.8.Final
2019-12-10 20:44:20,271 [main] INFO  [o.s.b.w.embedded.undertow.UndertowServletWebServer] UndertowServletWebServer.java:144 - Undertow started on port(s) 9762 (http) with context path ''
2019-12-10 20:44:20,272 [main] INFO  [o.s.c.n.e.s.EurekaAutoServiceRegistration] EurekaAutoServiceRegistration.java:145 - Updating port to 9762
2019-12-10 20:44:20,445 [DiscoveryClient-InstanceInfoReplicator-0] INFO  [com.netflix.discovery.DiscoveryClient] DiscoveryClient.java:853 - DiscoveryClient_CONFIG/AUTOBVT-SMVSLG2:config:9762 - registration status: 204
2019-12-10 20:44:20,585 [main] INFO  [com.zhupeng.ConfigApplication] StartupInfoLogger.java:59 - Started ConfigApplication in 32.303 seconds (JVM running for 35.74)
2019-12-10 20:44:20,592 [main] INFO  [com.zhupeng.ConfigApplication] ConfigApplication.java:18 - 配置中心启动完成！
2019-12-10 20:44:28,032 [DiscoveryClient-CacheRefreshExecutor-0] INFO  [com.netflix.discovery.DiscoveryClient] DiscoveryClient.java:976 - Disable delta property : false
2019-12-10 20:44:28,034 [DiscoveryClient-CacheRefreshExecutor-0] INFO  [com.netflix.discovery.DiscoveryClient] DiscoveryClient.java:977 - Single vip registry refresh property : null
2019-12-10 20:44:28,035 [DiscoveryClient-CacheRefreshExecutor-0] INFO  [com.netflix.discovery.DiscoveryClient] DiscoveryClient.java:978 - Force full registry fetch : false
2019-12-10 20:44:28,036 [DiscoveryClient-CacheRefreshExecutor-0] INFO  [com.netflix.discovery.DiscoveryClient] DiscoveryClient.java:979 - Application is null : false
2019-12-10 20:44:28,036 [DiscoveryClient-CacheRefreshExecutor-0] INFO  [com.netflix.discovery.DiscoveryClient] DiscoveryClient.java:980 - Registered Applications size is zero : true
2019-12-10 20:44:28,037 [DiscoveryClient-CacheRefreshExecutor-0] INFO  [com.netflix.discovery.DiscoveryClient] DiscoveryClient.java:982 - Application version is -1: false
2019-12-10 20:44:28,037 [DiscoveryClient-CacheRefreshExecutor-0] INFO  [com.netflix.discovery.DiscoveryClient] DiscoveryClient.java:1065 - Getting all instance registry info from the eureka server
2019-12-10 20:44:28,079 [DiscoveryClient-CacheRefreshExecutor-0] INFO  [com.netflix.discovery.DiscoveryClient] DiscoveryClient.java:1074 - The response status is 200
2019-12-10 20:44:38,154 [DiscoveryClient-CacheRefreshExecutor-0] INFO  [com.netflix.discovery.DiscoveryClient] DiscoveryClient.java:976 - Disable delta property : false
2019-12-10 20:44:38,154 [DiscoveryClient-CacheRefreshExecutor-0] INFO  [com.netflix.discovery.DiscoveryClient] DiscoveryClient.java:977 - Single vip registry refresh property : null
2019-12-10 20:44:38,155 [DiscoveryClient-CacheRefreshExecutor-0] INFO  [com.netflix.discovery.DiscoveryClient] DiscoveryClient.java:978 - Force full registry fetch : false
2019-12-10 20:44:38,155 [DiscoveryClient-CacheRefreshExecutor-0] INFO  [com.netflix.discovery.DiscoveryClient] DiscoveryClient.java:979 - Application is null : false
2019-12-10 20:44:38,155 [DiscoveryClient-CacheRefreshExecutor-0] INFO  [com.netflix.discovery.DiscoveryClient] DiscoveryClient.java:980 - Registered Applications size is zero : true
2019-12-10 20:44:38,155 [DiscoveryClient-CacheRefreshExecutor-0] INFO  [com.netflix.discovery.DiscoveryClient] DiscoveryClient.java:982 - Application version is -1: false
2019-12-10 20:44:38,155 [DiscoveryClient-CacheRefreshExecutor-0] INFO  [com.netflix.discovery.DiscoveryClient] DiscoveryClient.java:1065 - Getting all instance registry info from the eureka server
2019-12-10 20:44:38,489 [DiscoveryClient-CacheRefreshExecutor-0] INFO  [com.netflix.discovery.DiscoveryClient] DiscoveryClient.java:1074 - The response status is 200
2019-12-10 20:44:43,105 [XNIO-1 task-1] INFO  [io.undertow.servlet] ServletContextImpl.java:364 - Initializing Spring DispatcherServlet 'dispatcherServlet'
2019-12-10 20:44:43,106 [XNIO-1 task-1] INFO  [org.springframework.web.servlet.DispatcherServlet] FrameworkServlet.java:525 - Initializing Servlet 'dispatcherServlet'
2019-12-10 20:44:43,138 [XNIO-1 task-1] INFO  [org.springframework.web.servlet.DispatcherServlet] FrameworkServlet.java:547 - Completed initialization in 32 ms
2019-12-10 20:44:45,247 [XNIO-1 task-1] WARN  [o.s.c.c.s.e.MultipleJGitEnvironmentRepository] JGitEnvironmentRepository.java:451 - Dirty files found: [temp]
2019-12-10 20:44:51,335 [XNIO-1 task-1] INFO  [o.s.c.c.s.e.MultipleJGitEnvironmentRepository] JGitEnvironmentRepository.java:481 - Fetched for remote master and found 1 updates
2019-12-10 20:44:51,749 [XNIO-1 task-1] WARN  [o.s.c.c.s.e.MultipleJGitEnvironmentRepository] JGitEnvironmentRepository.java:319 - The local repository is dirty or ahead of origin. Resetting it to origin/master.
2019-12-10 20:44:51,822 [XNIO-1 task-1] INFO  [o.s.c.c.s.e.MultipleJGitEnvironmentRepository] JGitEnvironmentRepository.java:520 - Reset label master to version AnyObjectId[45b6e839aca95ff150a07a9c06b61a7f51b63dda]
2019-12-10 20:44:52,396 [XNIO-1 task-1] INFO  [o.s.c.c.s.environment.NativeEnvironmentRepository] NativeEnvironmentRepository.java:266 - Adding property source: file:/D:/workspace/myfile/GIT/springcloud/temp/git-config/main-pc-dev.yml
2019-12-10 20:44:52,397 [XNIO-1 task-1] INFO  [o.s.c.c.s.environment.NativeEnvironmentRepository] NativeEnvironmentRepository.java:266 - Adding property source: file:/D:/workspace/myfile/GIT/springcloud/temp/git-config/application-dev.yml
2019-12-10 20:45:10,144 [XNIO-1 task-2] WARN  [o.s.c.c.s.e.MultipleJGitEnvironmentRepository] JGitEnvironmentRepository.java:451 - Dirty files found: [temp]
2019-12-10 20:45:11,918 [XNIO-1 task-2] WARN  [o.s.c.c.s.e.MultipleJGitEnvironmentRepository] JGitEnvironmentRepository.java:319 - The local repository is dirty or ahead of origin. Resetting it to origin/master.
2019-12-10 20:45:11,962 [XNIO-1 task-2] INFO  [o.s.c.c.s.e.MultipleJGitEnvironmentRepository] JGitEnvironmentRepository.java:520 - Reset label master to version AnyObjectId[45b6e839aca95ff150a07a9c06b61a7f51b63dda]
2019-12-10 20:45:12,249 [XNIO-1 task-2] INFO  [o.s.c.c.s.environment.NativeEnvironmentRepository] NativeEnvironmentRepository.java:266 - Adding property source: file:/D:/workspace/myfile/GIT/springcloud/temp/git-config/main-pc-dev.yml
2019-12-10 20:45:12,250 [XNIO-1 task-2] INFO  [o.s.c.c.s.environment.NativeEnvironmentRepository] NativeEnvironmentRepository.java:266 - Adding property source: file:/D:/workspace/myfile/GIT/springcloud/temp/git-config/application-dev.yml
2019-12-10 20:49:16,811 [AsyncResolver-bootstrap-executor-0] INFO  [c.n.d.shared.resolver.aws.ConfigClusterResolver] ConfigClusterResolver.java:43 - Resolving eureka endpoints via configuration
2019-12-10 20:54:16,814 [AsyncResolver-bootstrap-executor-0] INFO  [c.n.d.shared.resolver.aws.ConfigClusterResolver] ConfigClusterResolver.java:43 - Resolving eureka endpoints via configuration
2019-12-10 20:59:16,818 [AsyncResolver-bootstrap-executor-0] INFO  [c.n.d.shared.resolver.aws.ConfigClusterResolver] ConfigClusterResolver.java:43 - Resolving eureka endpoints via configuration
2019-12-10 21:04:16,822 [AsyncResolver-bootstrap-executor-0] INFO  [c.n.d.shared.resolver.aws.ConfigClusterResolver] ConfigClusterResolver.java:43 - Resolving eureka endpoints via configuration
2019-12-10 21:09:16,826 [AsyncResolver-bootstrap-executor-0] INFO  [c.n.d.shared.resolver.aws.ConfigClusterResolver] ConfigClusterResolver.java:43 - Resolving eureka endpoints via configuration
2019-12-10 21:13:50,577 [XNIO-1 task-3] WARN  [o.s.c.c.s.e.MultipleJGitEnvironmentRepository] JGitEnvironmentRepository.java:451 - Dirty files found: [temp]
2019-12-10 21:13:52,673 [XNIO-1 task-3] WARN  [o.s.c.c.s.e.MultipleJGitEnvironmentRepository] JGitEnvironmentRepository.java:319 - The local repository is dirty or ahead of origin. Resetting it to origin/master.
2019-12-10 21:13:52,715 [XNIO-1 task-3] INFO  [o.s.c.c.s.e.MultipleJGitEnvironmentRepository] JGitEnvironmentRepository.java:520 - Reset label master to version AnyObjectId[45b6e839aca95ff150a07a9c06b61a7f51b63dda]
2019-12-10 21:13:53,024 [XNIO-1 task-3] INFO  [o.s.c.c.s.environment.NativeEnvironmentRepository] NativeEnvironmentRepository.java:266 - Adding property source: file:/D:/workspace/myfile/GIT/springcloud/temp/git-config/main-pc-dev.yml
2019-12-10 21:13:53,027 [XNIO-1 task-3] INFO  [o.s.c.c.s.environment.NativeEnvironmentRepository] NativeEnvironmentRepository.java:266 - Adding property source: file:/D:/workspace/myfile/GIT/springcloud/temp/git-config/application-dev.yml
2019-12-10 21:14:09,960 [XNIO-1 task-4] WARN  [o.s.c.c.s.e.MultipleJGitEnvironmentRepository] JGitEnvironmentRepository.java:451 - Dirty files found: [temp]
2019-12-10 21:14:11,539 [XNIO-1 task-4] WARN  [o.s.c.c.s.e.MultipleJGitEnvironmentRepository] JGitEnvironmentRepository.java:319 - The local repository is dirty or ahead of origin. Resetting it to origin/master.
2019-12-10 21:14:11,578 [XNIO-1 task-4] INFO  [o.s.c.c.s.e.MultipleJGitEnvironmentRepository] JGitEnvironmentRepository.java:520 - Reset label master to version AnyObjectId[45b6e839aca95ff150a07a9c06b61a7f51b63dda]
2019-12-10 21:14:11,906 [XNIO-1 task-4] INFO  [o.s.c.c.s.environment.NativeEnvironmentRepository] NativeEnvironmentRepository.java:266 - Adding property source: file:/D:/workspace/myfile/GIT/springcloud/temp/git-config/main-pc-dev.yml
2019-12-10 21:14:11,907 [XNIO-1 task-4] INFO  [o.s.c.c.s.environment.NativeEnvironmentRepository] NativeEnvironmentRepository.java:266 - Adding property source: file:/D:/workspace/myfile/GIT/springcloud/temp/git-config/application-dev.yml
2019-12-10 21:14:16,830 [AsyncResolver-bootstrap-executor-0] INFO  [c.n.d.shared.resolver.aws.ConfigClusterResolver] ConfigClusterResolver.java:43 - Resolving eureka endpoints via configuration
2019-12-10 21:19:16,834 [AsyncResolver-bootstrap-executor-0] INFO  [c.n.d.shared.resolver.aws.ConfigClusterResolver] ConfigClusterResolver.java:43 - Resolving eureka endpoints via configuration
2019-12-10 21:24:16,839 [AsyncResolver-bootstrap-executor-0] INFO  [c.n.d.shared.resolver.aws.ConfigClusterResolver] ConfigClusterResolver.java:43 - Resolving eureka endpoints via configuration
2019-12-10 21:29:16,844 [AsyncResolver-bootstrap-executor-0] INFO  [c.n.d.shared.resolver.aws.ConfigClusterResolver] ConfigClusterResolver.java:43 - Resolving eureka endpoints via configuration
2019-12-10 21:33:04,997 [XNIO-1 task-5] WARN  [o.s.c.c.s.e.MultipleJGitEnvironmentRepository] JGitEnvironmentRepository.java:451 - Dirty files found: [temp]
2019-12-10 21:33:06,796 [XNIO-1 task-5] WARN  [o.s.c.c.s.e.MultipleJGitEnvironmentRepository] JGitEnvironmentRepository.java:319 - The local repository is dirty or ahead of origin. Resetting it to origin/master.
2019-12-10 21:33:06,833 [XNIO-1 task-5] INFO  [o.s.c.c.s.e.MultipleJGitEnvironmentRepository] JGitEnvironmentRepository.java:520 - Reset label master to version AnyObjectId[45b6e839aca95ff150a07a9c06b61a7f51b63dda]
2019-12-10 21:33:07,134 [XNIO-1 task-5] INFO  [o.s.c.c.s.environment.NativeEnvironmentRepository] NativeEnvironmentRepository.java:266 - Adding property source: file:/D:/workspace/myfile/GIT/springcloud/temp/git-config/main-mobile-dev.yml
2019-12-10 21:33:07,135 [XNIO-1 task-5] INFO  [o.s.c.c.s.environment.NativeEnvironmentRepository] NativeEnvironmentRepository.java:266 - Adding property source: file:/D:/workspace/myfile/GIT/springcloud/temp/git-config/application-dev.yml
2019-12-10 21:33:22,111 [XNIO-1 task-6] WARN  [o.s.c.c.s.e.MultipleJGitEnvironmentRepository] JGitEnvironmentRepository.java:451 - Dirty files found: [temp]
2019-12-10 21:33:24,599 [XNIO-1 task-6] WARN  [o.s.c.c.s.e.MultipleJGitEnvironmentRepository] JGitEnvironmentRepository.java:319 - The local repository is dirty or ahead of origin. Resetting it to origin/master.
2019-12-10 21:33:24,644 [XNIO-1 task-6] INFO  [o.s.c.c.s.e.MultipleJGitEnvironmentRepository] JGitEnvironmentRepository.java:520 - Reset label master to version AnyObjectId[45b6e839aca95ff150a07a9c06b61a7f51b63dda]
2019-12-10 21:33:24,910 [XNIO-1 task-6] INFO  [o.s.c.c.s.environment.NativeEnvironmentRepository] NativeEnvironmentRepository.java:266 - Adding property source: file:/D:/workspace/myfile/GIT/springcloud/temp/git-config/main-mobile-dev.yml
2019-12-10 21:33:24,911 [XNIO-1 task-6] INFO  [o.s.c.c.s.environment.NativeEnvironmentRepository] NativeEnvironmentRepository.java:266 - Adding property source: file:/D:/workspace/myfile/GIT/springcloud/temp/git-config/application-dev.yml
2019-12-10 21:34:16,853 [AsyncResolver-bootstrap-executor-0] INFO  [c.n.d.shared.resolver.aws.ConfigClusterResolver] ConfigClusterResolver.java:43 - Resolving eureka endpoints via configuration
2019-12-10 21:36:14,085 [Thread-6] INFO  [o.s.c.n.e.serviceregistry.EurekaServiceRegistry] EurekaServiceRegistry.java:65 - Unregistering application CONFIG with eureka with status DOWN
2019-12-10 21:36:14,091 [Thread-6] WARN  [com.netflix.discovery.DiscoveryClient] DiscoveryClient.java:1321 - Saw local status change event StatusChangeEvent [timestamp=1575984974091, current=DOWN, previous=UP]
2019-12-10 21:36:14,169 [DiscoveryClient-InstanceInfoReplicator-0] INFO  [com.netflix.discovery.DiscoveryClient] DiscoveryClient.java:844 - DiscoveryClient_CONFIG/AUTOBVT-SMVSLG2:config:9762: registering service...
2019-12-10 21:36:14,412 [DiscoveryClient-InstanceInfoReplicator-0] INFO  [com.netflix.discovery.DiscoveryClient] DiscoveryClient.java:853 - DiscoveryClient_CONFIG/AUTOBVT-SMVSLG2:config:9762 - registration status: 204
2019-12-10 21:36:16,981 [Thread-6] INFO  [o.s.a.r.listener.SimpleMessageListenerContainer] SimpleMessageListenerContainer.java:591 - Waiting for workers to finish.
