2019-11-26 13:27:09,903 [main] INFO  [c.u.j.c.EnableEncryptablePropertiesConfiguration] EnableEncryptablePropertiesConfiguration.java:69 - Bootstraping jasypt-string-boot auto configuration in context: register-1
2019-11-26 13:27:09,907 [main] INFO  [com.zhupeng.RegisterApplication] SpringApplication.java:648 - No active profile set, falling back to default profiles: default
2019-11-26 13:27:12,397 [main] WARN  [o.springframework.boot.actuate.endpoint.EndpointId] EndpointId.java:131 - Endpoint ID 'bus-env' contains invalid characters, please migrate to a valid format.
2019-11-26 13:27:13,444 [main] WARN  [o.springframework.boot.actuate.endpoint.EndpointId] EndpointId.java:131 - Endpoint ID 'bus-refresh' contains invalid characters, please migrate to a valid format.
2019-11-26 13:27:13,668 [main] WARN  [o.springframework.boot.actuate.endpoint.EndpointId] EndpointId.java:131 - Endpoint ID 'service-registry' contains invalid characters, please migrate to a valid format.
2019-11-26 13:27:15,801 [main] INFO  [o.springframework.cloud.context.scope.GenericScope] GenericScope.java:295 - BeanFactory id=ba56c324-b286-379f-b450-46bedfb773ff
2019-11-26 13:27:15,909 [main] INFO  [c.u.j.c.EnableEncryptablePropertiesBeanFactoryPostProcessor] EnableEncryptablePropertiesBeanFactoryPostProcessor.java:50 - Post-processing PropertySource instances
2019-11-26 13:27:15,945 [main] INFO  [c.u.j.EncryptablePropertySourceConverter] EncryptablePropertySourceConverter.java:38 - Converting PropertySource configurationProperties [org.springframework.boot.context.properties.source.ConfigurationPropertySourcesPropertySource] to AOP Proxy
2019-11-26 13:27:15,946 [main] INFO  [c.u.j.EncryptablePropertySourceConverter] EncryptablePropertySourceConverter.java:38 - Converting PropertySource servletConfigInitParams [org.springframework.core.env.PropertySource$StubPropertySource] to EncryptablePropertySourceWrapper
2019-11-26 13:27:15,947 [main] INFO  [c.u.j.EncryptablePropertySourceConverter] EncryptablePropertySourceConverter.java:38 - Converting PropertySource servletContextInitParams [org.springframework.core.env.PropertySource$StubPropertySource] to EncryptablePropertySourceWrapper
2019-11-26 13:27:15,947 [main] INFO  [c.u.j.EncryptablePropertySourceConverter] EncryptablePropertySourceConverter.java:38 - Converting PropertySource systemProperties [org.springframework.core.env.PropertiesPropertySource] to EncryptableMapPropertySourceWrapper
2019-11-26 13:27:15,949 [main] INFO  [c.u.j.EncryptablePropertySourceConverter] EncryptablePropertySourceConverter.java:38 - Converting PropertySource systemEnvironment [org.springframework.boot.env.SystemEnvironmentPropertySourceEnvironmentPostProcessor$OriginAwareSystemEnvironmentPropertySource] to EncryptableMapPropertySourceWrapper
2019-11-26 13:27:15,949 [main] INFO  [c.u.j.EncryptablePropertySourceConverter] EncryptablePropertySourceConverter.java:38 - Converting PropertySource random [org.springframework.boot.env.RandomValuePropertySource] to EncryptablePropertySourceWrapper
2019-11-26 13:27:15,950 [main] INFO  [c.u.j.EncryptablePropertySourceConverter] EncryptablePropertySourceConverter.java:38 - Converting PropertySource springCloudClientHostInfo [org.springframework.core.env.MapPropertySource] to EncryptableMapPropertySourceWrapper
2019-11-26 13:27:15,951 [main] INFO  [c.u.j.EncryptablePropertySourceConverter] EncryptablePropertySourceConverter.java:38 - Converting PropertySource class path resource [eureka/server.properties] [org.springframework.core.io.support.ResourcePropertySource] to EncryptableMapPropertySourceWrapper
2019-11-26 13:27:15,952 [main] INFO  [c.u.j.EncryptablePropertySourceConverter] EncryptablePropertySourceConverter.java:38 - Converting PropertySource defaultProperties [org.springframework.core.env.MapPropertySource] to EncryptableMapPropertySourceWrapper
2019-11-26 13:27:15,994 [main] INFO  [o.s.i.c.DefaultConfiguringBeanFactoryPostProcessor] DefaultConfiguringBeanFactoryPostProcessor.java:193 - No bean named 'errorChannel' has been explicitly defined. Therefore, a default PublishSubscribeChannel will be created.
2019-11-26 13:27:16,037 [main] INFO  [o.s.i.c.DefaultConfiguringBeanFactoryPostProcessor] DefaultConfiguringBeanFactoryPostProcessor.java:280 - No bean named 'taskScheduler' has been explicitly defined. Therefore, a default ThreadPoolTaskScheduler will be created.
2019-11-26 13:27:16,048 [main] INFO  [o.s.i.c.DefaultConfiguringBeanFactoryPostProcessor] DefaultConfiguringBeanFactoryPostProcessor.java:431 - No bean named 'integrationHeaderChannelRegistry' has been explicitly defined. Therefore, a default DefaultHeaderChannelRegistry will be created.
2019-11-26 13:27:16,165 [main] INFO  [c.u.j.filter.DefaultLazyPropertyFilter] DefaultLazyPropertyFilter.java:31 - Property Filter custom Bean not found with name 'encryptablePropertyFilter'. Initializing Default Property Filter
2019-11-26 13:27:16,953 [main] INFO  [o.s.c.s.PostProcessorRegistrationDelegate$BeanPostProcessorChecker] PostProcessorRegistrationDelegate.java:330 - Bean 'integrationDisposableAutoCreatedBeans' of type [org.springframework.integration.config.annotation.Disposables] is not eligible for getting processed by all BeanPostProcessors (for example: not eligible for auto-proxying)
2019-11-26 13:27:17,142 [main] INFO  [o.s.c.s.PostProcessorRegistrationDelegate$BeanPostProcessorChecker] PostProcessorRegistrationDelegate.java:330 - Bean 'org.springframework.integration.config.IntegrationManagementConfiguration' of type [org.springframework.integration.config.IntegrationManagementConfiguration$$EnhancerBySpringCGLIB$$445de39d] is not eligible for getting processed by all BeanPostProcessors (for example: not eligible for auto-proxying)
2019-11-26 13:27:17,197 [main] INFO  [o.s.c.s.PostProcessorRegistrationDelegate$BeanPostProcessorChecker] PostProcessorRegistrationDelegate.java:330 - Bean 'org.springframework.boot.autoconfigure.integration.IntegrationAutoConfiguration$IntegrationJmxConfiguration' of type [org.springframework.boot.autoconfigure.integration.IntegrationAutoConfiguration$IntegrationJmxConfiguration$$EnhancerBySpringCGLIB$$1fefeebd] is not eligible for getting processed by all BeanPostProcessors (for example: not eligible for auto-proxying)
2019-11-26 13:27:17,223 [main] INFO  [o.s.c.s.PostProcessorRegistrationDelegate$BeanPostProcessorChecker] PostProcessorRegistrationDelegate.java:330 - Bean 'org.springframework.boot.autoconfigure.jmx.JmxAutoConfiguration' of type [org.springframework.boot.autoconfigure.jmx.JmxAutoConfiguration$$EnhancerBySpringCGLIB$$58d7978a] is not eligible for getting processed by all BeanPostProcessors (for example: not eligible for auto-proxying)
2019-11-26 13:27:17,315 [main] INFO  [o.s.c.s.PostProcessorRegistrationDelegate$BeanPostProcessorChecker] PostProcessorRegistrationDelegate.java:330 - Bean 'mbeanServer' of type [com.sun.jmx.mbeanserver.JmxMBeanServer] is not eligible for getting processed by all BeanPostProcessors (for example: not eligible for auto-proxying)
2019-11-26 13:27:17,394 [main] INFO  [o.s.c.s.PostProcessorRegistrationDelegate$BeanPostProcessorChecker] PostProcessorRegistrationDelegate.java:330 - Bean 'org.springframework.cloud.autoconfigure.ConfigurationPropertiesRebinderAutoConfiguration' of type [org.springframework.cloud.autoconfigure.ConfigurationPropertiesRebinderAutoConfiguration$$EnhancerBySpringCGLIB$$f5862b6b] is not eligible for getting processed by all BeanPostProcessors (for example: not eligible for auto-proxying)
2019-11-26 13:27:17,878 [main] INFO  [c.u.j.resolver.DefaultLazyPropertyResolver] DefaultLazyPropertyResolver.java:31 - Property Resolver custom Bean not found with name 'encryptablePropertyResolver'. Initializing Default Property Resolver
2019-11-26 13:27:17,879 [main] INFO  [c.u.j.detector.DefaultLazyPropertyDetector] DefaultLazyPropertyDetector.java:30 - Property Detector custom Bean not found with name 'encryptablePropertyDetector'. Initializing Default Property Detector
2019-11-26 13:27:18,659 [main] WARN  [io.undertow.websockets.jsr] Bootstrap.java:68 - UT026010: Buffer pool was not set on WebSocketDeploymentInfo, the default pool will be used
2019-11-26 13:27:18,722 [main] INFO  [io.undertow.servlet] ServletContextImpl.java:364 - Initializing Spring embedded WebApplicationContext
2019-11-26 13:27:18,723 [main] INFO  [org.springframework.web.context.ContextLoader] ServletWebServerApplicationContext.java:284 - Root WebApplicationContext: initialization completed in 8758 ms
2019-11-26 13:27:19,135 [main] WARN  [com.netflix.config.sources.URLConfigurationSource] URLConfigurationSource.java:121 - No URLs will be polled as dynamic configuration sources.
2019-11-26 13:27:19,135 [main] INFO  [com.netflix.config.sources.URLConfigurationSource] URLConfigurationSource.java:122 - To enable URLs as dynamic configuration sources, define System property archaius.configurationSource.additionalUrls or make config.properties available on classpath.
2019-11-26 13:27:19,191 [main] INFO  [com.netflix.config.DynamicPropertyFactory] DynamicPropertyFactory.java:281 - DynamicPropertyFactory is initialized with configuration sources: com.netflix.config.ConcurrentCompositeConfiguration@45eacb70
2019-11-26 13:27:22,338 [main] INFO  [o.s.scheduling.concurrent.ThreadPoolTaskScheduler] ExecutorConfigurationSupport.java:171 - Initializing ExecutorService 'taskScheduler'
2019-11-26 13:27:23,556 [main] INFO  [o.s.b.a.endpoint.web.ServletEndpointRegistrar] ServletEndpointRegistrar.java:74 - Registered '/actuator/jolokia' to jolokia-actuator-endpoint
2019-11-26 13:27:24,281 [main] INFO  [o.s.security.web.DefaultSecurityFilterChain] DefaultSecurityFilterChain.java:43 - Creating filter chain: any request, [org.springframework.security.web.context.request.async.WebAsyncManagerIntegrationFilter@1ecd09d5, org.springframework.security.web.context.SecurityContextPersistenceFilter@7b9d602c, org.springframework.security.web.header.HeaderWriterFilter@407d2a01, org.springframework.security.web.authentication.logout.LogoutFilter@5dc1597f, org.springframework.security.web.authentication.www.BasicAuthenticationFilter@198524ec, org.springframework.security.web.savedrequest.RequestCacheAwareFilter@4adc3951, org.springframework.security.web.servletapi.SecurityContextHolderAwareRequestFilter@18cb4ed1, org.springframework.security.web.authentication.AnonymousAuthenticationFilter@36f438f1, org.springframework.security.web.session.SessionManagementFilter@404566e7, org.springframework.security.web.access.ExceptionTranslationFilter@4d0d568f, org.springframework.security.web.access.intercept.FilterSecurityInterceptor@65b7678a]
2019-11-26 13:27:24,350 [main] WARN  [com.netflix.config.sources.URLConfigurationSource] URLConfigurationSource.java:121 - No URLs will be polled as dynamic configuration sources.
2019-11-26 13:27:24,352 [main] INFO  [com.netflix.config.sources.URLConfigurationSource] URLConfigurationSource.java:122 - To enable URLs as dynamic configuration sources, define System property archaius.configurationSource.additionalUrls or make config.properties available on classpath.
2019-11-26 13:27:24,974 [main] INFO  [o.s.scheduling.concurrent.ThreadPoolTaskExecutor] ExecutorConfigurationSupport.java:171 - Initializing ExecutorService 'applicationTaskExecutor'
2019-11-26 13:27:29,106 [main] INFO  [o.s.cloud.netflix.eureka.InstanceInfoFactory] InstanceInfoFactory.java:72 - Setting initial instance status as: STARTING
2019-11-26 13:27:29,180 [main] INFO  [com.netflix.discovery.DiscoveryClient] DiscoveryClient.java:365 - Initializing Eureka in region us-east-1
2019-11-26 13:27:29,182 [main] INFO  [com.netflix.discovery.DiscoveryClient] DiscoveryClient.java:368 - Client configured to neither register nor query for data.
2019-11-26 13:27:29,225 [main] INFO  [com.netflix.discovery.DiscoveryClient] DiscoveryClient.java:381 - Discovery Client initialized at timestamp 1574746049217 with initial instances count: 0
2019-11-26 13:27:29,342 [main] INFO  [com.netflix.eureka.DefaultEurekaServerContext] DefaultEurekaServerContext.java:63 - Initializing ...
2019-11-26 13:27:29,345 [main] INFO  [com.netflix.eureka.cluster.PeerEurekaNodes] PeerEurekaNodes.java:187 - Adding new peer nodes [http://admin:zhupeng@localhost:9761/eureka/]
2019-11-26 13:27:29,735 [main] INFO  [c.n.discovery.provider.DiscoveryJerseyProvider] DiscoveryJerseyProvider.java:70 - Using JSON encoding codec LegacyJacksonJson
2019-11-26 13:27:29,735 [main] INFO  [c.n.discovery.provider.DiscoveryJerseyProvider] DiscoveryJerseyProvider.java:71 - Using JSON decoding codec LegacyJacksonJson
2019-11-26 13:27:29,736 [main] INFO  [c.n.discovery.provider.DiscoveryJerseyProvider] DiscoveryJerseyProvider.java:80 - Using XML encoding codec XStreamXml
2019-11-26 13:27:29,737 [main] INFO  [c.n.discovery.provider.DiscoveryJerseyProvider] DiscoveryJerseyProvider.java:81 - Using XML decoding codec XStreamXml
2019-11-26 13:27:30,296 [main] INFO  [com.netflix.eureka.cluster.PeerEurekaNodes] PeerEurekaNodes.java:109 - Replica node URL:  http://admin:zhupeng@localhost:9761/eureka/
2019-11-26 13:27:30,323 [main] INFO  [c.netflix.eureka.registry.AbstractInstanceRegistry] AbstractInstanceRegistry.java:151 - Finished initializing remote region registries. All known remote regions: []
2019-11-26 13:27:30,328 [main] INFO  [com.netflix.eureka.DefaultEurekaServerContext] DefaultEurekaServerContext.java:70 - Initialized
2019-11-26 13:27:30,681 [main] INFO  [o.s.b.actuate.endpoint.web.EndpointLinksResolver] EndpointLinksResolver.java:58 - Exposing 25 endpoint(s) beneath base path '/actuator'
2019-11-26 13:27:31,147 [main] INFO  [o.s.c.stream.messaging.DirectWithAttributesChannel] AbstractSubscribableChannel.java:64 - Channel 'register-1.springCloudBusInput' has 1 subscriber(s).
2019-11-26 13:27:31,407 [main] INFO  [o.s.integration.monitor.IntegrationMBeanExporter] IntegrationMBeanExporter.java:767 - Registering MessageChannel springCloudBusInput
2019-11-26 13:27:31,503 [main] INFO  [o.s.integration.monitor.IntegrationMBeanExporter] IntegrationMBeanExporter.java:767 - Registering MessageChannel errorChannel
2019-11-26 13:27:31,565 [main] INFO  [o.s.integration.monitor.IntegrationMBeanExporter] IntegrationMBeanExporter.java:767 - Registering MessageChannel nullChannel
2019-11-26 13:27:31,583 [main] INFO  [o.s.integration.monitor.IntegrationMBeanExporter] IntegrationMBeanExporter.java:767 - Registering MessageChannel springCloudBusOutput
2019-11-26 13:27:31,610 [main] INFO  [o.s.integration.monitor.IntegrationMBeanExporter] IntegrationMBeanExporter.java:785 - Registering MessageHandler org.springframework.cloud.stream.binding.StreamListenerMessageHandler@7db57566
2019-11-26 13:27:31,746 [main] INFO  [o.s.integration.monitor.IntegrationMBeanExporter] IntegrationMBeanExporter.java:785 - Registering MessageHandler errorLogger
2019-11-26 13:27:31,810 [main] INFO  [o.s.integration.endpoint.EventDrivenConsumer] EventDrivenConsumer.java:107 - Adding {logging-channel-adapter:_org.springframework.integration.errorLogger} as a subscriber to the 'errorChannel' channel
2019-11-26 13:27:31,811 [main] INFO  [o.s.integration.channel.PublishSubscribeChannel] AbstractSubscribableChannel.java:64 - Channel 'register-1.errorChannel' has 1 subscriber(s).
2019-11-26 13:27:31,811 [main] INFO  [o.s.integration.endpoint.EventDrivenConsumer] AbstractEndpoint.java:159 - started _org.springframework.integration.errorLogger
2019-11-26 13:28:20,475 [main] INFO  [c.u.j.c.EnableEncryptablePropertiesConfiguration] EnableEncryptablePropertiesConfiguration.java:69 - Bootstraping jasypt-string-boot auto configuration in context: config-1
2019-11-26 13:28:20,475 [main] INFO  [com.zhupeng.ConfigApplication] SpringApplication.java:652 - The following profiles are active: native
2019-11-26 13:28:21,860 [main] WARN  [o.springframework.boot.actuate.endpoint.EndpointId] EndpointId.java:131 - Endpoint ID 'bus-env' contains invalid characters, please migrate to a valid format.
2019-11-26 13:28:22,338 [main] WARN  [o.springframework.boot.actuate.endpoint.EndpointId] EndpointId.java:131 - Endpoint ID 'bus-refresh' contains invalid characters, please migrate to a valid format.
2019-11-26 13:28:22,441 [main] WARN  [o.springframework.boot.actuate.endpoint.EndpointId] EndpointId.java:131 - Endpoint ID 'service-registry' contains invalid characters, please migrate to a valid format.
2019-11-26 13:28:23,643 [main] INFO  [o.springframework.cloud.context.scope.GenericScope] GenericScope.java:295 - BeanFactory id=f112bf92-2a2b-3fdb-a4be-23839034d842
2019-11-26 13:28:23,672 [main] INFO  [c.u.j.c.EnableEncryptablePropertiesBeanFactoryPostProcessor] EnableEncryptablePropertiesBeanFactoryPostProcessor.java:50 - Post-processing PropertySource instances
2019-11-26 13:28:23,700 [main] INFO  [c.u.j.EncryptablePropertySourceConverter] EncryptablePropertySourceConverter.java:38 - Converting PropertySource configurationProperties [org.springframework.boot.context.properties.source.ConfigurationPropertySourcesPropertySource] to AOP Proxy
2019-11-26 13:28:23,701 [main] INFO  [c.u.j.EncryptablePropertySourceConverter] EncryptablePropertySourceConverter.java:38 - Converting PropertySource servletConfigInitParams [org.springframework.core.env.PropertySource$StubPropertySource] to EncryptablePropertySourceWrapper
2019-11-26 13:28:23,701 [main] INFO  [c.u.j.EncryptablePropertySourceConverter] EncryptablePropertySourceConverter.java:38 - Converting PropertySource servletContextInitParams [org.springframework.core.env.PropertySource$StubPropertySource] to EncryptablePropertySourceWrapper
2019-11-26 13:28:23,701 [main] INFO  [c.u.j.EncryptablePropertySourceConverter] EncryptablePropertySourceConverter.java:38 - Converting PropertySource systemProperties [org.springframework.core.env.PropertiesPropertySource] to EncryptableMapPropertySourceWrapper
2019-11-26 13:28:23,701 [main] INFO  [c.u.j.EncryptablePropertySourceConverter] EncryptablePropertySourceConverter.java:38 - Converting PropertySource systemEnvironment [org.springframework.boot.env.SystemEnvironmentPropertySourceEnvironmentPostProcessor$OriginAwareSystemEnvironmentPropertySource] to EncryptableMapPropertySourceWrapper
2019-11-26 13:28:23,702 [main] INFO  [c.u.j.EncryptablePropertySourceConverter] EncryptablePropertySourceConverter.java:38 - Converting PropertySource random [org.springframework.boot.env.RandomValuePropertySource] to EncryptablePropertySourceWrapper
2019-11-26 13:28:23,702 [main] INFO  [c.u.j.EncryptablePropertySourceConverter] EncryptablePropertySourceConverter.java:38 - Converting PropertySource configServerClient [org.springframework.core.env.MapPropertySource] to EncryptableMapPropertySourceWrapper
2019-11-26 13:28:23,702 [main] INFO  [c.u.j.EncryptablePropertySourceConverter] EncryptablePropertySourceConverter.java:38 - Converting PropertySource springCloudClientHostInfo [org.springframework.core.env.MapPropertySource] to EncryptableMapPropertySourceWrapper
2019-11-26 13:28:23,702 [main] INFO  [c.u.j.EncryptablePropertySourceConverter] EncryptablePropertySourceConverter.java:38 - Converting PropertySource defaultProperties [org.springframework.core.env.MapPropertySource] to EncryptableMapPropertySourceWrapper
2019-11-26 13:28:23,709 [main] INFO  [o.s.i.c.DefaultConfiguringBeanFactoryPostProcessor] DefaultConfiguringBeanFactoryPostProcessor.java:193 - No bean named 'errorChannel' has been explicitly defined. Therefore, a default PublishSubscribeChannel will be created.
2019-11-26 13:28:23,718 [main] INFO  [o.s.i.c.DefaultConfiguringBeanFactoryPostProcessor] DefaultConfiguringBeanFactoryPostProcessor.java:280 - No bean named 'taskScheduler' has been explicitly defined. Therefore, a default ThreadPoolTaskScheduler will be created.
2019-11-26 13:28:23,726 [main] INFO  [o.s.i.c.DefaultConfiguringBeanFactoryPostProcessor] DefaultConfiguringBeanFactoryPostProcessor.java:431 - No bean named 'integrationHeaderChannelRegistry' has been explicitly defined. Therefore, a default DefaultHeaderChannelRegistry will be created.
2019-11-26 13:28:23,758 [main] INFO  [c.u.j.filter.DefaultLazyPropertyFilter] DefaultLazyPropertyFilter.java:31 - Property Filter custom Bean not found with name 'encryptablePropertyFilter'. Initializing Default Property Filter
2019-11-26 13:28:24,226 [main] INFO  [o.s.c.s.PostProcessorRegistrationDelegate$BeanPostProcessorChecker] PostProcessorRegistrationDelegate.java:330 - Bean 'integrationDisposableAutoCreatedBeans' of type [org.springframework.integration.config.annotation.Disposables] is not eligible for getting processed by all BeanPostProcessors (for example: not eligible for auto-proxying)
2019-11-26 13:28:24,332 [main] INFO  [o.s.c.s.PostProcessorRegistrationDelegate$BeanPostProcessorChecker] PostProcessorRegistrationDelegate.java:330 - Bean 'org.springframework.integration.config.IntegrationManagementConfiguration' of type [org.springframework.integration.config.IntegrationManagementConfiguration$$EnhancerBySpringCGLIB$$4e69bffa] is not eligible for getting processed by all BeanPostProcessors (for example: not eligible for auto-proxying)
2019-11-26 13:28:24,381 [main] INFO  [o.s.c.s.PostProcessorRegistrationDelegate$BeanPostProcessorChecker] PostProcessorRegistrationDelegate.java:330 - Bean 'org.springframework.boot.autoconfigure.integration.IntegrationAutoConfiguration$IntegrationJmxConfiguration' of type [org.springframework.boot.autoconfigure.integration.IntegrationAutoConfiguration$IntegrationJmxConfiguration$$EnhancerBySpringCGLIB$$29fbcb1a] is not eligible for getting processed by all BeanPostProcessors (for example: not eligible for auto-proxying)
2019-11-26 13:28:24,408 [main] INFO  [o.s.c.s.PostProcessorRegistrationDelegate$BeanPostProcessorChecker] PostProcessorRegistrationDelegate.java:330 - Bean 'org.springframework.boot.autoconfigure.jmx.JmxAutoConfiguration' of type [org.springframework.boot.autoconfigure.jmx.JmxAutoConfiguration$$EnhancerBySpringCGLIB$$62e373e7] is not eligible for getting processed by all BeanPostProcessors (for example: not eligible for auto-proxying)
2019-11-26 13:28:24,484 [main] INFO  [o.s.c.s.PostProcessorRegistrationDelegate$BeanPostProcessorChecker] PostProcessorRegistrationDelegate.java:330 - Bean 'mbeanServer' of type [com.sun.jmx.mbeanserver.JmxMBeanServer] is not eligible for getting processed by all BeanPostProcessors (for example: not eligible for auto-proxying)
2019-11-26 13:28:24,563 [main] INFO  [o.s.c.s.PostProcessorRegistrationDelegate$BeanPostProcessorChecker] PostProcessorRegistrationDelegate.java:330 - Bean 'org.springframework.cloud.autoconfigure.ConfigurationPropertiesRebinderAutoConfiguration' of type [org.springframework.cloud.autoconfigure.ConfigurationPropertiesRebinderAutoConfiguration$$EnhancerBySpringCGLIB$$ff9207c8] is not eligible for getting processed by all BeanPostProcessors (for example: not eligible for auto-proxying)
2019-11-26 13:28:25,589 [main] WARN  [io.undertow.websockets.jsr] Bootstrap.java:68 - UT026010: Buffer pool was not set on WebSocketDeploymentInfo, the default pool will be used
2019-11-26 13:28:25,630 [main] INFO  [io.undertow.servlet] ServletContextImpl.java:364 - Initializing Spring embedded WebApplicationContext
2019-11-26 13:28:25,630 [main] INFO  [org.springframework.web.context.ContextLoader] ServletWebServerApplicationContext.java:284 - Root WebApplicationContext: initialization completed in 5125 ms
2019-11-26 13:28:26,027 [main] WARN  [com.netflix.config.sources.URLConfigurationSource] URLConfigurationSource.java:121 - No URLs will be polled as dynamic configuration sources.
2019-11-26 13:28:26,028 [main] INFO  [com.netflix.config.sources.URLConfigurationSource] URLConfigurationSource.java:122 - To enable URLs as dynamic configuration sources, define System property archaius.configurationSource.additionalUrls or make config.properties available on classpath.
2019-11-26 13:28:26,056 [main] INFO  [com.netflix.config.DynamicPropertyFactory] DynamicPropertyFactory.java:281 - DynamicPropertyFactory is initialized with configuration sources: com.netflix.config.ConcurrentCompositeConfiguration@26495639
2019-11-26 13:28:26,275 [main] INFO  [c.u.j.resolver.DefaultLazyPropertyResolver] DefaultLazyPropertyResolver.java:31 - Property Resolver custom Bean not found with name 'encryptablePropertyResolver'. Initializing Default Property Resolver
2019-11-26 13:28:26,276 [main] INFO  [c.u.j.detector.DefaultLazyPropertyDetector] DefaultLazyPropertyDetector.java:30 - Property Detector custom Bean not found with name 'encryptablePropertyDetector'. Initializing Default Property Detector
2019-11-26 13:28:28,336 [main] INFO  [o.s.scheduling.concurrent.ThreadPoolTaskScheduler] ExecutorConfigurationSupport.java:171 - Initializing ExecutorService 'taskScheduler'
2019-11-26 13:28:29,281 [main] INFO  [o.s.b.a.endpoint.web.ServletEndpointRegistrar] ServletEndpointRegistrar.java:74 - Registered '/actuator/jolokia' to jolokia-actuator-endpoint
2019-11-26 13:28:29,390 [main] WARN  [com.netflix.config.sources.URLConfigurationSource] URLConfigurationSource.java:121 - No URLs will be polled as dynamic configuration sources.
2019-11-26 13:28:29,392 [main] INFO  [com.netflix.config.sources.URLConfigurationSource] URLConfigurationSource.java:122 - To enable URLs as dynamic configuration sources, define System property archaius.configurationSource.additionalUrls or make config.properties available on classpath.
2019-11-26 13:28:30,345 [main] INFO  [o.s.scheduling.concurrent.ThreadPoolTaskExecutor] ExecutorConfigurationSupport.java:171 - Initializing ExecutorService 'applicationTaskExecutor'
2019-11-26 13:28:36,491 [main] INFO  [o.s.b.actuate.endpoint.web.EndpointLinksResolver] EndpointLinksResolver.java:58 - Exposing 25 endpoint(s) beneath base path '/actuator'
2019-11-26 13:28:36,663 [main] INFO  [o.s.c.stream.messaging.DirectWithAttributesChannel] AbstractSubscribableChannel.java:64 - Channel 'config-1.springCloudBusInput' has 1 subscriber(s).
2019-11-26 13:28:37,684 [main] INFO  [o.s.integration.monitor.IntegrationMBeanExporter] IntegrationMBeanExporter.java:767 - Registering MessageChannel springCloudBusInput
2019-11-26 13:28:37,779 [main] INFO  [o.s.integration.monitor.IntegrationMBeanExporter] IntegrationMBeanExporter.java:767 - Registering MessageChannel nullChannel
2019-11-26 13:28:37,795 [main] INFO  [o.s.integration.monitor.IntegrationMBeanExporter] IntegrationMBeanExporter.java:767 - Registering MessageChannel springCloudBusOutput
2019-11-26 13:28:37,803 [main] INFO  [o.s.integration.monitor.IntegrationMBeanExporter] IntegrationMBeanExporter.java:767 - Registering MessageChannel errorChannel
2019-11-26 13:28:37,855 [main] INFO  [o.s.integration.monitor.IntegrationMBeanExporter] IntegrationMBeanExporter.java:785 - Registering MessageHandler org.springframework.cloud.stream.binding.StreamListenerMessageHandler@3c6e407
2019-11-26 13:28:37,936 [main] INFO  [o.s.integration.monitor.IntegrationMBeanExporter] IntegrationMBeanExporter.java:785 - Registering MessageHandler errorLogger
2019-11-26 13:28:37,989 [main] INFO  [o.s.integration.endpoint.EventDrivenConsumer] EventDrivenConsumer.java:107 - Adding {logging-channel-adapter:_org.springframework.integration.errorLogger} as a subscriber to the 'errorChannel' channel
2019-11-26 13:28:37,990 [main] INFO  [o.s.integration.channel.PublishSubscribeChannel] AbstractSubscribableChannel.java:64 - Channel 'config-1.errorChannel' has 1 subscriber(s).
2019-11-26 13:28:37,990 [main] INFO  [o.s.integration.endpoint.EventDrivenConsumer] AbstractEndpoint.java:159 - started _org.springframework.integration.errorLogger
2019-11-26 13:33:56,874 [main] INFO  [o.s.c.c.client.ConfigServicePropertySourceLocator] ConfigServicePropertySourceLocator.java:207 - Fetching config from server at : http://10.12.14.163:9762/
2019-11-26 13:33:57,860 [main] INFO  [o.s.c.c.client.ConfigServicePropertySourceLocator] ConfigServicePropertySourceLocator.java:151 - Located environment: name=main-mobile, profiles=[dev], label=null, version=null, state=null
2019-11-26 13:33:57,861 [main] INFO  [o.s.c.b.c.PropertySourceBootstrapConfiguration] PropertySourceBootstrapConfiguration.java:101 - Located property source: CompositePropertySource {name='configService', propertySources=[MapPropertySource {name='classpath:/config/main-mobile-dev.yml'}, MapPropertySource {name='classpath:/config/application-dev.yml'}]}
2019-11-26 19:37:08,678 [main] INFO  [c.u.j.c.EnableEncryptablePropertiesConfiguration] EnableEncryptablePropertiesConfiguration.java:69 - Bootstraping jasypt-string-boot auto configuration in context: register-1
2019-11-26 19:37:08,680 [main] INFO  [com.zhupeng.RegisterApplication] SpringApplication.java:648 - No active profile set, falling back to default profiles: default
2019-11-26 19:37:10,991 [main] WARN  [o.springframework.boot.actuate.endpoint.EndpointId] EndpointId.java:131 - Endpoint ID 'bus-env' contains invalid characters, please migrate to a valid format.
2019-11-26 19:37:11,872 [main] WARN  [o.springframework.boot.actuate.endpoint.EndpointId] EndpointId.java:131 - Endpoint ID 'bus-refresh' contains invalid characters, please migrate to a valid format.
2019-11-26 19:37:12,003 [main] WARN  [o.springframework.boot.actuate.endpoint.EndpointId] EndpointId.java:131 - Endpoint ID 'service-registry' contains invalid characters, please migrate to a valid format.
2019-11-26 19:37:13,370 [main] INFO  [o.springframework.cloud.context.scope.GenericScope] GenericScope.java:295 - BeanFactory id=ba56c324-b286-379f-b450-46bedfb773ff
2019-11-26 19:37:13,434 [main] INFO  [c.u.j.c.EnableEncryptablePropertiesBeanFactoryPostProcessor] EnableEncryptablePropertiesBeanFactoryPostProcessor.java:50 - Post-processing PropertySource instances
2019-11-26 19:37:13,474 [main] INFO  [c.u.j.EncryptablePropertySourceConverter] EncryptablePropertySourceConverter.java:38 - Converting PropertySource configurationProperties [org.springframework.boot.context.properties.source.ConfigurationPropertySourcesPropertySource] to AOP Proxy
2019-11-26 19:37:13,475 [main] INFO  [c.u.j.EncryptablePropertySourceConverter] EncryptablePropertySourceConverter.java:38 - Converting PropertySource servletConfigInitParams [org.springframework.core.env.PropertySource$StubPropertySource] to EncryptablePropertySourceWrapper
2019-11-26 19:37:13,476 [main] INFO  [c.u.j.EncryptablePropertySourceConverter] EncryptablePropertySourceConverter.java:38 - Converting PropertySource servletContextInitParams [org.springframework.core.env.PropertySource$StubPropertySource] to EncryptablePropertySourceWrapper
2019-11-26 19:37:13,476 [main] INFO  [c.u.j.EncryptablePropertySourceConverter] EncryptablePropertySourceConverter.java:38 - Converting PropertySource systemProperties [org.springframework.core.env.PropertiesPropertySource] to EncryptableMapPropertySourceWrapper
2019-11-26 19:37:13,477 [main] INFO  [c.u.j.EncryptablePropertySourceConverter] EncryptablePropertySourceConverter.java:38 - Converting PropertySource systemEnvironment [org.springframework.boot.env.SystemEnvironmentPropertySourceEnvironmentPostProcessor$OriginAwareSystemEnvironmentPropertySource] to EncryptableMapPropertySourceWrapper
2019-11-26 19:37:13,485 [main] INFO  [c.u.j.EncryptablePropertySourceConverter] EncryptablePropertySourceConverter.java:38 - Converting PropertySource random [org.springframework.boot.env.RandomValuePropertySource] to EncryptablePropertySourceWrapper
2019-11-26 19:37:13,485 [main] INFO  [c.u.j.EncryptablePropertySourceConverter] EncryptablePropertySourceConverter.java:38 - Converting PropertySource springCloudClientHostInfo [org.springframework.core.env.MapPropertySource] to EncryptableMapPropertySourceWrapper
2019-11-26 19:37:13,485 [main] INFO  [c.u.j.EncryptablePropertySourceConverter] EncryptablePropertySourceConverter.java:38 - Converting PropertySource class path resource [eureka/server.properties] [org.springframework.core.io.support.ResourcePropertySource] to EncryptableMapPropertySourceWrapper
2019-11-26 19:37:13,486 [main] INFO  [c.u.j.EncryptablePropertySourceConverter] EncryptablePropertySourceConverter.java:38 - Converting PropertySource defaultProperties [org.springframework.core.env.MapPropertySource] to EncryptableMapPropertySourceWrapper
2019-11-26 19:37:13,517 [main] INFO  [o.s.i.c.DefaultConfiguringBeanFactoryPostProcessor] DefaultConfiguringBeanFactoryPostProcessor.java:193 - No bean named 'errorChannel' has been explicitly defined. Therefore, a default PublishSubscribeChannel will be created.
2019-11-26 19:37:13,530 [main] INFO  [o.s.i.c.DefaultConfiguringBeanFactoryPostProcessor] DefaultConfiguringBeanFactoryPostProcessor.java:280 - No bean named 'taskScheduler' has been explicitly defined. Therefore, a default ThreadPoolTaskScheduler will be created.
2019-11-26 19:37:13,541 [main] INFO  [o.s.i.c.DefaultConfiguringBeanFactoryPostProcessor] DefaultConfiguringBeanFactoryPostProcessor.java:431 - No bean named 'integrationHeaderChannelRegistry' has been explicitly defined. Therefore, a default DefaultHeaderChannelRegistry will be created.
2019-11-26 19:37:13,593 [main] INFO  [c.u.j.filter.DefaultLazyPropertyFilter] DefaultLazyPropertyFilter.java:31 - Property Filter custom Bean not found with name 'encryptablePropertyFilter'. Initializing Default Property Filter
2019-11-26 19:37:14,228 [main] INFO  [o.s.c.s.PostProcessorRegistrationDelegate$BeanPostProcessorChecker] PostProcessorRegistrationDelegate.java:330 - Bean 'integrationDisposableAutoCreatedBeans' of type [org.springframework.integration.config.annotation.Disposables] is not eligible for getting processed by all BeanPostProcessors (for example: not eligible for auto-proxying)
2019-11-26 19:37:14,344 [main] INFO  [o.s.c.s.PostProcessorRegistrationDelegate$BeanPostProcessorChecker] PostProcessorRegistrationDelegate.java:330 - Bean 'org.springframework.integration.config.IntegrationManagementConfiguration' of type [org.springframework.integration.config.IntegrationManagementConfiguration$$EnhancerBySpringCGLIB$$9271c0b0] is not eligible for getting processed by all BeanPostProcessors (for example: not eligible for auto-proxying)
2019-11-26 19:37:14,377 [main] INFO  [o.s.c.s.PostProcessorRegistrationDelegate$BeanPostProcessorChecker] PostProcessorRegistrationDelegate.java:330 - Bean 'org.springframework.boot.autoconfigure.integration.IntegrationAutoConfiguration$IntegrationJmxConfiguration' of type [org.springframework.boot.autoconfigure.integration.IntegrationAutoConfiguration$IntegrationJmxConfiguration$$EnhancerBySpringCGLIB$$6e03cbd0] is not eligible for getting processed by all BeanPostProcessors (for example: not eligible for auto-proxying)
2019-11-26 19:37:14,425 [main] INFO  [o.s.c.s.PostProcessorRegistrationDelegate$BeanPostProcessorChecker] PostProcessorRegistrationDelegate.java:330 - Bean 'org.springframework.boot.autoconfigure.jmx.JmxAutoConfiguration' of type [org.springframework.boot.autoconfigure.jmx.JmxAutoConfiguration$$EnhancerBySpringCGLIB$$a6eb749d] is not eligible for getting processed by all BeanPostProcessors (for example: not eligible for auto-proxying)
2019-11-26 19:37:14,532 [main] INFO  [o.s.c.s.PostProcessorRegistrationDelegate$BeanPostProcessorChecker] PostProcessorRegistrationDelegate.java:330 - Bean 'mbeanServer' of type [com.sun.jmx.mbeanserver.JmxMBeanServer] is not eligible for getting processed by all BeanPostProcessors (for example: not eligible for auto-proxying)
2019-11-26 19:37:14,623 [main] INFO  [o.s.c.s.PostProcessorRegistrationDelegate$BeanPostProcessorChecker] PostProcessorRegistrationDelegate.java:330 - Bean 'org.springframework.cloud.autoconfigure.ConfigurationPropertiesRebinderAutoConfiguration' of type [org.springframework.cloud.autoconfigure.ConfigurationPropertiesRebinderAutoConfiguration$$EnhancerBySpringCGLIB$$439a087e] is not eligible for getting processed by all BeanPostProcessors (for example: not eligible for auto-proxying)
2019-11-26 19:37:15,082 [main] INFO  [c.u.j.resolver.DefaultLazyPropertyResolver] DefaultLazyPropertyResolver.java:31 - Property Resolver custom Bean not found with name 'encryptablePropertyResolver'. Initializing Default Property Resolver
2019-11-26 19:37:15,083 [main] INFO  [c.u.j.detector.DefaultLazyPropertyDetector] DefaultLazyPropertyDetector.java:30 - Property Detector custom Bean not found with name 'encryptablePropertyDetector'. Initializing Default Property Detector
2019-11-26 19:37:16,112 [main] WARN  [io.undertow.websockets.jsr] Bootstrap.java:68 - UT026010: Buffer pool was not set on WebSocketDeploymentInfo, the default pool will be used
2019-11-26 19:37:16,170 [main] INFO  [io.undertow.servlet] ServletContextImpl.java:364 - Initializing Spring embedded WebApplicationContext
2019-11-26 19:37:16,170 [main] INFO  [org.springframework.web.context.ContextLoader] ServletWebServerApplicationContext.java:284 - Root WebApplicationContext: initialization completed in 7443 ms
2019-11-26 19:37:16,587 [main] WARN  [com.netflix.config.sources.URLConfigurationSource] URLConfigurationSource.java:121 - No URLs will be polled as dynamic configuration sources.
2019-11-26 19:37:16,588 [main] INFO  [com.netflix.config.sources.URLConfigurationSource] URLConfigurationSource.java:122 - To enable URLs as dynamic configuration sources, define System property archaius.configurationSource.additionalUrls or make config.properties available on classpath.
2019-11-26 19:37:16,642 [main] INFO  [com.netflix.config.DynamicPropertyFactory] DynamicPropertyFactory.java:281 - DynamicPropertyFactory is initialized with configuration sources: com.netflix.config.ConcurrentCompositeConfiguration@60e47aab
2019-11-26 19:37:19,539 [main] INFO  [o.s.scheduling.concurrent.ThreadPoolTaskScheduler] ExecutorConfigurationSupport.java:171 - Initializing ExecutorService 'taskScheduler'
2019-11-26 19:37:20,628 [main] INFO  [o.s.b.a.endpoint.web.ServletEndpointRegistrar] ServletEndpointRegistrar.java:74 - Registered '/actuator/jolokia' to jolokia-actuator-endpoint
2019-11-26 19:37:21,849 [main] INFO  [o.s.security.web.DefaultSecurityFilterChain] DefaultSecurityFilterChain.java:43 - Creating filter chain: any request, [org.springframework.security.web.context.request.async.WebAsyncManagerIntegrationFilter@67216c33, org.springframework.security.web.context.SecurityContextPersistenceFilter@6f6c6c70, org.springframework.security.web.header.HeaderWriterFilter@5b2ade46, org.springframework.security.web.authentication.logout.LogoutFilter@41433530, org.springframework.security.web.authentication.www.BasicAuthenticationFilter@41e76252, org.springframework.security.web.savedrequest.RequestCacheAwareFilter@36e98434, org.springframework.security.web.servletapi.SecurityContextHolderAwareRequestFilter@43b7bd5a, org.springframework.security.web.authentication.AnonymousAuthenticationFilter@6ec77cab, org.springframework.security.web.session.SessionManagementFilter@4b4bc73d, org.springframework.security.web.access.ExceptionTranslationFilter@662061e3, org.springframework.security.web.access.intercept.FilterSecurityInterceptor@1ae23815]
2019-11-26 19:37:21,897 [main] WARN  [com.netflix.config.sources.URLConfigurationSource] URLConfigurationSource.java:121 - No URLs will be polled as dynamic configuration sources.
2019-11-26 19:37:21,898 [main] INFO  [com.netflix.config.sources.URLConfigurationSource] URLConfigurationSource.java:122 - To enable URLs as dynamic configuration sources, define System property archaius.configurationSource.additionalUrls or make config.properties available on classpath.
2019-11-26 19:37:22,851 [main] INFO  [o.s.scheduling.concurrent.ThreadPoolTaskExecutor] ExecutorConfigurationSupport.java:171 - Initializing ExecutorService 'applicationTaskExecutor'
2019-11-26 19:37:26,592 [main] INFO  [o.s.cloud.netflix.eureka.InstanceInfoFactory] InstanceInfoFactory.java:72 - Setting initial instance status as: STARTING
2019-11-26 19:37:26,662 [main] INFO  [com.netflix.discovery.DiscoveryClient] DiscoveryClient.java:365 - Initializing Eureka in region us-east-1
2019-11-26 19:37:26,664 [main] INFO  [com.netflix.discovery.DiscoveryClient] DiscoveryClient.java:368 - Client configured to neither register nor query for data.
2019-11-26 19:37:26,706 [main] INFO  [com.netflix.discovery.DiscoveryClient] DiscoveryClient.java:381 - Discovery Client initialized at timestamp 1574768246705 with initial instances count: 0
2019-11-26 19:37:26,817 [main] INFO  [com.netflix.eureka.DefaultEurekaServerContext] DefaultEurekaServerContext.java:63 - Initializing ...
2019-11-26 19:37:26,820 [main] INFO  [com.netflix.eureka.cluster.PeerEurekaNodes] PeerEurekaNodes.java:187 - Adding new peer nodes [http://admin:zhupeng@localhost:9761/eureka/]
2019-11-26 19:37:27,207 [main] INFO  [c.n.discovery.provider.DiscoveryJerseyProvider] DiscoveryJerseyProvider.java:70 - Using JSON encoding codec LegacyJacksonJson
2019-11-26 19:37:27,208 [main] INFO  [c.n.discovery.provider.DiscoveryJerseyProvider] DiscoveryJerseyProvider.java:71 - Using JSON decoding codec LegacyJacksonJson
2019-11-26 19:37:27,208 [main] INFO  [c.n.discovery.provider.DiscoveryJerseyProvider] DiscoveryJerseyProvider.java:80 - Using XML encoding codec XStreamXml
2019-11-26 19:37:27,209 [main] INFO  [c.n.discovery.provider.DiscoveryJerseyProvider] DiscoveryJerseyProvider.java:81 - Using XML decoding codec XStreamXml
2019-11-26 19:37:27,684 [main] INFO  [com.netflix.eureka.cluster.PeerEurekaNodes] PeerEurekaNodes.java:109 - Replica node URL:  http://admin:zhupeng@localhost:9761/eureka/
2019-11-26 19:37:27,709 [main] INFO  [c.netflix.eureka.registry.AbstractInstanceRegistry] AbstractInstanceRegistry.java:151 - Finished initializing remote region registries. All known remote regions: []
2019-11-26 19:37:27,715 [main] INFO  [com.netflix.eureka.DefaultEurekaServerContext] DefaultEurekaServerContext.java:70 - Initialized
2019-11-26 19:37:27,975 [main] INFO  [o.s.b.actuate.endpoint.web.EndpointLinksResolver] EndpointLinksResolver.java:58 - Exposing 25 endpoint(s) beneath base path '/actuator'
2019-11-26 19:37:28,221 [main] INFO  [o.s.c.stream.messaging.DirectWithAttributesChannel] AbstractSubscribableChannel.java:64 - Channel 'register-1.springCloudBusInput' has 1 subscriber(s).
2019-11-26 19:37:28,530 [main] INFO  [o.s.integration.monitor.IntegrationMBeanExporter] IntegrationMBeanExporter.java:767 - Registering MessageChannel springCloudBusInput
2019-11-26 19:37:28,657 [main] INFO  [o.s.integration.monitor.IntegrationMBeanExporter] IntegrationMBeanExporter.java:767 - Registering MessageChannel errorChannel
2019-11-26 19:37:28,738 [main] INFO  [o.s.integration.monitor.IntegrationMBeanExporter] IntegrationMBeanExporter.java:767 - Registering MessageChannel springCloudBusOutput
2019-11-26 19:37:28,750 [main] INFO  [o.s.integration.monitor.IntegrationMBeanExporter] IntegrationMBeanExporter.java:767 - Registering MessageChannel nullChannel
2019-11-26 19:37:28,786 [main] INFO  [o.s.integration.monitor.IntegrationMBeanExporter] IntegrationMBeanExporter.java:785 - Registering MessageHandler errorLogger
2019-11-26 19:37:28,815 [main] INFO  [o.s.integration.monitor.IntegrationMBeanExporter] IntegrationMBeanExporter.java:785 - Registering MessageHandler org.springframework.cloud.stream.binding.StreamListenerMessageHandler@41e156ee
2019-11-26 19:37:28,939 [main] INFO  [o.s.integration.endpoint.EventDrivenConsumer] EventDrivenConsumer.java:107 - Adding {logging-channel-adapter:_org.springframework.integration.errorLogger} as a subscriber to the 'errorChannel' channel
2019-11-26 19:37:28,941 [main] INFO  [o.s.integration.channel.PublishSubscribeChannel] AbstractSubscribableChannel.java:64 - Channel 'register-1.errorChannel' has 1 subscriber(s).
2019-11-26 19:37:28,941 [main] INFO  [o.s.integration.endpoint.EventDrivenConsumer] AbstractEndpoint.java:159 - started _org.springframework.integration.errorLogger
2019-11-26 19:41:37,934 [main] INFO  [c.u.j.c.EnableEncryptablePropertiesConfiguration] EnableEncryptablePropertiesConfiguration.java:69 - Bootstraping jasypt-string-boot auto configuration in context: config-1
2019-11-26 19:41:37,936 [main] INFO  [com.zhupeng.ConfigApplication] SpringApplication.java:648 - No active profile set, falling back to default profiles: default
2019-11-26 19:41:39,503 [main] WARN  [o.springframework.boot.actuate.endpoint.EndpointId] EndpointId.java:131 - Endpoint ID 'bus-env' contains invalid characters, please migrate to a valid format.
2019-11-26 19:41:40,057 [main] WARN  [o.springframework.boot.actuate.endpoint.EndpointId] EndpointId.java:131 - Endpoint ID 'bus-refresh' contains invalid characters, please migrate to a valid format.
2019-11-26 19:41:40,147 [main] WARN  [o.springframework.boot.actuate.endpoint.EndpointId] EndpointId.java:131 - Endpoint ID 'service-registry' contains invalid characters, please migrate to a valid format.
2019-11-26 19:41:41,133 [main] INFO  [o.springframework.cloud.context.scope.GenericScope] GenericScope.java:295 - BeanFactory id=7ea49f95-d0f8-3a10-9e7e-927ef54f3192
2019-11-26 19:41:41,166 [main] INFO  [c.u.j.c.EnableEncryptablePropertiesBeanFactoryPostProcessor] EnableEncryptablePropertiesBeanFactoryPostProcessor.java:50 - Post-processing PropertySource instances
2019-11-26 19:41:41,197 [main] INFO  [c.u.j.EncryptablePropertySourceConverter] EncryptablePropertySourceConverter.java:38 - Converting PropertySource configurationProperties [org.springframework.boot.context.properties.source.ConfigurationPropertySourcesPropertySource] to AOP Proxy
2019-11-26 19:41:41,197 [main] INFO  [c.u.j.EncryptablePropertySourceConverter] EncryptablePropertySourceConverter.java:38 - Converting PropertySource servletConfigInitParams [org.springframework.core.env.PropertySource$StubPropertySource] to EncryptablePropertySourceWrapper
2019-11-26 19:41:41,198 [main] INFO  [c.u.j.EncryptablePropertySourceConverter] EncryptablePropertySourceConverter.java:38 - Converting PropertySource servletContextInitParams [org.springframework.core.env.PropertySource$StubPropertySource] to EncryptablePropertySourceWrapper
2019-11-26 19:41:41,198 [main] INFO  [c.u.j.EncryptablePropertySourceConverter] EncryptablePropertySourceConverter.java:38 - Converting PropertySource systemProperties [org.springframework.core.env.PropertiesPropertySource] to EncryptableMapPropertySourceWrapper
2019-11-26 19:41:41,198 [main] INFO  [c.u.j.EncryptablePropertySourceConverter] EncryptablePropertySourceConverter.java:38 - Converting PropertySource systemEnvironment [org.springframework.boot.env.SystemEnvironmentPropertySourceEnvironmentPostProcessor$OriginAwareSystemEnvironmentPropertySource] to EncryptableMapPropertySourceWrapper
2019-11-26 19:41:41,198 [main] INFO  [c.u.j.EncryptablePropertySourceConverter] EncryptablePropertySourceConverter.java:38 - Converting PropertySource random [org.springframework.boot.env.RandomValuePropertySource] to EncryptablePropertySourceWrapper
2019-11-26 19:41:41,199 [main] INFO  [c.u.j.EncryptablePropertySourceConverter] EncryptablePropertySourceConverter.java:38 - Converting PropertySource configServerClient [org.springframework.core.env.MapPropertySource] to EncryptableMapPropertySourceWrapper
2019-11-26 19:41:41,199 [main] INFO  [c.u.j.EncryptablePropertySourceConverter] EncryptablePropertySourceConverter.java:38 - Converting PropertySource springCloudClientHostInfo [org.springframework.core.env.MapPropertySource] to EncryptableMapPropertySourceWrapper
2019-11-26 19:41:41,199 [main] INFO  [c.u.j.EncryptablePropertySourceConverter] EncryptablePropertySourceConverter.java:38 - Converting PropertySource defaultProperties [org.springframework.core.env.MapPropertySource] to EncryptableMapPropertySourceWrapper
2019-11-26 19:41:41,206 [main] INFO  [o.s.i.c.DefaultConfiguringBeanFactoryPostProcessor] DefaultConfiguringBeanFactoryPostProcessor.java:193 - No bean named 'errorChannel' has been explicitly defined. Therefore, a default PublishSubscribeChannel will be created.
2019-11-26 19:41:41,215 [main] INFO  [o.s.i.c.DefaultConfiguringBeanFactoryPostProcessor] DefaultConfiguringBeanFactoryPostProcessor.java:280 - No bean named 'taskScheduler' has been explicitly defined. Therefore, a default ThreadPoolTaskScheduler will be created.
2019-11-26 19:41:41,223 [main] INFO  [o.s.i.c.DefaultConfiguringBeanFactoryPostProcessor] DefaultConfiguringBeanFactoryPostProcessor.java:431 - No bean named 'integrationHeaderChannelRegistry' has been explicitly defined. Therefore, a default DefaultHeaderChannelRegistry will be created.
2019-11-26 19:41:41,264 [main] INFO  [c.u.j.filter.DefaultLazyPropertyFilter] DefaultLazyPropertyFilter.java:31 - Property Filter custom Bean not found with name 'encryptablePropertyFilter'. Initializing Default Property Filter
2019-11-26 19:41:41,901 [main] INFO  [o.s.c.s.PostProcessorRegistrationDelegate$BeanPostProcessorChecker] PostProcessorRegistrationDelegate.java:330 - Bean 'integrationDisposableAutoCreatedBeans' of type [org.springframework.integration.config.annotation.Disposables] is not eligible for getting processed by all BeanPostProcessors (for example: not eligible for auto-proxying)
2019-11-26 19:41:42,014 [main] INFO  [o.s.c.s.PostProcessorRegistrationDelegate$BeanPostProcessorChecker] PostProcessorRegistrationDelegate.java:330 - Bean 'org.springframework.integration.config.IntegrationManagementConfiguration' of type [org.springframework.integration.config.IntegrationManagementConfiguration$$EnhancerBySpringCGLIB$$de9c5f5d] is not eligible for getting processed by all BeanPostProcessors (for example: not eligible for auto-proxying)
2019-11-26 19:41:42,067 [main] INFO  [o.s.c.s.PostProcessorRegistrationDelegate$BeanPostProcessorChecker] PostProcessorRegistrationDelegate.java:330 - Bean 'org.springframework.boot.autoconfigure.integration.IntegrationAutoConfiguration$IntegrationJmxConfiguration' of type [org.springframework.boot.autoconfigure.integration.IntegrationAutoConfiguration$IntegrationJmxConfiguration$$EnhancerBySpringCGLIB$$ba2e6a7d] is not eligible for getting processed by all BeanPostProcessors (for example: not eligible for auto-proxying)
2019-11-26 19:41:42,094 [main] INFO  [o.s.c.s.PostProcessorRegistrationDelegate$BeanPostProcessorChecker] PostProcessorRegistrationDelegate.java:330 - Bean 'org.springframework.boot.autoconfigure.jmx.JmxAutoConfiguration' of type [org.springframework.boot.autoconfigure.jmx.JmxAutoConfiguration$$EnhancerBySpringCGLIB$$f316134a] is not eligible for getting processed by all BeanPostProcessors (for example: not eligible for auto-proxying)
2019-11-26 19:41:42,176 [main] INFO  [o.s.c.s.PostProcessorRegistrationDelegate$BeanPostProcessorChecker] PostProcessorRegistrationDelegate.java:330 - Bean 'mbeanServer' of type [com.sun.jmx.mbeanserver.JmxMBeanServer] is not eligible for getting processed by all BeanPostProcessors (for example: not eligible for auto-proxying)
2019-11-26 19:41:42,259 [main] INFO  [o.s.c.s.PostProcessorRegistrationDelegate$BeanPostProcessorChecker] PostProcessorRegistrationDelegate.java:330 - Bean 'org.springframework.cloud.autoconfigure.ConfigurationPropertiesRebinderAutoConfiguration' of type [org.springframework.cloud.autoconfigure.ConfigurationPropertiesRebinderAutoConfiguration$$EnhancerBySpringCGLIB$$8fc4a72b] is not eligible for getting processed by all BeanPostProcessors (for example: not eligible for auto-proxying)
2019-11-26 19:41:43,453 [main] WARN  [io.undertow.websockets.jsr] Bootstrap.java:68 - UT026010: Buffer pool was not set on WebSocketDeploymentInfo, the default pool will be used
2019-11-26 19:41:43,496 [main] INFO  [io.undertow.servlet] ServletContextImpl.java:364 - Initializing Spring embedded WebApplicationContext
2019-11-26 19:41:43,497 [main] INFO  [org.springframework.web.context.ContextLoader] ServletWebServerApplicationContext.java:284 - Root WebApplicationContext: initialization completed in 5457 ms
2019-11-26 19:41:44,055 [main] WARN  [com.netflix.config.sources.URLConfigurationSource] URLConfigurationSource.java:121 - No URLs will be polled as dynamic configuration sources.
2019-11-26 19:41:44,055 [main] INFO  [com.netflix.config.sources.URLConfigurationSource] URLConfigurationSource.java:122 - To enable URLs as dynamic configuration sources, define System property archaius.configurationSource.additionalUrls or make config.properties available on classpath.
2019-11-26 19:41:44,106 [main] INFO  [com.netflix.config.DynamicPropertyFactory] DynamicPropertyFactory.java:281 - DynamicPropertyFactory is initialized with configuration sources: com.netflix.config.ConcurrentCompositeConfiguration@7a7f9d45
2019-11-26 19:41:44,575 [main] INFO  [c.u.j.resolver.DefaultLazyPropertyResolver] DefaultLazyPropertyResolver.java:31 - Property Resolver custom Bean not found with name 'encryptablePropertyResolver'. Initializing Default Property Resolver
2019-11-26 19:41:44,576 [main] INFO  [c.u.j.detector.DefaultLazyPropertyDetector] DefaultLazyPropertyDetector.java:30 - Property Detector custom Bean not found with name 'encryptablePropertyDetector'. Initializing Default Property Detector
2019-11-26 19:41:47,603 [main] INFO  [o.s.scheduling.concurrent.ThreadPoolTaskScheduler] ExecutorConfigurationSupport.java:171 - Initializing ExecutorService 'taskScheduler'
2019-11-26 19:41:48,455 [main] INFO  [o.s.b.a.endpoint.web.ServletEndpointRegistrar] ServletEndpointRegistrar.java:74 - Registered '/actuator/jolokia' to jolokia-actuator-endpoint
2019-11-26 19:41:48,598 [main] WARN  [com.netflix.config.sources.URLConfigurationSource] URLConfigurationSource.java:121 - No URLs will be polled as dynamic configuration sources.
2019-11-26 19:41:48,599 [main] INFO  [com.netflix.config.sources.URLConfigurationSource] URLConfigurationSource.java:122 - To enable URLs as dynamic configuration sources, define System property archaius.configurationSource.additionalUrls or make config.properties available on classpath.
2019-11-26 19:41:49,296 [main] INFO  [o.s.scheduling.concurrent.ThreadPoolTaskExecutor] ExecutorConfigurationSupport.java:171 - Initializing ExecutorService 'applicationTaskExecutor'
2019-11-26 19:41:52,134 [main] INFO  [o.s.b.actuate.endpoint.web.EndpointLinksResolver] EndpointLinksResolver.java:58 - Exposing 25 endpoint(s) beneath base path '/actuator'
2019-11-26 19:41:52,320 [main] INFO  [o.s.c.stream.messaging.DirectWithAttributesChannel] AbstractSubscribableChannel.java:64 - Channel 'config-1.springCloudBusInput' has 1 subscriber(s).
2019-11-26 19:41:52,568 [main] INFO  [o.s.integration.monitor.IntegrationMBeanExporter] IntegrationMBeanExporter.java:767 - Registering MessageChannel springCloudBusOutput
2019-11-26 19:41:52,689 [main] INFO  [o.s.integration.monitor.IntegrationMBeanExporter] IntegrationMBeanExporter.java:767 - Registering MessageChannel errorChannel
2019-11-26 19:41:52,773 [main] INFO  [o.s.integration.monitor.IntegrationMBeanExporter] IntegrationMBeanExporter.java:767 - Registering MessageChannel springCloudBusInput
2019-11-26 19:41:52,785 [main] INFO  [o.s.integration.monitor.IntegrationMBeanExporter] IntegrationMBeanExporter.java:767 - Registering MessageChannel nullChannel
2019-11-26 19:41:52,820 [main] INFO  [o.s.integration.monitor.IntegrationMBeanExporter] IntegrationMBeanExporter.java:785 - Registering MessageHandler errorLogger
2019-11-26 19:41:52,853 [main] INFO  [o.s.integration.monitor.IntegrationMBeanExporter] IntegrationMBeanExporter.java:785 - Registering MessageHandler org.springframework.cloud.stream.binding.StreamListenerMessageHandler@5220e6ff
2019-11-26 19:41:52,998 [main] INFO  [o.s.integration.endpoint.EventDrivenConsumer] EventDrivenConsumer.java:107 - Adding {logging-channel-adapter:_org.springframework.integration.errorLogger} as a subscriber to the 'errorChannel' channel
2019-11-26 19:41:52,998 [main] INFO  [o.s.integration.channel.PublishSubscribeChannel] AbstractSubscribableChannel.java:64 - Channel 'config-1.errorChannel' has 1 subscriber(s).
2019-11-26 19:41:52,999 [main] INFO  [o.s.integration.endpoint.EventDrivenConsumer] AbstractEndpoint.java:159 - started _org.springframework.integration.errorLogger
2019-11-26 19:42:50,713 [main] INFO  [o.s.c.c.client.ConfigServicePropertySourceLocator] ConfigServicePropertySourceLocator.java:207 - Fetching config from server at : http://10.12.14.163:9762/
2019-11-26 19:43:06,659 [main] INFO  [o.s.c.c.client.ConfigServicePropertySourceLocator] ConfigServicePropertySourceLocator.java:151 - Located environment: name=main-mobile, profiles=[dev], label=master, version=1fb9acbab9e697d03859b9dc39df9163da31475e, state=null
2019-11-26 19:43:06,660 [main] INFO  [o.s.c.b.c.PropertySourceBootstrapConfiguration] PropertySourceBootstrapConfiguration.java:101 - Located property source: CompositePropertySource {name='configService', propertySources=[MapPropertySource {name='configClient'}, MapPropertySource {name='https://github.com/zhupgithub/springcloud/file:/D:/workspace/myfile/GIT/springcloud/temp/git-config/main-mobile-dev.yml'}, MapPropertySource {name='https://github.com/zhupgithub/springcloud/file:/D:/workspace/myfile/GIT/springcloud/temp/git-config/application-dev.yml'}]}
2019-11-26 19:57:28,006 [main] INFO  [c.u.j.c.EnableEncryptablePropertiesConfiguration] EnableEncryptablePropertiesConfiguration.java:69 - Bootstraping jasypt-string-boot auto configuration in context: config-1
2019-11-26 19:57:28,010 [main] INFO  [com.zhupeng.ConfigApplication] SpringApplication.java:648 - No active profile set, falling back to default profiles: default
2019-11-26 19:57:29,356 [main] WARN  [o.springframework.boot.actuate.endpoint.EndpointId] EndpointId.java:131 - Endpoint ID 'bus-env' contains invalid characters, please migrate to a valid format.
2019-11-26 19:57:29,880 [main] WARN  [o.springframework.boot.actuate.endpoint.EndpointId] EndpointId.java:131 - Endpoint ID 'bus-refresh' contains invalid characters, please migrate to a valid format.
2019-11-26 19:57:29,978 [main] WARN  [o.springframework.boot.actuate.endpoint.EndpointId] EndpointId.java:131 - Endpoint ID 'service-registry' contains invalid characters, please migrate to a valid format.
2019-11-26 19:57:31,178 [main] INFO  [o.springframework.cloud.context.scope.GenericScope] GenericScope.java:295 - BeanFactory id=7ea49f95-d0f8-3a10-9e7e-927ef54f3192
2019-11-26 19:57:31,226 [main] INFO  [c.u.j.c.EnableEncryptablePropertiesBeanFactoryPostProcessor] EnableEncryptablePropertiesBeanFactoryPostProcessor.java:50 - Post-processing PropertySource instances
2019-11-26 19:57:31,255 [main] INFO  [c.u.j.EncryptablePropertySourceConverter] EncryptablePropertySourceConverter.java:38 - Converting PropertySource configurationProperties [org.springframework.boot.context.properties.source.ConfigurationPropertySourcesPropertySource] to AOP Proxy
2019-11-26 19:57:31,256 [main] INFO  [c.u.j.EncryptablePropertySourceConverter] EncryptablePropertySourceConverter.java:38 - Converting PropertySource servletConfigInitParams [org.springframework.core.env.PropertySource$StubPropertySource] to EncryptablePropertySourceWrapper
2019-11-26 19:57:31,256 [main] INFO  [c.u.j.EncryptablePropertySourceConverter] EncryptablePropertySourceConverter.java:38 - Converting PropertySource servletContextInitParams [org.springframework.core.env.PropertySource$StubPropertySource] to EncryptablePropertySourceWrapper
2019-11-26 19:57:31,256 [main] INFO  [c.u.j.EncryptablePropertySourceConverter] EncryptablePropertySourceConverter.java:38 - Converting PropertySource systemProperties [org.springframework.core.env.PropertiesPropertySource] to EncryptableMapPropertySourceWrapper
2019-11-26 19:57:31,256 [main] INFO  [c.u.j.EncryptablePropertySourceConverter] EncryptablePropertySourceConverter.java:38 - Converting PropertySource systemEnvironment [org.springframework.boot.env.SystemEnvironmentPropertySourceEnvironmentPostProcessor$OriginAwareSystemEnvironmentPropertySource] to EncryptableMapPropertySourceWrapper
2019-11-26 19:57:31,257 [main] INFO  [c.u.j.EncryptablePropertySourceConverter] EncryptablePropertySourceConverter.java:38 - Converting PropertySource random [org.springframework.boot.env.RandomValuePropertySource] to EncryptablePropertySourceWrapper
2019-11-26 19:57:31,257 [main] INFO  [c.u.j.EncryptablePropertySourceConverter] EncryptablePropertySourceConverter.java:38 - Converting PropertySource configServerClient [org.springframework.core.env.MapPropertySource] to EncryptableMapPropertySourceWrapper
2019-11-26 19:57:31,257 [main] INFO  [c.u.j.EncryptablePropertySourceConverter] EncryptablePropertySourceConverter.java:38 - Converting PropertySource springCloudClientHostInfo [org.springframework.core.env.MapPropertySource] to EncryptableMapPropertySourceWrapper
2019-11-26 19:57:31,257 [main] INFO  [c.u.j.EncryptablePropertySourceConverter] EncryptablePropertySourceConverter.java:38 - Converting PropertySource defaultProperties [org.springframework.core.env.MapPropertySource] to EncryptableMapPropertySourceWrapper
2019-11-26 19:57:31,265 [main] INFO  [o.s.i.c.DefaultConfiguringBeanFactoryPostProcessor] DefaultConfiguringBeanFactoryPostProcessor.java:193 - No bean named 'errorChannel' has been explicitly defined. Therefore, a default PublishSubscribeChannel will be created.
2019-11-26 19:57:31,273 [main] INFO  [o.s.i.c.DefaultConfiguringBeanFactoryPostProcessor] DefaultConfiguringBeanFactoryPostProcessor.java:280 - No bean named 'taskScheduler' has been explicitly defined. Therefore, a default ThreadPoolTaskScheduler will be created.
2019-11-26 19:57:31,282 [main] INFO  [o.s.i.c.DefaultConfiguringBeanFactoryPostProcessor] DefaultConfiguringBeanFactoryPostProcessor.java:431 - No bean named 'integrationHeaderChannelRegistry' has been explicitly defined. Therefore, a default DefaultHeaderChannelRegistry will be created.
2019-11-26 19:57:31,316 [main] INFO  [c.u.j.filter.DefaultLazyPropertyFilter] DefaultLazyPropertyFilter.java:31 - Property Filter custom Bean not found with name 'encryptablePropertyFilter'. Initializing Default Property Filter
2019-11-26 19:57:31,836 [main] INFO  [o.s.c.s.PostProcessorRegistrationDelegate$BeanPostProcessorChecker] PostProcessorRegistrationDelegate.java:330 - Bean 'integrationDisposableAutoCreatedBeans' of type [org.springframework.integration.config.annotation.Disposables] is not eligible for getting processed by all BeanPostProcessors (for example: not eligible for auto-proxying)
2019-11-26 19:57:31,941 [main] INFO  [o.s.c.s.PostProcessorRegistrationDelegate$BeanPostProcessorChecker] PostProcessorRegistrationDelegate.java:330 - Bean 'org.springframework.integration.config.IntegrationManagementConfiguration' of type [org.springframework.integration.config.IntegrationManagementConfiguration$$EnhancerBySpringCGLIB$$19dfa8da] is not eligible for getting processed by all BeanPostProcessors (for example: not eligible for auto-proxying)
2019-11-26 19:57:31,987 [main] INFO  [o.s.c.s.PostProcessorRegistrationDelegate$BeanPostProcessorChecker] PostProcessorRegistrationDelegate.java:330 - Bean 'org.springframework.boot.autoconfigure.integration.IntegrationAutoConfiguration$IntegrationJmxConfiguration' of type [org.springframework.boot.autoconfigure.integration.IntegrationAutoConfiguration$IntegrationJmxConfiguration$$EnhancerBySpringCGLIB$$f571b3fa] is not eligible for getting processed by all BeanPostProcessors (for example: not eligible for auto-proxying)
2019-11-26 19:57:32,014 [main] INFO  [o.s.c.s.PostProcessorRegistrationDelegate$BeanPostProcessorChecker] PostProcessorRegistrationDelegate.java:330 - Bean 'org.springframework.boot.autoconfigure.jmx.JmxAutoConfiguration' of type [org.springframework.boot.autoconfigure.jmx.JmxAutoConfiguration$$EnhancerBySpringCGLIB$$2e595cc7] is not eligible for getting processed by all BeanPostProcessors (for example: not eligible for auto-proxying)
2019-11-26 19:57:32,130 [main] INFO  [o.s.c.s.PostProcessorRegistrationDelegate$BeanPostProcessorChecker] PostProcessorRegistrationDelegate.java:330 - Bean 'mbeanServer' of type [com.sun.jmx.mbeanserver.JmxMBeanServer] is not eligible for getting processed by all BeanPostProcessors (for example: not eligible for auto-proxying)
2019-11-26 19:57:32,187 [main] INFO  [o.s.c.s.PostProcessorRegistrationDelegate$BeanPostProcessorChecker] PostProcessorRegistrationDelegate.java:330 - Bean 'org.springframework.cloud.autoconfigure.ConfigurationPropertiesRebinderAutoConfiguration' of type [org.springframework.cloud.autoconfigure.ConfigurationPropertiesRebinderAutoConfiguration$$EnhancerBySpringCGLIB$$cb07f0a8] is not eligible for getting processed by all BeanPostProcessors (for example: not eligible for auto-proxying)
2019-11-26 19:57:33,202 [main] WARN  [io.undertow.websockets.jsr] Bootstrap.java:68 - UT026010: Buffer pool was not set on WebSocketDeploymentInfo, the default pool will be used
2019-11-26 19:57:33,240 [main] INFO  [io.undertow.servlet] ServletContextImpl.java:364 - Initializing Spring embedded WebApplicationContext
2019-11-26 19:57:33,241 [main] INFO  [org.springframework.web.context.ContextLoader] ServletWebServerApplicationContext.java:284 - Root WebApplicationContext: initialization completed in 5197 ms
2019-11-26 19:57:33,562 [main] WARN  [com.netflix.config.sources.URLConfigurationSource] URLConfigurationSource.java:121 - No URLs will be polled as dynamic configuration sources.
2019-11-26 19:57:33,563 [main] INFO  [com.netflix.config.sources.URLConfigurationSource] URLConfigurationSource.java:122 - To enable URLs as dynamic configuration sources, define System property archaius.configurationSource.additionalUrls or make config.properties available on classpath.
2019-11-26 19:57:33,590 [main] INFO  [com.netflix.config.DynamicPropertyFactory] DynamicPropertyFactory.java:281 - DynamicPropertyFactory is initialized with configuration sources: com.netflix.config.ConcurrentCompositeConfiguration@5534e6f1
2019-11-26 19:57:33,863 [main] INFO  [c.u.j.resolver.DefaultLazyPropertyResolver] DefaultLazyPropertyResolver.java:31 - Property Resolver custom Bean not found with name 'encryptablePropertyResolver'. Initializing Default Property Resolver
2019-11-26 19:57:33,864 [main] INFO  [c.u.j.detector.DefaultLazyPropertyDetector] DefaultLazyPropertyDetector.java:30 - Property Detector custom Bean not found with name 'encryptablePropertyDetector'. Initializing Default Property Detector
2019-11-26 19:57:36,594 [main] INFO  [o.s.scheduling.concurrent.ThreadPoolTaskScheduler] ExecutorConfigurationSupport.java:171 - Initializing ExecutorService 'taskScheduler'
2019-11-26 19:57:37,379 [main] INFO  [o.s.b.a.endpoint.web.ServletEndpointRegistrar] ServletEndpointRegistrar.java:74 - Registered '/actuator/jolokia' to jolokia-actuator-endpoint
2019-11-26 19:57:37,550 [main] WARN  [com.netflix.config.sources.URLConfigurationSource] URLConfigurationSource.java:121 - No URLs will be polled as dynamic configuration sources.
2019-11-26 19:57:37,551 [main] INFO  [com.netflix.config.sources.URLConfigurationSource] URLConfigurationSource.java:122 - To enable URLs as dynamic configuration sources, define System property archaius.configurationSource.additionalUrls or make config.properties available on classpath.
2019-11-26 19:57:38,250 [main] INFO  [o.s.scheduling.concurrent.ThreadPoolTaskExecutor] ExecutorConfigurationSupport.java:171 - Initializing ExecutorService 'applicationTaskExecutor'
2019-11-26 19:57:41,357 [main] INFO  [o.s.b.actuate.endpoint.web.EndpointLinksResolver] EndpointLinksResolver.java:58 - Exposing 25 endpoint(s) beneath base path '/actuator'
2019-11-26 19:57:41,565 [main] INFO  [o.s.c.stream.messaging.DirectWithAttributesChannel] AbstractSubscribableChannel.java:64 - Channel 'config-1.springCloudBusInput' has 1 subscriber(s).
2019-11-26 19:57:41,884 [main] INFO  [o.s.integration.monitor.IntegrationMBeanExporter] IntegrationMBeanExporter.java:767 - Registering MessageChannel springCloudBusInput
2019-11-26 19:57:42,005 [main] INFO  [o.s.integration.monitor.IntegrationMBeanExporter] IntegrationMBeanExporter.java:767 - Registering MessageChannel errorChannel
2019-11-26 19:57:42,075 [main] INFO  [o.s.integration.monitor.IntegrationMBeanExporter] IntegrationMBeanExporter.java:767 - Registering MessageChannel nullChannel
2019-11-26 19:57:42,095 [main] INFO  [o.s.integration.monitor.IntegrationMBeanExporter] IntegrationMBeanExporter.java:767 - Registering MessageChannel springCloudBusOutput
2019-11-26 19:57:42,125 [main] INFO  [o.s.integration.monitor.IntegrationMBeanExporter] IntegrationMBeanExporter.java:785 - Registering MessageHandler errorLogger
2019-11-26 19:57:42,158 [main] INFO  [o.s.integration.monitor.IntegrationMBeanExporter] IntegrationMBeanExporter.java:785 - Registering MessageHandler org.springframework.cloud.stream.binding.StreamListenerMessageHandler@33a39d7e
2019-11-26 19:57:42,301 [main] INFO  [o.s.integration.endpoint.EventDrivenConsumer] EventDrivenConsumer.java:107 - Adding {logging-channel-adapter:_org.springframework.integration.errorLogger} as a subscriber to the 'errorChannel' channel
2019-11-26 19:57:42,302 [main] INFO  [o.s.integration.channel.PublishSubscribeChannel] AbstractSubscribableChannel.java:64 - Channel 'config-1.errorChannel' has 1 subscriber(s).
2019-11-26 19:57:42,302 [main] INFO  [o.s.integration.endpoint.EventDrivenConsumer] AbstractEndpoint.java:159 - started _org.springframework.integration.errorLogger
2019-11-26 19:58:08,658 [main] INFO  [o.s.c.c.client.ConfigServicePropertySourceLocator] ConfigServicePropertySourceLocator.java:207 - Fetching config from server at : http://10.12.14.163:9762/
2019-11-26 19:58:12,775 [main] INFO  [o.s.c.c.client.ConfigServicePropertySourceLocator] ConfigServicePropertySourceLocator.java:151 - Located environment: name=main-mobile, profiles=[dev], label=master, version=2c951afa79286e47babebe0295adf9540799e0ff, state=null
2019-11-26 19:58:12,776 [main] INFO  [o.s.c.b.c.PropertySourceBootstrapConfiguration] PropertySourceBootstrapConfiguration.java:101 - Located property source: CompositePropertySource {name='configService', propertySources=[MapPropertySource {name='configClient'}, MapPropertySource {name='https://github.com/zhupgithub/springcloud/file:/D:/workspace/myfile/GIT/springcloud/temp/git-config/main-mobile-dev.yml'}, MapPropertySource {name='https://github.com/zhupgithub/springcloud/file:/D:/workspace/myfile/GIT/springcloud/temp/git-config/application-dev.yml'}]}
2019-11-26 20:09:09,729 [main] INFO  [o.s.c.c.client.ConfigServicePropertySourceLocator] ConfigServicePropertySourceLocator.java:207 - Fetching config from server at : http://10.12.14.163:9762/
2019-11-26 20:09:13,591 [main] INFO  [o.s.c.c.client.ConfigServicePropertySourceLocator] ConfigServicePropertySourceLocator.java:151 - Located environment: name=main-mobile, profiles=[dev], label=master, version=b05cbbca24959f014cde3a3dab41579012df47b7, state=null
2019-11-26 20:09:13,591 [main] INFO  [o.s.c.b.c.PropertySourceBootstrapConfiguration] PropertySourceBootstrapConfiguration.java:101 - Located property source: CompositePropertySource {name='configService', propertySources=[MapPropertySource {name='configClient'}, MapPropertySource {name='https://github.com/zhupgithub/springcloud/file:/D:/workspace/myfile/GIT/springcloud/temp/git-config/main-mobile-dev.yml'}, MapPropertySource {name='https://github.com/zhupgithub/springcloud/file:/D:/workspace/myfile/GIT/springcloud/temp/git-config/application-dev.yml'}]}
2019-11-26 20:22:54,647 [main] INFO  [o.s.c.c.client.ConfigServicePropertySourceLocator] ConfigServicePropertySourceLocator.java:207 - Fetching config from server at : http://10.12.14.163:9762/
2019-11-26 20:22:56,605 [main] INFO  [o.s.c.c.client.ConfigServicePropertySourceLocator] ConfigServicePropertySourceLocator.java:151 - Located environment: name=main-mobile, profiles=[dev], label=master, version=aa3c12dbbd8e2cc199e63a7c6b074a3aef804820, state=null
2019-11-26 20:22:56,605 [main] INFO  [o.s.c.b.c.PropertySourceBootstrapConfiguration] PropertySourceBootstrapConfiguration.java:101 - Located property source: CompositePropertySource {name='configService', propertySources=[MapPropertySource {name='configClient'}, MapPropertySource {name='https://github.com/zhupgithub/springcloud/file:/D:/workspace/myfile/GIT/springcloud/temp/git-config/main-mobile-dev.yml'}, MapPropertySource {name='https://github.com/zhupgithub/springcloud/file:/D:/workspace/myfile/GIT/springcloud/temp/git-config/application-dev.yml'}]}
2019-11-26 20:24:29,084 [main] INFO  [o.s.c.c.client.ConfigServicePropertySourceLocator] ConfigServicePropertySourceLocator.java:207 - Fetching config from server at : http://10.12.14.163:9762/
2019-11-26 20:24:34,070 [main] INFO  [o.s.c.c.client.ConfigServicePropertySourceLocator] ConfigServicePropertySourceLocator.java:151 - Located environment: name=main-mobile, profiles=[dev], label=master, version=069d19bb5e255fa346c969faf538491959b873d2, state=null
2019-11-26 20:24:34,070 [main] INFO  [o.s.c.b.c.PropertySourceBootstrapConfiguration] PropertySourceBootstrapConfiguration.java:101 - Located property source: CompositePropertySource {name='configService', propertySources=[MapPropertySource {name='configClient'}, MapPropertySource {name='https://github.com/zhupgithub/springcloud/file:/D:/workspace/myfile/GIT/springcloud/temp/git-config/main-mobile-dev.yml'}, MapPropertySource {name='https://github.com/zhupgithub/springcloud/file:/D:/workspace/myfile/GIT/springcloud/temp/git-config/application-dev.yml'}]}
2019-11-26 21:00:28,674 [main] INFO  [c.u.j.c.EnableEncryptablePropertiesConfiguration] EnableEncryptablePropertiesConfiguration.java:69 - Bootstraping jasypt-string-boot auto configuration in context: config-1
2019-11-26 21:00:28,675 [main] INFO  [com.zhupeng.ConfigApplication] SpringApplication.java:648 - No active profile set, falling back to default profiles: default
2019-11-26 21:00:30,185 [main] WARN  [o.springframework.boot.actuate.endpoint.EndpointId] EndpointId.java:131 - Endpoint ID 'bus-env' contains invalid characters, please migrate to a valid format.
2019-11-26 21:00:30,990 [main] WARN  [o.springframework.boot.actuate.endpoint.EndpointId] EndpointId.java:131 - Endpoint ID 'bus-refresh' contains invalid characters, please migrate to a valid format.
2019-11-26 21:00:31,120 [main] WARN  [o.springframework.boot.actuate.endpoint.EndpointId] EndpointId.java:131 - Endpoint ID 'service-registry' contains invalid characters, please migrate to a valid format.
2019-11-26 21:00:32,807 [main] INFO  [o.springframework.cloud.context.scope.GenericScope] GenericScope.java:295 - BeanFactory id=7ea49f95-d0f8-3a10-9e7e-927ef54f3192
2019-11-26 21:00:32,876 [main] INFO  [c.u.j.c.EnableEncryptablePropertiesBeanFactoryPostProcessor] EnableEncryptablePropertiesBeanFactoryPostProcessor.java:50 - Post-processing PropertySource instances
2019-11-26 21:00:32,904 [main] INFO  [c.u.j.EncryptablePropertySourceConverter] EncryptablePropertySourceConverter.java:38 - Converting PropertySource configurationProperties [org.springframework.boot.context.properties.source.ConfigurationPropertySourcesPropertySource] to AOP Proxy
2019-11-26 21:00:32,905 [main] INFO  [c.u.j.EncryptablePropertySourceConverter] EncryptablePropertySourceConverter.java:38 - Converting PropertySource servletConfigInitParams [org.springframework.core.env.PropertySource$StubPropertySource] to EncryptablePropertySourceWrapper
2019-11-26 21:00:32,905 [main] INFO  [c.u.j.EncryptablePropertySourceConverter] EncryptablePropertySourceConverter.java:38 - Converting PropertySource servletContextInitParams [org.springframework.core.env.PropertySource$StubPropertySource] to EncryptablePropertySourceWrapper
2019-11-26 21:00:32,906 [main] INFO  [c.u.j.EncryptablePropertySourceConverter] EncryptablePropertySourceConverter.java:38 - Converting PropertySource systemProperties [org.springframework.core.env.PropertiesPropertySource] to EncryptableMapPropertySourceWrapper
2019-11-26 21:00:32,906 [main] INFO  [c.u.j.EncryptablePropertySourceConverter] EncryptablePropertySourceConverter.java:38 - Converting PropertySource systemEnvironment [org.springframework.boot.env.SystemEnvironmentPropertySourceEnvironmentPostProcessor$OriginAwareSystemEnvironmentPropertySource] to EncryptableMapPropertySourceWrapper
2019-11-26 21:00:32,907 [main] INFO  [c.u.j.EncryptablePropertySourceConverter] EncryptablePropertySourceConverter.java:38 - Converting PropertySource random [org.springframework.boot.env.RandomValuePropertySource] to EncryptablePropertySourceWrapper
2019-11-26 21:00:32,912 [main] INFO  [c.u.j.EncryptablePropertySourceConverter] EncryptablePropertySourceConverter.java:38 - Converting PropertySource configServerClient [org.springframework.core.env.MapPropertySource] to EncryptableMapPropertySourceWrapper
2019-11-26 21:00:32,912 [main] INFO  [c.u.j.EncryptablePropertySourceConverter] EncryptablePropertySourceConverter.java:38 - Converting PropertySource springCloudClientHostInfo [org.springframework.core.env.MapPropertySource] to EncryptableMapPropertySourceWrapper
2019-11-26 21:00:32,912 [main] INFO  [c.u.j.EncryptablePropertySourceConverter] EncryptablePropertySourceConverter.java:38 - Converting PropertySource defaultProperties [org.springframework.core.env.MapPropertySource] to EncryptableMapPropertySourceWrapper
2019-11-26 21:00:32,918 [main] INFO  [o.s.i.c.DefaultConfiguringBeanFactoryPostProcessor] DefaultConfiguringBeanFactoryPostProcessor.java:193 - No bean named 'errorChannel' has been explicitly defined. Therefore, a default PublishSubscribeChannel will be created.
2019-11-26 21:00:32,925 [main] INFO  [o.s.i.c.DefaultConfiguringBeanFactoryPostProcessor] DefaultConfiguringBeanFactoryPostProcessor.java:280 - No bean named 'taskScheduler' has been explicitly defined. Therefore, a default ThreadPoolTaskScheduler will be created.
2019-11-26 21:00:32,935 [main] INFO  [o.s.i.c.DefaultConfiguringBeanFactoryPostProcessor] DefaultConfiguringBeanFactoryPostProcessor.java:431 - No bean named 'integrationHeaderChannelRegistry' has been explicitly defined. Therefore, a default DefaultHeaderChannelRegistry will be created.
2019-11-26 21:00:33,005 [main] INFO  [c.u.j.filter.DefaultLazyPropertyFilter] DefaultLazyPropertyFilter.java:31 - Property Filter custom Bean not found with name 'encryptablePropertyFilter'. Initializing Default Property Filter
2019-11-26 21:00:33,610 [main] INFO  [o.s.c.s.PostProcessorRegistrationDelegate$BeanPostProcessorChecker] PostProcessorRegistrationDelegate.java:330 - Bean 'integrationDisposableAutoCreatedBeans' of type [org.springframework.integration.config.annotation.Disposables] is not eligible for getting processed by all BeanPostProcessors (for example: not eligible for auto-proxying)
2019-11-26 21:00:33,755 [main] INFO  [o.s.c.s.PostProcessorRegistrationDelegate$BeanPostProcessorChecker] PostProcessorRegistrationDelegate.java:330 - Bean 'org.springframework.integration.config.IntegrationManagementConfiguration' of type [org.springframework.integration.config.IntegrationManagementConfiguration$$EnhancerBySpringCGLIB$$389c721c] is not eligible for getting processed by all BeanPostProcessors (for example: not eligible for auto-proxying)
2019-11-26 21:00:33,839 [main] INFO  [o.s.c.s.PostProcessorRegistrationDelegate$BeanPostProcessorChecker] PostProcessorRegistrationDelegate.java:330 - Bean 'org.springframework.boot.autoconfigure.integration.IntegrationAutoConfiguration$IntegrationJmxConfiguration' of type [org.springframework.boot.autoconfigure.integration.IntegrationAutoConfiguration$IntegrationJmxConfiguration$$EnhancerBySpringCGLIB$$142e7d3c] is not eligible for getting processed by all BeanPostProcessors (for example: not eligible for auto-proxying)
2019-11-26 21:00:33,863 [main] INFO  [o.s.c.s.PostProcessorRegistrationDelegate$BeanPostProcessorChecker] PostProcessorRegistrationDelegate.java:330 - Bean 'org.springframework.boot.autoconfigure.jmx.JmxAutoConfiguration' of type [org.springframework.boot.autoconfigure.jmx.JmxAutoConfiguration$$EnhancerBySpringCGLIB$$4d162609] is not eligible for getting processed by all BeanPostProcessors (for example: not eligible for auto-proxying)
2019-11-26 21:00:34,121 [main] INFO  [o.s.c.s.PostProcessorRegistrationDelegate$BeanPostProcessorChecker] PostProcessorRegistrationDelegate.java:330 - Bean 'mbeanServer' of type [com.sun.jmx.mbeanserver.JmxMBeanServer] is not eligible for getting processed by all BeanPostProcessors (for example: not eligible for auto-proxying)
2019-11-26 21:00:34,185 [main] INFO  [o.s.c.s.PostProcessorRegistrationDelegate$BeanPostProcessorChecker] PostProcessorRegistrationDelegate.java:330 - Bean 'org.springframework.cloud.autoconfigure.ConfigurationPropertiesRebinderAutoConfiguration' of type [org.springframework.cloud.autoconfigure.ConfigurationPropertiesRebinderAutoConfiguration$$EnhancerBySpringCGLIB$$e9c4b9ea] is not eligible for getting processed by all BeanPostProcessors (for example: not eligible for auto-proxying)
2019-11-26 21:00:35,848 [main] WARN  [io.undertow.websockets.jsr] Bootstrap.java:68 - UT026010: Buffer pool was not set on WebSocketDeploymentInfo, the default pool will be used
2019-11-26 21:00:35,994 [main] INFO  [io.undertow.servlet] ServletContextImpl.java:364 - Initializing Spring embedded WebApplicationContext
2019-11-26 21:00:35,994 [main] INFO  [org.springframework.web.context.ContextLoader] ServletWebServerApplicationContext.java:284 - Root WebApplicationContext: initialization completed in 7289 ms
2019-11-26 21:00:36,859 [main] WARN  [com.netflix.config.sources.URLConfigurationSource] URLConfigurationSource.java:121 - No URLs will be polled as dynamic configuration sources.
2019-11-26 21:00:36,860 [main] INFO  [com.netflix.config.sources.URLConfigurationSource] URLConfigurationSource.java:122 - To enable URLs as dynamic configuration sources, define System property archaius.configurationSource.additionalUrls or make config.properties available on classpath.
2019-11-26 21:00:36,884 [main] INFO  [com.netflix.config.DynamicPropertyFactory] DynamicPropertyFactory.java:281 - DynamicPropertyFactory is initialized with configuration sources: com.netflix.config.ConcurrentCompositeConfiguration@18b3db6e
2019-11-26 21:00:37,101 [main] INFO  [c.u.j.resolver.DefaultLazyPropertyResolver] DefaultLazyPropertyResolver.java:31 - Property Resolver custom Bean not found with name 'encryptablePropertyResolver'. Initializing Default Property Resolver
2019-11-26 21:00:37,103 [main] INFO  [c.u.j.detector.DefaultLazyPropertyDetector] DefaultLazyPropertyDetector.java:30 - Property Detector custom Bean not found with name 'encryptablePropertyDetector'. Initializing Default Property Detector
2019-11-26 21:00:40,498 [main] INFO  [o.s.scheduling.concurrent.ThreadPoolTaskScheduler] ExecutorConfigurationSupport.java:171 - Initializing ExecutorService 'taskScheduler'
2019-11-26 21:00:41,199 [main] INFO  [o.s.b.a.endpoint.web.ServletEndpointRegistrar] ServletEndpointRegistrar.java:74 - Registered '/actuator/jolokia' to jolokia-actuator-endpoint
2019-11-26 21:00:41,324 [main] WARN  [com.netflix.config.sources.URLConfigurationSource] URLConfigurationSource.java:121 - No URLs will be polled as dynamic configuration sources.
2019-11-26 21:00:41,326 [main] INFO  [com.netflix.config.sources.URLConfigurationSource] URLConfigurationSource.java:122 - To enable URLs as dynamic configuration sources, define System property archaius.configurationSource.additionalUrls or make config.properties available on classpath.
2019-11-26 21:00:41,971 [main] INFO  [o.s.scheduling.concurrent.ThreadPoolTaskExecutor] ExecutorConfigurationSupport.java:171 - Initializing ExecutorService 'applicationTaskExecutor'
2019-11-26 21:00:45,066 [main] INFO  [o.s.b.actuate.endpoint.web.EndpointLinksResolver] EndpointLinksResolver.java:58 - Exposing 25 endpoint(s) beneath base path '/actuator'
2019-11-26 21:00:45,255 [main] INFO  [o.s.c.stream.messaging.DirectWithAttributesChannel] AbstractSubscribableChannel.java:64 - Channel 'config-1.springCloudBusInput' has 1 subscriber(s).
2019-11-26 21:00:45,488 [main] INFO  [o.s.integration.monitor.IntegrationMBeanExporter] IntegrationMBeanExporter.java:767 - Registering MessageChannel springCloudBusOutput
2019-11-26 21:00:45,611 [main] INFO  [o.s.integration.monitor.IntegrationMBeanExporter] IntegrationMBeanExporter.java:767 - Registering MessageChannel nullChannel
2019-11-26 21:00:45,640 [main] INFO  [o.s.integration.monitor.IntegrationMBeanExporter] IntegrationMBeanExporter.java:767 - Registering MessageChannel springCloudBusInput
2019-11-26 21:00:45,649 [main] INFO  [o.s.integration.monitor.IntegrationMBeanExporter] IntegrationMBeanExporter.java:767 - Registering MessageChannel errorChannel
2019-11-26 21:00:45,721 [main] INFO  [o.s.integration.monitor.IntegrationMBeanExporter] IntegrationMBeanExporter.java:785 - Registering MessageHandler org.springframework.cloud.stream.binding.StreamListenerMessageHandler@74b13aa
2019-11-26 21:00:45,814 [main] INFO  [o.s.integration.monitor.IntegrationMBeanExporter] IntegrationMBeanExporter.java:785 - Registering MessageHandler errorLogger
2019-11-26 21:00:45,870 [main] INFO  [o.s.integration.endpoint.EventDrivenConsumer] EventDrivenConsumer.java:107 - Adding {logging-channel-adapter:_org.springframework.integration.errorLogger} as a subscriber to the 'errorChannel' channel
2019-11-26 21:00:45,871 [main] INFO  [o.s.integration.channel.PublishSubscribeChannel] AbstractSubscribableChannel.java:64 - Channel 'config-1.errorChannel' has 1 subscriber(s).
2019-11-26 21:00:45,872 [main] INFO  [o.s.integration.endpoint.EventDrivenConsumer] AbstractEndpoint.java:159 - started _org.springframework.integration.errorLogger
2019-11-26 21:01:21,855 [main] INFO  [o.s.c.c.client.ConfigServicePropertySourceLocator] ConfigServicePropertySourceLocator.java:207 - Fetching config from server at : http://10.12.14.163:9762/
2019-11-26 21:01:26,288 [main] INFO  [o.s.c.c.client.ConfigServicePropertySourceLocator] ConfigServicePropertySourceLocator.java:151 - Located environment: name=main-mobile, profiles=[dev], label=master, version=aff2b007b92ac395292ea3f57a649264bdf31528, state=null
2019-11-26 21:01:26,289 [main] INFO  [o.s.c.b.c.PropertySourceBootstrapConfiguration] PropertySourceBootstrapConfiguration.java:101 - Located property source: CompositePropertySource {name='configService', propertySources=[MapPropertySource {name='configClient'}, MapPropertySource {name='https://github.com/zhupgithub/springcloud/file:/D:/workspace/myfile/GIT/springcloud/temp/git-config/main-mobile-dev.yml'}, MapPropertySource {name='https://github.com/zhupgithub/springcloud/file:/D:/workspace/myfile/GIT/springcloud/temp/git-config/application-dev.yml'}]}
2019-11-26 21:06:45,429 [main] INFO  [o.s.c.c.client.ConfigServicePropertySourceLocator] ConfigServicePropertySourceLocator.java:207 - Fetching config from server at : http://10.12.14.163:9762/
2019-11-26 21:06:47,637 [main] INFO  [o.s.c.c.client.ConfigServicePropertySourceLocator] ConfigServicePropertySourceLocator.java:151 - Located environment: name=main-pc, profiles=[dev], label=master, version=3476c584d1bcee6a655ccde5f45b1f6bdbf57d6c, state=null
2019-11-26 21:06:47,638 [main] INFO  [o.s.c.b.c.PropertySourceBootstrapConfiguration] PropertySourceBootstrapConfiguration.java:101 - Located property source: CompositePropertySource {name='configService', propertySources=[MapPropertySource {name='configClient'}, MapPropertySource {name='https://github.com/zhupgithub/springcloud/file:/D:/workspace/myfile/GIT/springcloud/temp/git-config/main-pc-dev.yml'}, MapPropertySource {name='https://github.com/zhupgithub/springcloud/file:/D:/workspace/myfile/GIT/springcloud/temp/git-config/application-dev.yml'}]}
2019-11-26 21:18:53,095 [main] INFO  [o.s.c.c.client.ConfigServicePropertySourceLocator] ConfigServicePropertySourceLocator.java:207 - Fetching config from server at : http://10.12.14.163:9762/
2019-11-26 21:18:55,088 [main] INFO  [o.s.c.c.client.ConfigServicePropertySourceLocator] ConfigServicePropertySourceLocator.java:151 - Located environment: name=main-pc, profiles=[dev], label=master, version=3476c584d1bcee6a655ccde5f45b1f6bdbf57d6c, state=null
2019-11-26 21:18:55,089 [main] INFO  [o.s.c.b.c.PropertySourceBootstrapConfiguration] PropertySourceBootstrapConfiguration.java:101 - Located property source: CompositePropertySource {name='configService', propertySources=[MapPropertySource {name='configClient'}, MapPropertySource {name='https://github.com/zhupgithub/springcloud/file:/D:/workspace/myfile/GIT/springcloud/temp/git-config/main-pc-dev.yml'}, MapPropertySource {name='https://github.com/zhupgithub/springcloud/file:/D:/workspace/myfile/GIT/springcloud/temp/git-config/application-dev.yml'}]}
2019-11-26 21:28:40,851 [main] INFO  [o.s.c.c.client.ConfigServicePropertySourceLocator] ConfigServicePropertySourceLocator.java:207 - Fetching config from server at : http://10.12.14.163:9762/
2019-11-26 21:28:43,491 [main] INFO  [o.s.c.c.client.ConfigServicePropertySourceLocator] ConfigServicePropertySourceLocator.java:151 - Located environment: name=main-pc, profiles=[dev], label=master, version=30b9951ba92943a6f61ea578f74fc1c90f0f5324, state=null
2019-11-26 21:28:43,491 [main] INFO  [o.s.c.b.c.PropertySourceBootstrapConfiguration] PropertySourceBootstrapConfiguration.java:101 - Located property source: CompositePropertySource {name='configService', propertySources=[MapPropertySource {name='configClient'}, MapPropertySource {name='https://github.com/zhupgithub/springcloud/file:/D:/workspace/myfile/GIT/springcloud/temp/git-config/main-pc-dev.yml'}, MapPropertySource {name='https://github.com/zhupgithub/springcloud/file:/D:/workspace/myfile/GIT/springcloud/temp/git-config/application-dev.yml'}]}
